### SYSTEM         = Linux lass 4.14.11realbaseline+ #2 SMP Wed Jan 15 02:52:58 PST 2020 x86_64 x86_64 x86_64 GNU/Linux
### DISK_SIZE      = 32G
### DURATION       = 30s
### DIRECTIO       = bufferedio,directio
### MEDIA_TYPES    = ssd,hdd,nvme,mem
### FS_TYPES       = ext4,ext4_no_jnl,xfs,btrfs,f2fs
### BENCH_TYPES    = DWAL,DWOL,DWOM,DWSL,DWSM,MWRL,MWRM,MWCL,MWCM,MWUM,MWUL,DWTL,DWSM10,DWSM100,DWSM1000,DWSM10000,DWSL10,DWSL100,DWSL1000,DWSL10000,filebench_varmail,filebench_oltp,filebench_fileserver,dbench_client,MRPL,MRPM,MRPH,MRDM,MRDL,DRBH,DRBM,DRBL,DWRM
### NCORES         = 1,2,3,4,5,6,7,8,9,10,11,12,13,14,15,16,17,18,19,20,21,22,23,24,25,26,27,28,29,30,31,32,33,34,35,36,37,38,39,40,41,42,43,44,45,46,47,48,49,50,51,52,53,54,55,56,57,58,59,60,61,62,63,64,65,66,67,68,69,70,71,72,73,74,75,76,77,78,79,80,81,82,83,84,85,86,87,88,89,90,91,92,93,94,95,96,97,98,99,100,101,102,103,104,105,106,107,108,109,110,111,112,113,114,115,116,117,118,119,120
### CORE_SEQ       = 0,1,2,3,4,5,6,7,8,9,10,11,12,13,14,15,16,17,18,19,20,21,22,23,24,25,26,27,28,29,30,31,32,33,34,35,36,37,38,39,40,41,42,43,44,45,46,47,48,49,50,51,52,53,54,55,56,57,58,59,60,61,62,63,64,65,66,67,68,69,70,71,72,73,74,75,76,77,78,79,80,81,82,83,84,85,86,87,88,89,90,91,92,93,94,95,96,97,98,99,100,101,102,103,104,105,106,107,108,109,110,111,112,113,114,115,116,117,118,119


### MODEL_NAME     = Intel(R) Xeon(R) CPU E7-8870 v2 @ 2.30GHz
### PHYSICAL_CHIPS = 8
### CORE_PER_CHIP  = 15
### SMT_LEVEL      = 1


## nvme:f2fs:DRBL:120:directio
# ncpu secs works works/sec real.sec user.sec nice.sec sys.sec idle.sec iowait.sec irq.sec softirq.sec steal.sec guest.sec user.util nice.util sys.util idle.util iowait.util irq.util softirq.util steal.util guest.util

120 30.002278 974905.000000 32494.366415 30.0963 2.79 0 35.19 2609.38 935.28 0 0.01 0 0 0.0778753 0 0.982234 72.8338 26.1058 0 0.000279123 0 0

## nvme:f2fs:DRBL:119:directio
# ncpu secs works works/sec real.sec user.sec nice.sec sys.sec idle.sec iowait.sec irq.sec softirq.sec steal.sec guest.sec user.util nice.util sys.util idle.util iowait.util irq.util softirq.util steal.util guest.util

119 30.000349 974840.000000 32494.288977 30.093 2.8 0 33.67 2609.78 936.22 0 0 0 0 0.0781584 0 0.939854 72.8486 26.1334 0 0 0 0

## nvme:f2fs:DRBL:118:directio
# ncpu secs works works/sec real.sec user.sec nice.sec sys.sec idle.sec iowait.sec irq.sec softirq.sec steal.sec guest.sec user.util nice.util sys.util idle.util iowait.util irq.util softirq.util steal.util guest.util

118 30.003400 974871.000000 32492.017507 30.0979 2.91 0 35.38 2609.4 935.19 0 0 0 0 0.0812196 0 0.987474 72.8297 26.1016 0 0 0 0

## nvme:f2fs:DRBL:117:directio
# ncpu secs works works/sec real.sec user.sec nice.sec sys.sec idle.sec iowait.sec irq.sec softirq.sec steal.sec guest.sec user.util nice.util sys.util idle.util iowait.util irq.util softirq.util steal.util guest.util

117 30.000040 974669.000000 32488.922950 30.0912 2.29 0 34.13 2639.53 906.69 0 0 0 0 0.0639193 0 0.952649 73.6756 25.3079 0 0 0 0

## nvme:f2fs:DRBL:116:directio
# ncpu secs works works/sec real.sec user.sec nice.sec sys.sec idle.sec iowait.sec irq.sec softirq.sec steal.sec guest.sec user.util nice.util sys.util idle.util iowait.util irq.util softirq.util steal.util guest.util

116 30.003100 974997.000000 32496.542538 30.0942 2.85 0 34.86 2640.3 905.51 0 0 0 0 0.0795307 0 0.972787 73.679 25.2687 0 0 0 0

## nvme:f2fs:DRBL:115:directio
# ncpu secs works works/sec real.sec user.sec nice.sec sys.sec idle.sec iowait.sec irq.sec softirq.sec steal.sec guest.sec user.util nice.util sys.util idle.util iowait.util irq.util softirq.util steal.util guest.util

115 29.999886 974897.000000 32496.689966 30.0939 2.25 0 35.2 2640.04 905.83 0 0 0 0 0.0627909 0 0.982329 73.6758 25.2791 0 0 0 0

## nvme:f2fs:DRBL:114:directio
# ncpu secs works works/sec real.sec user.sec nice.sec sys.sec idle.sec iowait.sec irq.sec softirq.sec steal.sec guest.sec user.util nice.util sys.util idle.util iowait.util irq.util softirq.util steal.util guest.util

114 30.002113 974898.000000 32494.310833 30.0938 2.25 0 34.16 2640.37 906.42 0 0 0 0 0.062793 0 0.953338 73.6875 25.2964 0 0 0 0

## nvme:f2fs:DRBL:113:directio
# ncpu secs works works/sec real.sec user.sec nice.sec sys.sec idle.sec iowait.sec irq.sec softirq.sec steal.sec guest.sec user.util nice.util sys.util idle.util iowait.util irq.util softirq.util steal.util guest.util

113 30.001854 975005.000000 32498.158079 30.0931 2.15 0 34.6 2670.61 877.63 0 0 0 0 0.0599723 0 0.965135 74.4942 24.4807 0 0 0 0

## nvme:f2fs:DRBL:112:directio
# ncpu secs works works/sec real.sec user.sec nice.sec sys.sec idle.sec iowait.sec irq.sec softirq.sec steal.sec guest.sec user.util nice.util sys.util idle.util iowait.util irq.util softirq.util steal.util guest.util

112 30.000230 974798.000000 32493.018027 30.0915 2.1 0 34.71 2669.65 877.76 0 0.02 0 0 0.0585898 0 0.968406 74.483 24.4894 0 0.000557998 0 0

## nvme:f2fs:DRBL:111:directio
# ncpu secs works works/sec real.sec user.sec nice.sec sys.sec idle.sec iowait.sec irq.sec softirq.sec steal.sec guest.sec user.util nice.util sys.util idle.util iowait.util irq.util softirq.util steal.util guest.util

111 30.002728 974990.000000 32496.712130 30.0941 2.64 0 34.28 2670.27 876.55 0 0 0 0 0.0736661 0 0.956543 74.5107 24.4591 0 0 0 0

## nvme:f2fs:DRBL:110:directio
# ncpu secs works works/sec real.sec user.sec nice.sec sys.sec idle.sec iowait.sec irq.sec softirq.sec steal.sec guest.sec user.util nice.util sys.util idle.util iowait.util irq.util softirq.util steal.util guest.util

110 30.001328 975022.000000 32499.294481 30.094 3.72 0 34.92 2670.89 874.67 0 0 0 0 0.103789 0 0.974276 74.5184 24.4035 0 0 0 0

## nvme:f2fs:DRBL:109:directio
# ncpu secs works works/sec real.sec user.sec nice.sec sys.sec idle.sec iowait.sec irq.sec softirq.sec steal.sec guest.sec user.util nice.util sys.util idle.util iowait.util irq.util softirq.util steal.util guest.util

109 30.000953 974859.000000 32494.267755 30.0942 2.65 0 34.76 2699.53 846.33 0 0 0 0 0.0739548 0 0.970064 75.3371 23.6189 0 0 0 0

## nvme:f2fs:DRBL:108:directio
# ncpu secs works works/sec real.sec user.sec nice.sec sys.sec idle.sec iowait.sec irq.sec softirq.sec steal.sec guest.sec user.util nice.util sys.util idle.util iowait.util irq.util softirq.util steal.util guest.util

108 30.004159 974920.000000 32492.829205 30.0943 2.66 0 34.35 2701.09 847.3 0 0 0 0 0.0741898 0 0.958052 75.3358 23.632 0 0 0 0

## nvme:f2fs:DRBL:107:directio
# ncpu secs works works/sec real.sec user.sec nice.sec sys.sec idle.sec iowait.sec irq.sec softirq.sec steal.sec guest.sec user.util nice.util sys.util idle.util iowait.util irq.util softirq.util steal.util guest.util

107 30.001769 974937.000000 32495.983851 30.0931 2.58 0 33.83 2701.49 847.33 0 0 0 0 0.0719619 0 0.943594 75.3505 23.6339 0 0 0 0

## nvme:f2fs:DRBL:106:directio
# ncpu secs works works/sec real.sec user.sec nice.sec sys.sec idle.sec iowait.sec irq.sec softirq.sec steal.sec guest.sec user.util nice.util sys.util idle.util iowait.util irq.util softirq.util steal.util guest.util

106 30.002479 974828.000000 32491.581350 30.0946 2.22 0 33.96 2701.74 847.21 0 0 0 0 0.0619224 0 0.947246 75.3596 23.6312 0 0 0 0

## nvme:f2fs:DRBL:105:directio
# ncpu secs works works/sec real.sec user.sec nice.sec sys.sec idle.sec iowait.sec irq.sec softirq.sec steal.sec guest.sec user.util nice.util sys.util idle.util iowait.util irq.util softirq.util steal.util guest.util

105 30.002595 974749.000000 32488.822968 30.093 2.69 0 34.01 2730.44 817.61 0 0 0 0 0.0750401 0 0.948741 76.1682 22.808 0 0 0 0

## nvme:f2fs:DRBL:104:directio
# ncpu secs works works/sec real.sec user.sec nice.sec sys.sec idle.sec iowait.sec irq.sec softirq.sec steal.sec guest.sec user.util nice.util sys.util idle.util iowait.util irq.util softirq.util steal.util guest.util

104 30.000682 974825.000000 32493.427806 30.0925 2.56 0 34.71 2731.07 816.75 0 0.01 0 0 0.0714067 0 0.968174 76.1783 22.7818 0 0.000278932 0 0

## nvme:f2fs:DRBL:103:directio
# ncpu secs works works/sec real.sec user.sec nice.sec sys.sec idle.sec iowait.sec irq.sec softirq.sec steal.sec guest.sec user.util nice.util sys.util idle.util iowait.util irq.util softirq.util steal.util guest.util

103 30.001350 974927.000000 32496.103995 30.0925 2.66 0 34.07 2731.8 818.64 0 0.01 0 0 0.074153 0 0.949771 76.1545 22.8213 0 0.000278771 0 0

## nvme:f2fs:DRBL:102:directio
# ncpu secs works works/sec real.sec user.sec nice.sec sys.sec idle.sec iowait.sec irq.sec softirq.sec steal.sec guest.sec user.util nice.util sys.util idle.util iowait.util irq.util softirq.util steal.util guest.util

102 30.003742 974786.000000 32488.814218 30.0964 2.59 0 32.54 2763.03 789.36 0 0.01 0 0 0.0721945 0 0.907031 77.0176 22.0029 0 0.000278743 0 0

## nvme:f2fs:DRBL:101:directio
# ncpu secs works works/sec real.sec user.sec nice.sec sys.sec idle.sec iowait.sec irq.sec softirq.sec steal.sec guest.sec user.util nice.util sys.util idle.util iowait.util irq.util softirq.util steal.util guest.util

101 30.002133 974803.000000 32491.123247 30.0953 2.68 0 32.86 2763.58 789.2 0 0 0 0 0.0746868 0 0.915749 77.016 21.9936 0 0 0 0

## nvme:f2fs:DRBL:100:directio
# ncpu secs works works/sec real.sec user.sec nice.sec sys.sec idle.sec iowait.sec irq.sec softirq.sec steal.sec guest.sec user.util nice.util sys.util idle.util iowait.util irq.util softirq.util steal.util guest.util

100 30.002616 974827.000000 32491.400029 30.0933 2.43 0 33.02 2762.82 789.77 0 0 0 0 0.067725 0 0.92028 77.0008 22.0112 0 0 0 0

## nvme:f2fs:DRBL:99:directio
# ncpu secs works works/sec real.sec user.sec nice.sec sys.sec idle.sec iowait.sec irq.sec softirq.sec steal.sec guest.sec user.util nice.util sys.util idle.util iowait.util irq.util softirq.util steal.util guest.util

99 30.001504 974911.000000 32495.403837 30.0937 4.17 0 34.04 2762.04 789.24 0 0.01 0 0 0.116172 0 0.948321 76.9478 21.9875 0 0.00027859 0 0

## nvme:f2fs:DRBL:98:directio
# ncpu secs works works/sec real.sec user.sec nice.sec sys.sec idle.sec iowait.sec irq.sec softirq.sec steal.sec guest.sec user.util nice.util sys.util idle.util iowait.util irq.util softirq.util steal.util guest.util

98 30.002103 974930.000000 32495.388243 30.0967 2.55 0 33.78 2792.06 759.86 0 0.01 0 0 0.0710651 0 0.941403 77.811 21.1763 0 0.000278687 0 0

## nvme:f2fs:DRBL:97:directio
# ncpu secs works works/sec real.sec user.sec nice.sec sys.sec idle.sec iowait.sec irq.sec softirq.sec steal.sec guest.sec user.util nice.util sys.util idle.util iowait.util irq.util softirq.util steal.util guest.util

97 30.001948 974959.000000 32496.523494 30.0955 2.73 0 33.59 2791.76 759.45 0 0 0 0 0.0760969 0 0.936299 77.8184 21.1692 0 0 0 0

## nvme:f2fs:DRBL:96:directio
# ncpu secs works works/sec real.sec user.sec nice.sec sys.sec idle.sec iowait.sec irq.sec softirq.sec steal.sec guest.sec user.util nice.util sys.util idle.util iowait.util irq.util softirq.util steal.util guest.util

96 30.002904 974894.000000 32493.321336 30.0954 2.53 0 33.4 2792.3 759.06 0 0 0 0 0.0705268 0 0.931065 77.8387 21.1597 0 0 0 0

## nvme:f2fs:DRBL:95:directio
# ncpu secs works works/sec real.sec user.sec nice.sec sys.sec idle.sec iowait.sec irq.sec softirq.sec steal.sec guest.sec user.util nice.util sys.util idle.util iowait.util irq.util softirq.util steal.util guest.util

95 30.001439 974907.000000 32495.341421 30.0946 2.1 0 32.47 2793.87 759.07 0 0.01 0 0 0.0585363 0 0.905082 77.8775 21.1586 0 0.000278744 0 0

## nvme:f2fs:DRBL:94:directio
# ncpu secs works works/sec real.sec user.sec nice.sec sys.sec idle.sec iowait.sec irq.sec softirq.sec steal.sec guest.sec user.util nice.util sys.util idle.util iowait.util irq.util softirq.util steal.util guest.util

94 30.000296 974971.000000 32498.713002 30.0916 2.36 0 32.34 2822.72 730.66 0 0 0 0 0.0657733 0 0.901318 78.6694 20.3635 0 0 0 0

## nvme:f2fs:DRBL:93:directio
# ncpu secs works works/sec real.sec user.sec nice.sec sys.sec idle.sec iowait.sec irq.sec softirq.sec steal.sec guest.sec user.util nice.util sys.util idle.util iowait.util irq.util softirq.util steal.util guest.util

93 30.002337 972847.000000 32425.707743 30.0926 2.47 0 31.84 2823.39 731.51 0 0 0 0 0.0688174 0 0.887103 78.6633 20.3808 0 0 0 0

## nvme:f2fs:DRBL:92:directio
# ncpu secs works works/sec real.sec user.sec nice.sec sys.sec idle.sec iowait.sec irq.sec softirq.sec steal.sec guest.sec user.util nice.util sys.util idle.util iowait.util irq.util softirq.util steal.util guest.util

92 30.000873 974848.000000 32493.987546 30.0913 2.42 0 32.54 2823.52 731.59 0 0 0 0 0.0674082 0 0.906389 78.648 20.3782 0 0 0 0

## nvme:f2fs:DRBL:91:directio
# ncpu secs works works/sec real.sec user.sec nice.sec sys.sec idle.sec iowait.sec irq.sec softirq.sec steal.sec guest.sec user.util nice.util sys.util idle.util iowait.util irq.util softirq.util steal.util guest.util

91 30.002343 972850.000000 32425.801009 30.0918 2.12 0 30.78 2824.64 731.89 0 0 0 0 0.0590623 0 0.857518 78.6933 20.3901 0 0 0 0

## nvme:f2fs:DRBL:90:directio
# ncpu secs works works/sec real.sec user.sec nice.sec sys.sec idle.sec iowait.sec irq.sec softirq.sec steal.sec guest.sec user.util nice.util sys.util idle.util iowait.util irq.util softirq.util steal.util guest.util

90 30.002549 975036.000000 32498.438511 30.0921 2.49 0 30.11 2854.82 702.83 0 0.01 0 0 0.0693543 0 0.838658 79.5157 19.576 0 0.000278531 0 0

## nvme:f2fs:DRBL:89:directio
# ncpu secs works works/sec real.sec user.sec nice.sec sys.sec idle.sec iowait.sec irq.sec softirq.sec steal.sec guest.sec user.util nice.util sys.util idle.util iowait.util irq.util softirq.util steal.util guest.util

89 30.001310 972839.000000 32426.550974 30.0931 2.43 0 31.39 2854.85 702.22 0 0 0 0 0.0676712 0 0.874157 79.5026 19.5556 0 0 0 0

## nvme:f2fs:DRBL:88:directio
# ncpu secs works works/sec real.sec user.sec nice.sec sys.sec idle.sec iowait.sec irq.sec softirq.sec steal.sec guest.sec user.util nice.util sys.util idle.util iowait.util irq.util softirq.util steal.util guest.util

88 30.001891 974805.000000 32491.451795 30.093 2.38 0 30.59 2854.71 702.39 0 0 0 0 0.066294 0 0.852073 79.5168 19.5648 0 0 0 0

## nvme:f2fs:DRBL:87:directio
# ncpu secs works works/sec real.sec user.sec nice.sec sys.sec idle.sec iowait.sec irq.sec softirq.sec steal.sec guest.sec user.util nice.util sys.util idle.util iowait.util irq.util softirq.util steal.util guest.util

87 30.002430 972758.000000 32422.640023 30.0933 2.53 0 31.06 2884.53 672.73 0 0 0 0 0.0704569 0 0.864976 80.33 18.7346 0 0 0 0

## nvme:f2fs:DRBL:86:directio
# ncpu secs works works/sec real.sec user.sec nice.sec sys.sec idle.sec iowait.sec irq.sec softirq.sec steal.sec guest.sec user.util nice.util sys.util idle.util iowait.util irq.util softirq.util steal.util guest.util

86 30.002051 975065.000000 32499.945144 30.0941 2.57 0 30.79 2884.86 673.12 0 0.01 0 0 0.0715608 0 0.857338 80.328 18.7428 0 0.000278447 0 0

## nvme:f2fs:DRBL:85:directio
# ncpu secs works works/sec real.sec user.sec nice.sec sys.sec idle.sec iowait.sec irq.sec softirq.sec steal.sec guest.sec user.util nice.util sys.util idle.util iowait.util irq.util softirq.util steal.util guest.util

85 30.000767 972755.000000 32424.337189 30.0963 3.65 0 31.72 2880.8 675.27 0 0.01 0 0 0.10163 0 0.883209 80.2127 18.8022 0 0.000278439 0 0

## nvme:f2fs:DRBL:84:directio
# ncpu secs works works/sec real.sec user.sec nice.sec sys.sec idle.sec iowait.sec irq.sec softirq.sec steal.sec guest.sec user.util nice.util sys.util idle.util iowait.util irq.util softirq.util steal.util guest.util

84 30.000571 974901.000000 32496.081311 30.092 2.03 0 30.78 2885.62 673.32 0 0 0 0 0.0565184 0 0.856964 80.3402 18.7463 0 0 0 0

## nvme:f2fs:DRBL:83:directio
# ncpu secs works works/sec real.sec user.sec nice.sec sys.sec idle.sec iowait.sec irq.sec softirq.sec steal.sec guest.sec user.util nice.util sys.util idle.util iowait.util irq.util softirq.util steal.util guest.util

83 30.001244 972788.000000 32424.921592 30.0928 2.23 0 30.89 2915.13 643.79 0 0 0 0 0.0620817 0 0.859957 81.1553 17.9227 0 0 0 0

## nvme:f2fs:DRBL:82:directio
# ncpu secs works works/sec real.sec user.sec nice.sec sys.sec idle.sec iowait.sec irq.sec softirq.sec steal.sec guest.sec user.util nice.util sys.util idle.util iowait.util irq.util softirq.util steal.util guest.util

82 30.001235 974988.000000 32498.262155 30.0919 2.01 0 30.33 2915.42 644.32 0 0 0 0 0.0559564 0 0.844358 81.1624 17.9372 0 0 0 0

## nvme:f2fs:DRBL:81:directio
# ncpu secs works works/sec real.sec user.sec nice.sec sys.sec idle.sec iowait.sec irq.sec softirq.sec steal.sec guest.sec user.util nice.util sys.util idle.util iowait.util irq.util softirq.util steal.util guest.util

81 30.001212 972700.000000 32422.023844 30.0923 2.37 0 29.88 2915.03 644.65 0 0.01 0 0 0.0659811 0 0.831862 81.1548 17.9471 0 0.000278401 0 0

## nvme:f2fs:DRBL:80:directio
# ncpu secs works works/sec real.sec user.sec nice.sec sys.sec idle.sec iowait.sec irq.sec softirq.sec steal.sec guest.sec user.util nice.util sys.util idle.util iowait.util irq.util softirq.util steal.util guest.util

80 30.001875 974845.000000 32492.802872 30.0986 3.72 0 30.81 2913.84 644.85 0 0.05 0 0 0.103527 0 0.857436 81.0916 17.946 0 0.00139149 0 0

## nvme:f2fs:DRBL:79:directio
# ncpu secs works works/sec real.sec user.sec nice.sec sys.sec idle.sec iowait.sec irq.sec softirq.sec steal.sec guest.sec user.util nice.util sys.util idle.util iowait.util irq.util softirq.util steal.util guest.util

79 30.001838 972761.000000 32423.379866 30.0973 3.84 0 29.69 2946.17 613.67 0 0.06 0 0 0.106862 0 0.82623 81.9877 17.0776 0 0.00166971 0 0

## nvme:f2fs:DRBL:78:directio
# ncpu secs works works/sec real.sec user.sec nice.sec sys.sec idle.sec iowait.sec irq.sec softirq.sec steal.sec guest.sec user.util nice.util sys.util idle.util iowait.util irq.util softirq.util steal.util guest.util

78 30.001196 974823.000000 32492.804106 30.0924 2.32 0 28.98 2947.71 613.89 0 0 0 0 0.0645718 0 0.806591 82.0426 17.0862 0 0 0 0

## nvme:f2fs:DRBL:77:directio
# ncpu secs works works/sec real.sec user.sec nice.sec sys.sec idle.sec iowait.sec irq.sec softirq.sec steal.sec guest.sec user.util nice.util sys.util idle.util iowait.util irq.util softirq.util steal.util guest.util

77 30.001847 972852.000000 32426.403572 30.0929 2.32 0 29.25 2947.63 613.86 0 0.01 0 0 0.0645687 0 0.814067 82.0365 17.0846 0 0.000278314 0 0

## nvme:f2fs:DRBL:76:directio
# ncpu secs works works/sec real.sec user.sec nice.sec sys.sec idle.sec iowait.sec irq.sec softirq.sec steal.sec guest.sec user.util nice.util sys.util idle.util iowait.util irq.util softirq.util steal.util guest.util

76 30.001951 974889.000000 32494.186267 30.0913 2.26 0 29.23 2948.03 614.06 0 0 0 0 0.0628899 0 0.813395 82.036 17.0877 0 0 0 0

## nvme:f2fs:DRBL:75:directio
# ncpu secs works works/sec real.sec user.sec nice.sec sys.sec idle.sec iowait.sec irq.sec softirq.sec steal.sec guest.sec user.util nice.util sys.util idle.util iowait.util irq.util softirq.util steal.util guest.util

75 30.001089 972776.000000 32424.689636 30.0906 2.07 0 28.45 2977.43 586.1 0 0 0 0 0.0575952 0 0.791586 82.8433 16.3075 0 0 0 0

## nvme:f2fs:DRBL:74:directio
# ncpu secs works works/sec real.sec user.sec nice.sec sys.sec idle.sec iowait.sec irq.sec softirq.sec steal.sec guest.sec user.util nice.util sys.util idle.util iowait.util irq.util softirq.util steal.util guest.util

74 30.000558 974884.000000 32495.529034 30.0894 1.78 0 28.68 2977.91 585.92 0 0 0 0 0.049523 0 0.797932 82.8511 16.3014 0 0 0 0

## nvme:f2fs:DRBL:73:directio
# ncpu secs works works/sec real.sec user.sec nice.sec sys.sec idle.sec iowait.sec irq.sec softirq.sec steal.sec guest.sec user.util nice.util sys.util idle.util iowait.util irq.util softirq.util steal.util guest.util

73 30.001249 972486.000000 32414.850935 30.0912 1.82 0 27.95 2978.1 586.19 0 0.01 0 0 0.050639 0 0.77767 82.8615 16.3099 0 0.000278236 0 0

## nvme:f2fs:DRBL:72:directio
# ncpu secs works works/sec real.sec user.sec nice.sec sys.sec idle.sec iowait.sec irq.sec softirq.sec steal.sec guest.sec user.util nice.util sys.util idle.util iowait.util irq.util softirq.util steal.util guest.util

72 30.000496 974788.000000 32492.395885 30.0901 2.12 0 27.15 3008.45 556.55 0 0 0 0 0.0589828 0 0.755369 83.7013 15.4844 0 0 0 0

## nvme:f2fs:DRBL:71:directio
# ncpu secs works works/sec real.sec user.sec nice.sec sys.sec idle.sec iowait.sec irq.sec softirq.sec steal.sec guest.sec user.util nice.util sys.util idle.util iowait.util irq.util softirq.util steal.util guest.util

71 30.002320 972610.000000 32417.826020 30.0996 2.8 0 27.68 3009.28 557.09 0 0.01 0 0 0.0778457 0 0.76956 83.6641 15.4882 0 0.00027802 0 0

## nvme:f2fs:DRBL:70:directio
# ncpu secs works works/sec real.sec user.sec nice.sec sys.sec idle.sec iowait.sec irq.sec softirq.sec steal.sec guest.sec user.util nice.util sys.util idle.util iowait.util irq.util softirq.util steal.util guest.util

70 30.002441 974769.000000 32489.656146 30.0923 1.98 0 27.41 3009.7 556.09 0 0 0 0 0.0550737 0 0.76241 83.7149 15.4677 0 0 0 0

## nvme:f2fs:DRBL:69:directio
# ncpu secs works works/sec real.sec user.sec nice.sec sys.sec idle.sec iowait.sec irq.sec softirq.sec steal.sec guest.sec user.util nice.util sys.util idle.util iowait.util irq.util softirq.util steal.util guest.util

69 30.000811 972739.000000 32423.756717 30.0891 2.01 0 27.24 3009.18 556.24 0 0 0 0 0.0559161 0 0.757789 83.7123 15.474 0 0 0 0

## nvme:f2fs:DRBL:68:directio
# ncpu secs works works/sec real.sec user.sec nice.sec sys.sec idle.sec iowait.sec irq.sec softirq.sec steal.sec guest.sec user.util nice.util sys.util idle.util iowait.util irq.util softirq.util steal.util guest.util

68 30.001030 974796.000000 32492.084630 30.0901 2.09 0 27.94 3039.12 526.27 0 0 0 0 0.0581295 0 0.7771 84.5275 14.6372 0 0 0 0

## nvme:f2fs:DRBL:67:directio
# ncpu secs works works/sec real.sec user.sec nice.sec sys.sec idle.sec iowait.sec irq.sec softirq.sec steal.sec guest.sec user.util nice.util sys.util idle.util iowait.util irq.util softirq.util steal.util guest.util

67 30.001574 972790.000000 32424.632105 30.0906 1.7 0 27.56 3040.07 526.16 0 0 0 0 0.0472815 0 0.766516 84.5523 14.6339 0 0 0 0

## nvme:f2fs:DRBL:66:directio
# ncpu secs works works/sec real.sec user.sec nice.sec sys.sec idle.sec iowait.sec irq.sec softirq.sec steal.sec guest.sec user.util nice.util sys.util idle.util iowait.util irq.util softirq.util steal.util guest.util

66 30.002006 974928.000000 32495.426696 30.0908 1.81 0 28.07 3039.59 526.61 0 0 0 0 0.0503326 0 0.780572 84.5251 14.644 0 0 0 0

## nvme:f2fs:DRBL:65:directio
# ncpu secs works works/sec real.sec user.sec nice.sec sys.sec idle.sec iowait.sec irq.sec softirq.sec steal.sec guest.sec user.util nice.util sys.util idle.util iowait.util irq.util softirq.util steal.util guest.util

65 30.001466 972693.000000 32421.515585 30.0895 1.78 0 27.29 3039.98 526.83 0 0 0 0 0.0495011 0 0.758924 84.5406 14.6509 0 0 0 0

## nvme:f2fs:DRBL:64:directio
# ncpu secs works works/sec real.sec user.sec nice.sec sys.sec idle.sec iowait.sec irq.sec softirq.sec steal.sec guest.sec user.util nice.util sys.util idle.util iowait.util irq.util softirq.util steal.util guest.util

64 30.001301 974679.000000 32487.890939 30.0905 1.9 0 27.5 3070.24 497.11 0 0.01 0 0 0.0528253 0 0.764577 85.3613 13.8211 0 0.000278028 0 0

## nvme:f2fs:DRBL:63:directio
# ncpu secs works works/sec real.sec user.sec nice.sec sys.sec idle.sec iowait.sec irq.sec softirq.sec steal.sec guest.sec user.util nice.util sys.util idle.util iowait.util irq.util softirq.util steal.util guest.util

63 30.001206 972753.000000 32423.796340 30.0893 1.74 0 27.42 3070.09 496.75 0 0 0 0 0.0483871 0 0.762514 85.3751 13.814 0 0 0 0

## nvme:f2fs:DRBL:62:directio
# ncpu secs works works/sec real.sec user.sec nice.sec sys.sec idle.sec iowait.sec irq.sec softirq.sec steal.sec guest.sec user.util nice.util sys.util idle.util iowait.util irq.util softirq.util steal.util guest.util

62 30.001826 974793.000000 32491.122007 30.0901 1.91 0 27.07 3070.5 497.3 0 0 0 0 0.0531031 0 0.752618 85.368 13.8263 0 0 0 0

## nvme:f2fs:DRBL:61:directio
# ncpu secs works works/sec real.sec user.sec nice.sec sys.sec idle.sec iowait.sec irq.sec softirq.sec steal.sec guest.sec user.util nice.util sys.util idle.util iowait.util irq.util softirq.util steal.util guest.util

61 30.000676 974779.000000 32491.901644 30.0897 1.81 0 26.5 3071.54 496.63 0 0 0 0 0.050327 0 0.736832 85.4041 13.8088 0 0 0 0

## nvme:f2fs:DRBL:60:directio
# ncpu secs works works/sec real.sec user.sec nice.sec sys.sec idle.sec iowait.sec irq.sec softirq.sec steal.sec guest.sec user.util nice.util sys.util idle.util iowait.util irq.util softirq.util steal.util guest.util

60 30.001995 974979.000000 32497.138796 30.0912 1.88 0 25.94 3101.07 468.28 0 0 0 0 0.0522633 0 0.721122 86.2086 13.018 0 0 0 0

## nvme:f2fs:DRBL:59:directio
# ncpu secs works works/sec real.sec user.sec nice.sec sys.sec idle.sec iowait.sec irq.sec softirq.sec steal.sec guest.sec user.util nice.util sys.util idle.util iowait.util irq.util softirq.util steal.util guest.util

59 30.000781 974716.000000 32489.687115 30.0889 1.64 0 26.59 3101.44 467.6 0 0 0 0 0.0455901 0 0.739172 86.2165 12.9987 0 0 0 0

## nvme:f2fs:DRBL:58:directio
# ncpu secs works works/sec real.sec user.sec nice.sec sys.sec idle.sec iowait.sec irq.sec softirq.sec steal.sec guest.sec user.util nice.util sys.util idle.util iowait.util irq.util softirq.util steal.util guest.util

58 30.001909 974752.000000 32489.666020 30.0902 1.73 0 25.55 3102.01 467.79 0 0 0 0 0.0480946 0 0.710298 86.2369 13.0047 0 0 0 0

## nvme:f2fs:DRBL:57:directio
# ncpu secs works works/sec real.sec user.sec nice.sec sys.sec idle.sec iowait.sec irq.sec softirq.sec steal.sec guest.sec user.util nice.util sys.util idle.util iowait.util irq.util softirq.util steal.util guest.util

57 30.000802 974680.000000 32488.464314 30.0887 1.46 0 25.78 3131.27 438.59 0 0 0 0 0.0405883 0 0.716688 87.0498 12.1929 0 0 0 0

## nvme:f2fs:DRBL:56:directio
# ncpu secs works works/sec real.sec user.sec nice.sec sys.sec idle.sec iowait.sec irq.sec softirq.sec steal.sec guest.sec user.util nice.util sys.util idle.util iowait.util irq.util softirq.util steal.util guest.util

56 30.001441 974742.000000 32489.839443 30.0896 1.69 0 25.57 3130.89 438.91 0 0 0 0 0.0469828 0 0.710858 87.0402 12.2019 0 0 0 0

## nvme:f2fs:DRBL:55:directio
# ncpu secs works works/sec real.sec user.sec nice.sec sys.sec idle.sec iowait.sec irq.sec softirq.sec steal.sec guest.sec user.util nice.util sys.util idle.util iowait.util irq.util softirq.util steal.util guest.util

55 30.001890 974780.000000 32490.619265 30.0925 1.61 0 25.58 3131.86 438.15 0 0.01 0 0 0.0447569 0 0.711107 87.0636 12.1803 0 0.000277993 0 0

## nvme:f2fs:DRBL:54:directio
# ncpu secs works works/sec real.sec user.sec nice.sec sys.sec idle.sec iowait.sec irq.sec softirq.sec steal.sec guest.sec user.util nice.util sys.util idle.util iowait.util irq.util softirq.util steal.util guest.util

54 30.001643 974800.000000 32491.553919 30.0895 1.64 0 25.03 3132.53 438.15 0 0.01 0 0 0.045589 0 0.695788 87.0786 12.1798 0 0.000277982 0 0

## nvme:f2fs:DRBL:53:directio
# ncpu secs works works/sec real.sec user.sec nice.sec sys.sec idle.sec iowait.sec irq.sec softirq.sec steal.sec guest.sec user.util nice.util sys.util idle.util iowait.util irq.util softirq.util steal.util guest.util

53 30.001687 974845.000000 32493.006307 30.0902 1.5 0 25.14 3162.27 409.03 0 0 0 0 0.0416905 0 0.698733 87.8911 11.3684 0 0 0 0

## nvme:f2fs:DRBL:52:directio
# ncpu secs works works/sec real.sec user.sec nice.sec sys.sec idle.sec iowait.sec irq.sec softirq.sec steal.sec guest.sec user.util nice.util sys.util idle.util iowait.util irq.util softirq.util steal.util guest.util

52 30.001749 974860.000000 32493.438903 30.0924 1.72 0 25.71 3162.35 408.67 0 0 0 0 0.0477984 0 0.714474 87.8809 11.3568 0 0 0 0

## nvme:f2fs:DRBL:51:directio
# ncpu secs works works/sec real.sec user.sec nice.sec sys.sec idle.sec iowait.sec irq.sec softirq.sec steal.sec guest.sec user.util nice.util sys.util idle.util iowait.util irq.util softirq.util steal.util guest.util

51 30.001584 974809.000000 32491.917909 30.0898 1.79 0 25.17 3163.04 407.85 0 0 0 0 0.0497519 0 0.699584 87.9147 11.3359 0 0 0 0

## nvme:f2fs:DRBL:50:directio
# ncpu secs works works/sec real.sec user.sec nice.sec sys.sec idle.sec iowait.sec irq.sec softirq.sec steal.sec guest.sec user.util nice.util sys.util idle.util iowait.util irq.util softirq.util steal.util guest.util

50 30.001320 974768.000000 32490.837286 30.089 1.63 0 24.66 3163.37 407.81 0 0 0 0 0.0453096 0 0.685482 87.9332 11.336 0 0 0 0

## nvme:f2fs:DRBL:49:directio
# ncpu secs works works/sec real.sec user.sec nice.sec sys.sec idle.sec iowait.sec irq.sec softirq.sec steal.sec guest.sec user.util nice.util sys.util idle.util iowait.util irq.util softirq.util steal.util guest.util

49 30.001840 974709.000000 32488.306853 30.0892 1.63 0 25.3 3192.51 378.61 0 0.01 0 0 0.0453022 0 0.703157 88.7286 10.5226 0 0.000277928 0 0

## nvme:f2fs:DRBL:48:directio
# ncpu secs works works/sec real.sec user.sec nice.sec sys.sec idle.sec iowait.sec irq.sec softirq.sec steal.sec guest.sec user.util nice.util sys.util idle.util iowait.util irq.util softirq.util steal.util guest.util

48 30.001639 974653.000000 32486.658141 30.0899 1.58 0 24.93 3193.15 379.03 0 0 0 0 0.0439049 0 0.692752 88.7309 10.5324 0 0 0 0

## nvme:f2fs:DRBL:47:directio
# ncpu secs works works/sec real.sec user.sec nice.sec sys.sec idle.sec iowait.sec irq.sec softirq.sec steal.sec guest.sec user.util nice.util sys.util idle.util iowait.util irq.util softirq.util steal.util guest.util

47 30.000514 974614.000000 32486.576223 30.0875 1.52 0 24.69 3193.83 378.62 0 0 0 0 0.0422379 0 0.686089 88.7505 10.5211 0 0 0 0

## nvme:f2fs:DRBL:46:directio
# ncpu secs works works/sec real.sec user.sec nice.sec sys.sec idle.sec iowait.sec irq.sec softirq.sec steal.sec guest.sec user.util nice.util sys.util idle.util iowait.util irq.util softirq.util steal.util guest.util

46 30.000904 974681.000000 32488.388178 30.0886 1.45 0 23.9 3194.92 378.49 0 0 0 0 0.0402917 0 0.664118 88.7784 10.5172 0 0 0 0

## nvme:f2fs:DRBL:45:directio
# ncpu secs works works/sec real.sec user.sec nice.sec sys.sec idle.sec iowait.sec irq.sec softirq.sec steal.sec guest.sec user.util nice.util sys.util idle.util iowait.util irq.util softirq.util steal.util guest.util

45 30.000689 974818.000000 32493.186953 30.0874 1.64 0 23.95 3224.14 349.95 0 0 0 0 0.0455596 0 0.665337 89.5674 9.7217 0 0 0 0

## nvme:f2fs:DRBL:44:directio
# ncpu secs works works/sec real.sec user.sec nice.sec sys.sec idle.sec iowait.sec irq.sec softirq.sec steal.sec guest.sec user.util nice.util sys.util idle.util iowait.util irq.util softirq.util steal.util guest.util

44 30.001156 974719.000000 32489.381138 30.0884 1.39 0 22.89 3225.09 349.71 0 0 0 0 0.038621 0 0.635996 89.6087 9.71665 0 0 0 0

## nvme:f2fs:DRBL:43:directio
# ncpu secs works works/sec real.sec user.sec nice.sec sys.sec idle.sec iowait.sec irq.sec softirq.sec steal.sec guest.sec user.util nice.util sys.util idle.util iowait.util irq.util softirq.util steal.util guest.util

43 30.000970 974665.000000 32487.782517 30.0876 1.46 0 23.61 3225.17 349.72 0 0 0 0 0.040556 0 0.655841 89.5891 9.71455 0 0 0 0

## nvme:f2fs:DRBL:42:directio
# ncpu secs works works/sec real.sec user.sec nice.sec sys.sec idle.sec iowait.sec irq.sec softirq.sec steal.sec guest.sec user.util nice.util sys.util idle.util iowait.util irq.util softirq.util steal.util guest.util

42 30.001203 974784.000000 32491.497091 30.089 1.57 0 22.85 3255.25 320.01 0 0 0 0 0.043615 0 0.634779 90.4316 8.88996 0 0 0 0

## nvme:f2fs:DRBL:41:directio
# ncpu secs works works/sec real.sec user.sec nice.sec sys.sec idle.sec iowait.sec irq.sec softirq.sec steal.sec guest.sec user.util nice.util sys.util idle.util iowait.util irq.util softirq.util steal.util guest.util

41 30.000526 974831.000000 32493.796916 30.0883 1.48 0 22.27 3255.85 320.03 0 0 0 0 0.0411153 0 0.618675 90.4496 8.89064 0 0 0 0

## nvme:f2fs:DRBL:40:directio
# ncpu secs works works/sec real.sec user.sec nice.sec sys.sec idle.sec iowait.sec irq.sec softirq.sec steal.sec guest.sec user.util nice.util sys.util idle.util iowait.util irq.util softirq.util steal.util guest.util

40 30.000480 974840.000000 32494.146625 30.0886 1.36 0 22.8 3256.3 319.51 0 0 0 0 0.0377781 0 0.633339 90.4535 8.87535 0 0 0 0

## nvme:f2fs:DRBL:39:directio
# ncpu secs works works/sec real.sec user.sec nice.sec sys.sec idle.sec iowait.sec irq.sec softirq.sec steal.sec guest.sec user.util nice.util sys.util idle.util iowait.util irq.util softirq.util steal.util guest.util

39 30.000918 974827.000000 32493.239540 30.088 1.26 0 21.99 3256.88 319.89 0 0 0 0 0.0349998 0 0.61083 90.4684 8.88578 0 0 0 0

## nvme:f2fs:DRBL:38:directio
# ncpu secs works works/sec real.sec user.sec nice.sec sys.sec idle.sec iowait.sec irq.sec softirq.sec steal.sec guest.sec user.util nice.util sys.util idle.util iowait.util irq.util softirq.util steal.util guest.util

38 30.001577 974697.000000 32488.192660 30.0886 1.35 0 21.05 3286.74 290.07 0 0 0 0 0.0375082 0 0.584851 91.3184 8.05927 0 0 0 0

## nvme:f2fs:DRBL:37:directio
# ncpu secs works works/sec real.sec user.sec nice.sec sys.sec idle.sec iowait.sec irq.sec softirq.sec steal.sec guest.sec user.util nice.util sys.util idle.util iowait.util irq.util softirq.util steal.util guest.util

37 30.000590 974694.000000 32489.161076 30.0877 1.29 0 21.96 3286.78 290.5 0 0 0 0 0.0358281 0 0.60991 91.286 8.06826 0 0 0 0

## nvme:f2fs:DRBL:36:directio
# ncpu secs works works/sec real.sec user.sec nice.sec sys.sec idle.sec iowait.sec irq.sec softirq.sec steal.sec guest.sec user.util nice.util sys.util idle.util iowait.util irq.util softirq.util steal.util guest.util

36 30.000659 974613.000000 32486.386322 30.0906 1.31 0 21.32 3288.45 289.55 0 0 0 0 0.0363825 0 0.592119 91.3299 8.04165 0 0 0 0

## nvme:f2fs:DRBL:35:directio
# ncpu secs works works/sec real.sec user.sec nice.sec sys.sec idle.sec iowait.sec irq.sec softirq.sec steal.sec guest.sec user.util nice.util sys.util idle.util iowait.util irq.util softirq.util steal.util guest.util

35 30.001157 974465.000000 32480.914110 30.088 1.07 0 19.43 3290.51 289.88 0 0 0 0 0.0297149 0 0.539589 91.3805 8.05023 0 0 0 0

## nvme:f2fs:DRBL:34:directio
# ncpu secs works works/sec real.sec user.sec nice.sec sys.sec idle.sec iowait.sec irq.sec softirq.sec steal.sec guest.sec user.util nice.util sys.util idle.util iowait.util irq.util softirq.util steal.util guest.util

34 30.000892 974532.000000 32483.434605 30.0886 0.9 0 16.52 3323.99 261.44 0 0 0 0 0.0249802 0 0.458526 92.26 7.25648 0 0 0 0

## nvme:f2fs:DRBL:33:directio
# ncpu secs works works/sec real.sec user.sec nice.sec sys.sec idle.sec iowait.sec irq.sec softirq.sec steal.sec guest.sec user.util nice.util sys.util idle.util iowait.util irq.util softirq.util steal.util guest.util

33 30.000490 974598.000000 32486.068968 30.0877 0.99 0 15.62 3324.53 261.51 0 0.01 0 0 0.0274797 0 0.433569 92.2799 7.2588 0 0.000277573 0 0

## nvme:f2fs:DRBL:32:directio
# ncpu secs works works/sec real.sec user.sec nice.sec sys.sec idle.sec iowait.sec irq.sec softirq.sec steal.sec guest.sec user.util nice.util sys.util idle.util iowait.util irq.util softirq.util steal.util guest.util

32 30.000752 974666.000000 32488.052232 30.0874 0.98 0 15.19 3325.75 260.99 0 0 0 0 0.0272002 0 0.421604 92.3073 7.24387 0 0 0 0

## nvme:f2fs:DRBL:31:directio
# ncpu secs works works/sec real.sec user.sec nice.sec sys.sec idle.sec iowait.sec irq.sec softirq.sec steal.sec guest.sec user.util nice.util sys.util idle.util iowait.util irq.util softirq.util steal.util guest.util

31 30.000658 974640.000000 32487.287760 30.088 0.89 0 14.7 3326.12 261.17 0 0 0 0 0.0247025 0 0.408007 92.3184 7.24892 0 0 0 0

## nvme:f2fs:DRBL:30:directio
# ncpu secs works works/sec real.sec user.sec nice.sec sys.sec idle.sec iowait.sec irq.sec softirq.sec steal.sec guest.sec user.util nice.util sys.util idle.util iowait.util irq.util softirq.util steal.util guest.util

30 30.000924 974498.000000 32482.266574 30.0872 0.79 0 13.86 3356.2 232.62 0 0 0 0 0.0219233 0 0.384629 93.138 6.45544 0 0 0 0

## nvme:f2fs:DRBL:29:directio
# ncpu secs works works/sec real.sec user.sec nice.sec sys.sec idle.sec iowait.sec irq.sec softirq.sec steal.sec guest.sec user.util nice.util sys.util idle.util iowait.util irq.util softirq.util steal.util guest.util

29 30.001058 972485.000000 32415.023720 30.0905 0.94 0 13.85 3356.61 233.02 0 0 0 0 0.0260791 0 0.38425 93.1248 6.46484 0 0 0 0

## nvme:f2fs:DRBL:28:directio
# ncpu secs works works/sec real.sec user.sec nice.sec sys.sec idle.sec iowait.sec irq.sec softirq.sec steal.sec guest.sec user.util nice.util sys.util idle.util iowait.util irq.util softirq.util steal.util guest.util

28 30.001180 974619.000000 32486.021752 30.0887 0.88 0 13.85 3356.96 232.82 0 0 0 0 0.0244139 0 0.384241 93.1322 6.45913 0 0 0 0

## nvme:f2fs:DRBL:27:directio
# ncpu secs works works/sec real.sec user.sec nice.sec sys.sec idle.sec iowait.sec irq.sec softirq.sec steal.sec guest.sec user.util nice.util sys.util idle.util iowait.util irq.util softirq.util steal.util guest.util

27 30.000599 972548.000000 32417.619355 30.0904 0.87 0 14.06 3386.83 203.03 0 0 0 0 0.0241346 0 0.390037 93.9536 5.63223 0 0 0 0

## nvme:f2fs:DRBL:26:directio
# ncpu secs works works/sec real.sec user.sec nice.sec sys.sec idle.sec iowait.sec irq.sec softirq.sec steal.sec guest.sec user.util nice.util sys.util idle.util iowait.util irq.util softirq.util steal.util guest.util

26 30.000396 974386.000000 32479.104484 30.087 0.71 0 13.95 3386.86 202.31 0 0 0 0 0.0197013 0 0.387088 93.9795 5.61375 0 0 0 0

## nvme:f2fs:DRBL:25:directio
# ncpu secs works works/sec real.sec user.sec nice.sec sys.sec idle.sec iowait.sec irq.sec softirq.sec steal.sec guest.sec user.util nice.util sys.util idle.util iowait.util irq.util softirq.util steal.util guest.util

25 30.001016 972591.000000 32418.601831 30.0877 0.82 0 13.8 3387.36 202.59 0 0 0 0 0.0227489 0 0.382847 93.974 5.62037 0 0 0 0

## nvme:f2fs:DRBL:24:directio
# ncpu secs works works/sec real.sec user.sec nice.sec sys.sec idle.sec iowait.sec irq.sec softirq.sec steal.sec guest.sec user.util nice.util sys.util idle.util iowait.util irq.util softirq.util steal.util guest.util

24 30.000832 974739.000000 32490.398662 30.0872 0.85 0 13.03 3387.72 203.03 0 0.01 0 0 0.0235807 0 0.361479 93.9822 5.63246 0 0.00027742 0 0

## nvme:f2fs:DRBL:23:directio
# ncpu secs works works/sec real.sec user.sec nice.sec sys.sec idle.sec iowait.sec irq.sec softirq.sec steal.sec guest.sec user.util nice.util sys.util idle.util iowait.util irq.util softirq.util steal.util guest.util

23 30.000656 972589.000000 32418.923970 30.0898 0.7 0 11.37 3419.61 173.89 0 0 0 0 0.0194144 0 0.315345 94.8424 4.82282 0 0 0 0

## nvme:f2fs:DRBL:22:directio
# ncpu secs works works/sec real.sec user.sec nice.sec sys.sec idle.sec iowait.sec irq.sec softirq.sec steal.sec guest.sec user.util nice.util sys.util idle.util iowait.util irq.util softirq.util steal.util guest.util

22 30.000377 974623.000000 32487.025030 30.0881 0.54 0 9.17 3421.54 173.44 0 0 0 0 0.0149805 0 0.254391 94.9191 4.81151 0 0 0 0

## nvme:f2fs:DRBL:21:directio
# ncpu secs works works/sec real.sec user.sec nice.sec sys.sec idle.sec iowait.sec irq.sec softirq.sec steal.sec guest.sec user.util nice.util sys.util idle.util iowait.util irq.util softirq.util steal.util guest.util

21 30.000264 972495.000000 32416.214326 30.087 0.55 0 8.86 3422.14 172.74 0 0.01 0 0 0.0152596 0 0.245817 94.946 4.79261 0 0.000277446 0 0

## nvme:f2fs:DRBL:20:directio
# ncpu secs works works/sec real.sec user.sec nice.sec sys.sec idle.sec iowait.sec irq.sec softirq.sec steal.sec guest.sec user.util nice.util sys.util idle.util iowait.util irq.util softirq.util steal.util guest.util

20 30.000286 974552.000000 32484.757466 30.0861 0.63 0 7.22 3422.71 174.2 0 0 0 0 0.0174769 0 0.200291 94.9497 4.8325 0 0 0 0

## nvme:f2fs:DRBL:19:directio
# ncpu secs works works/sec real.sec user.sec nice.sec sys.sec idle.sec iowait.sec irq.sec softirq.sec steal.sec guest.sec user.util nice.util sys.util idle.util iowait.util irq.util softirq.util steal.util guest.util

19 30.000313 972501.000000 32416.361448 30.087 0.63 0 7.73 3452.8 144.31 0 0 0 0 0.0174735 0 0.214396 95.7656 4.00253 0 0 0 0

## nvme:f2fs:DRBL:18:directio
# ncpu secs works works/sec real.sec user.sec nice.sec sys.sec idle.sec iowait.sec irq.sec softirq.sec steal.sec guest.sec user.util nice.util sys.util idle.util iowait.util irq.util softirq.util steal.util guest.util

18 30.000470 974660.000000 32488.157866 30.0866 0.59 0 8.15 3452.56 143.63 0 0 0 0 0.0163665 0 0.226079 95.7733 3.98427 0 0 0 0

## nvme:f2fs:DRBL:17:directio
# ncpu secs works works/sec real.sec user.sec nice.sec sys.sec idle.sec iowait.sec irq.sec softirq.sec steal.sec guest.sec user.util nice.util sys.util idle.util iowait.util irq.util softirq.util steal.util guest.util

17 30.000358 972462.000000 32415.013499 30.0866 0.66 0 8.68 3452.65 142.45 0 0 0 0 0.0183108 0 0.240814 95.7888 3.95207 0 0 0 0

## nvme:f2fs:DRBL:16:directio
# ncpu secs works works/sec real.sec user.sec nice.sec sys.sec idle.sec iowait.sec irq.sec softirq.sec steal.sec guest.sec user.util nice.util sys.util idle.util iowait.util irq.util softirq.util steal.util guest.util

16 30.000505 974582.000000 32485.519489 30.0882 0.57 0 6.96 3453.77 144.59 0 0 0 0 0.0158075 0 0.193018 95.7813 4.00983 0 0 0 0

## nvme:f2fs:DRBL:15:directio
# ncpu secs works works/sec real.sec user.sec nice.sec sys.sec idle.sec iowait.sec irq.sec softirq.sec steal.sec guest.sec user.util nice.util sys.util idle.util iowait.util irq.util softirq.util steal.util guest.util

15 30.000246 972409.000000 32413.367544 30.0862 0.58 0 6.76 3483.4 115.35 0 0.01 0 0 0.0160839 0 0.18746 96.5974 3.19875 0 0.000277308 0 0

## nvme:f2fs:DRBL:14:directio
# ncpu secs works works/sec real.sec user.sec nice.sec sys.sec idle.sec iowait.sec irq.sec softirq.sec steal.sec guest.sec user.util nice.util sys.util idle.util iowait.util irq.util softirq.util steal.util guest.util

14 30.000375 974697.000000 32489.494345 30.0861 0.46 0 7.06 3483.66 114.8 0 0 0 0 0.0127566 0 0.195786 96.6079 3.1836 0 0 0 0

## nvme:f2fs:DRBL:13:directio
# ncpu secs works works/sec real.sec user.sec nice.sec sys.sec idle.sec iowait.sec irq.sec softirq.sec steal.sec guest.sec user.util nice.util sys.util idle.util iowait.util irq.util softirq.util steal.util guest.util

13 30.000201 972488.000000 32416.049147 30.0863 0.44 0 6 3484.41 115.38 0 0 0 0 0.0122011 0 0.166379 96.622 3.19946 0 0 0 0

## nvme:f2fs:DRBL:12:directio
# ncpu secs works works/sec real.sec user.sec nice.sec sys.sec idle.sec iowait.sec irq.sec softirq.sec steal.sec guest.sec user.util nice.util sys.util idle.util iowait.util irq.util softirq.util steal.util guest.util

12 30.000206 974616.000000 32486.976923 30.086 0.44 0 6.08 3513.98 85.78 0 0 0 0 0.0122009 0 0.168595 97.4406 2.37863 0 0 0 0

## nvme:f2fs:DRBL:11:directio
# ncpu secs works works/sec real.sec user.sec nice.sec sys.sec idle.sec iowait.sec irq.sec softirq.sec steal.sec guest.sec user.util nice.util sys.util idle.util iowait.util irq.util softirq.util steal.util guest.util

11 30.000391 972694.000000 32422.710757 30.0891 0.5 0 5.98 3514.55 85.64 0 0 0 0 0.0138632 0 0.165804 97.4458 2.37449 0 0 0 0

## nvme:f2fs:DRBL:10:directio
# ncpu secs works works/sec real.sec user.sec nice.sec sys.sec idle.sec iowait.sec irq.sec softirq.sec steal.sec guest.sec user.util nice.util sys.util idle.util iowait.util irq.util softirq.util steal.util guest.util

10 30.000217 974694.000000 32489.565100 30.0934 0.41 0 6.35 3515.13 85.34 0 0 0 0 0.0113661 0 0.176035 97.4468 2.3658 0 0 0 0

## nvme:f2fs:DRBL:9:directio
# ncpu secs works works/sec real.sec user.sec nice.sec sys.sec idle.sec iowait.sec irq.sec softirq.sec steal.sec guest.sec user.util nice.util sys.util idle.util iowait.util irq.util softirq.util steal.util guest.util

9 30.000385 972576.000000 32418.784319 30.0862 0.47 0 6.02 3514.9 85.09 0 0 0 0 0.0130321 0 0.166922 97.4607 2.35936 0 0 0 0

## nvme:f2fs:DRBL:8:directio
# ncpu secs works works/sec real.sec user.sec nice.sec sys.sec idle.sec iowait.sec irq.sec softirq.sec steal.sec guest.sec user.util nice.util sys.util idle.util iowait.util irq.util softirq.util steal.util guest.util

8 30.000321 974769.000000 32491.952065 30.0859 0.41 0 6.18 3544.31 55.62 0 0 0 0 0.0113683 0 0.171356 98.2751 1.54221 0 0 0 0

## nvme:f2fs:DRBL:7:directio
# ncpu secs works works/sec real.sec user.sec nice.sec sys.sec idle.sec iowait.sec irq.sec softirq.sec steal.sec guest.sec user.util nice.util sys.util idle.util iowait.util irq.util softirq.util steal.util guest.util

7 30.000189 972613.000000 32420.228623 30.0858 0.4 0 5.99 3544.5 55.4 0 0 0 0 0.0110917 0 0.166099 98.2866 1.5362 0 0 0 0

## nvme:f2fs:DRBL:6:directio
# ncpu secs works works/sec real.sec user.sec nice.sec sys.sec idle.sec iowait.sec irq.sec softirq.sec steal.sec guest.sec user.util nice.util sys.util idle.util iowait.util irq.util softirq.util steal.util guest.util

6 30.000083 974642.000000 32487.977144 30.0855 0.36 0 6.2 3544.71 55.19 0 0 0 0 0.00998209 0 0.171914 98.2878 1.53031 0 0 0 0

## nvme:f2fs:DRBL:5:directio
# ncpu secs works works/sec real.sec user.sec nice.sec sys.sec idle.sec iowait.sec irq.sec softirq.sec steal.sec guest.sec user.util nice.util sys.util idle.util iowait.util irq.util softirq.util steal.util guest.util

5 30.000160 972569.000000 32418.793766 30.0858 0.41 0 5.87 3545.51 54.62 0 0 0 0 0.0113686 0 0.162766 98.3113 1.51453 0 0 0 0

## nvme:f2fs:DRBL:4:directio
# ncpu secs works works/sec real.sec user.sec nice.sec sys.sec idle.sec iowait.sec irq.sec softirq.sec steal.sec guest.sec user.util nice.util sys.util idle.util iowait.util irq.util softirq.util steal.util guest.util

4 30.000091 974666.000000 32488.767576 30.0855 0.36 0 6 3574.32 25.52 0 0 0 0 0.00998281 0 0.16638 99.116 0.70767 0 0 0 0

## nvme:f2fs:DRBL:3:directio
# ncpu secs works works/sec real.sec user.sec nice.sec sys.sec idle.sec iowait.sec irq.sec softirq.sec steal.sec guest.sec user.util nice.util sys.util idle.util iowait.util irq.util softirq.util steal.util guest.util

3 30.000097 972506.000000 32416.761852 30.0935 0.38 0 5.8 3576 25.04 0 0 0 0 0.0105344 0 0.160789 99.1345 0.694163 0 0 0 0

## nvme:f2fs:DRBL:2:directio
# ncpu secs works works/sec real.sec user.sec nice.sec sys.sec idle.sec iowait.sec irq.sec softirq.sec steal.sec guest.sec user.util nice.util sys.util idle.util iowait.util irq.util softirq.util steal.util guest.util

2 30.000066 803280.000000 26775.941093 30.0853 0.31 0 4.88 3576.98 25.06 0 0.01 0 0 0.00859383 0 0.135283 99.1611 0.694714 0 0.00027722 0 0

## nvme:f2fs:DRBL:1:directio
# ncpu secs works works/sec real.sec user.sec nice.sec sys.sec idle.sec iowait.sec irq.sec softirq.sec steal.sec guest.sec user.util nice.util sys.util idle.util iowait.util irq.util softirq.util steal.util guest.util

1 30.000083 515092.000000 17169.685831 30.0884 0.22 0 3.25 3580.32 25.12 0 0 0 0 0.00609602 0 0.0900549 99.2078 0.696055 0 0 0 0

### NUM_TEST_CONF  = 120
