### SYSTEM         = Linux lass 4.14.11debug+ #1 SMP Tue Jan 14 02:29:01 PST 2020 x86_64 x86_64 x86_64 GNU/Linux
### DISK_SIZE      = 32G
### DURATION       = 30s
### DIRECTIO       = bufferedio,directio
### MEDIA_TYPES    = ssd,hdd,nvme,mem
### FS_TYPES       = ext4,ext4_no_jnl,xfs,btrfs,f2fs
### BENCH_TYPES    = DWAL,DWOL,DWOM,DWSL,DWSM,MWRL,MWRM,MWCL,MWCM,MWUM,MWUL,DWTL,DWSM10,DWSM100,DWSM1000,DWSM10000,DWSL10,DWSL100,DWSL1000,DWSL10000,filebench_varmail,filebench_oltp,filebench_fileserver,dbench_client,MRPL,MRPM,MRPH,MRDM,MRDL,DRBH,DRBM,DRBL,DWRM
### NCORES         = 1,2,3,4,5,6,7,8,9,10,11,12,13,14,15,16,17,18,19,20,21,22,23,24,25,26,27,28,29,30,31,32,33,34,35,36,37,38,39,40,41,42,43,44,45,46,47,48,49,50,51,52,53,54,55,56,57,58,59,60,61,62,63,64,65,66,67,68,69,70,71,72,73,74,75,76,77,78,79,80,81,82,83,84,85,86,87,88,89,90,91,92,93,94,95,96,97,98,99,100,101,102,103,104,105,106,107,108,109,110,111,112,113,114,115,116,117,118,119,120
### CORE_SEQ       = 0,1,2,3,4,5,6,7,8,9,10,11,12,13,14,15,16,17,18,19,20,21,22,23,24,25,26,27,28,29,30,31,32,33,34,35,36,37,38,39,40,41,42,43,44,45,46,47,48,49,50,51,52,53,54,55,56,57,58,59,60,61,62,63,64,65,66,67,68,69,70,71,72,73,74,75,76,77,78,79,80,81,82,83,84,85,86,87,88,89,90,91,92,93,94,95,96,97,98,99,100,101,102,103,104,105,106,107,108,109,110,111,112,113,114,115,116,117,118,119


### MODEL_NAME     = Intel(R) Xeon(R) CPU E7-8870 v2 @ 2.30GHz
### PHYSICAL_CHIPS = 8
### CORE_PER_CHIP  = 15
### SMT_LEVEL      = 1


## nvme:f2fs:DRBM:120:directio
# ncpu secs works works/sec real.sec user.sec nice.sec sys.sec idle.sec iowait.sec irq.sec softirq.sec steal.sec guest.sec user.util nice.util sys.util idle.util iowait.util irq.util softirq.util steal.util guest.util

120 29.998969 1947899.000000 64932.197809 30.0926 3.41 0 73.52 2572.41 913.13 0 0.01 0 0 0.0957198 0 2.06373 72.2084 25.6319 0 0.000280703 0 0

## nvme:f2fs:DRBM:119:directio
# ncpu secs works works/sec real.sec user.sec nice.sec sys.sec idle.sec iowait.sec irq.sec softirq.sec steal.sec guest.sec user.util nice.util sys.util idle.util iowait.util irq.util softirq.util steal.util guest.util

119 30.000605 1946988.000000 64898.291854 30.0991 3.42 0 73.09 2573.18 913.57 0 0.01 0 0 0.0959793 0 2.05121 72.214 25.6385 0 0.000280641 0 0

## nvme:f2fs:DRBM:118:directio
# ncpu secs works works/sec real.sec user.sec nice.sec sys.sec idle.sec iowait.sec irq.sec softirq.sec steal.sec guest.sec user.util nice.util sys.util idle.util iowait.util irq.util softirq.util steal.util guest.util

118 30.000103 1946583.000000 64885.877537 30.0962 2.87 0 74.08 2572.89 913.86 0 0 0 0 0.0805343 0 2.07874 72.1972 25.6436 0 0 0 0

## nvme:f2fs:DRBM:117:directio
# ncpu secs works works/sec real.sec user.sec nice.sec sys.sec idle.sec iowait.sec irq.sec softirq.sec steal.sec guest.sec user.util nice.util sys.util idle.util iowait.util irq.util softirq.util steal.util guest.util

117 30.000143 1946278.000000 64875.623021 30.0959 2.81 0 72.8 2603.04 884.8 0 0.01 0 0 0.0788559 0 2.04296 73.0481 24.8298 0 0.000280626 0 0

## nvme:f2fs:DRBM:116:directio
# ncpu secs works works/sec real.sec user.sec nice.sec sys.sec idle.sec iowait.sec irq.sec softirq.sec steal.sec guest.sec user.util nice.util sys.util idle.util iowait.util irq.util softirq.util steal.util guest.util

116 30.000057 1946477.000000 64882.444099 30.0956 3.41 0 73.53 2602.97 882.93 0 0 0 0 0.0957102 0 2.0638 73.0589 24.7816 0 0 0 0

## nvme:f2fs:DRBM:115:directio
# ncpu secs works works/sec real.sec user.sec nice.sec sys.sec idle.sec iowait.sec irq.sec softirq.sec steal.sec guest.sec user.util nice.util sys.util idle.util iowait.util irq.util softirq.util steal.util guest.util

115 29.999429 1946338.000000 64879.168746 30.0934 3.13 0 70.16 2605.15 885.9 0 0 0 0 0.0878143 0 1.96839 73.0893 24.8545 0 0 0 0

## nvme:f2fs:DRBM:114:directio
# ncpu secs works works/sec real.sec user.sec nice.sec sys.sec idle.sec iowait.sec irq.sec softirq.sec steal.sec guest.sec user.util nice.util sys.util idle.util iowait.util irq.util softirq.util steal.util guest.util

114 29.999041 1946176.000000 64874.606532 30.0935 3.41 0 72.39 2604.33 884.65 0 0 0 0 0.0956581 0 2.0307 73.0572 24.8164 0 0 0 0

## nvme:f2fs:DRBM:113:directio
# ncpu secs works works/sec real.sec user.sec nice.sec sys.sec idle.sec iowait.sec irq.sec softirq.sec steal.sec guest.sec user.util nice.util sys.util idle.util iowait.util irq.util softirq.util steal.util guest.util

113 29.999371 1946483.000000 64884.127090 30.0924 3.23 0 73.41 2632.84 854.47 0 0 0 0 0.0906298 0 2.05979 73.8742 23.9754 0 0 0 0

## nvme:f2fs:DRBM:112:directio
# ncpu secs works works/sec real.sec user.sec nice.sec sys.sec idle.sec iowait.sec irq.sec softirq.sec steal.sec guest.sec user.util nice.util sys.util idle.util iowait.util irq.util softirq.util steal.util guest.util

112 29.999621 1946455.000000 64882.653230 30.0938 3.3 0 71.72 2634.22 856.03 0 0 0 0 0.0925596 0 2.01163 73.8856 24.0102 0 0 0 0

## nvme:f2fs:DRBM:111:directio
# ncpu secs works works/sec real.sec user.sec nice.sec sys.sec idle.sec iowait.sec irq.sec softirq.sec steal.sec guest.sec user.util nice.util sys.util idle.util iowait.util irq.util softirq.util steal.util guest.util

111 29.999868 1946423.000000 64881.053098 30.0934 3.16 0 73.96 2633.9 854.26 0 0 0 0 0.0886326 0 2.07445 73.8764 23.9605 0 0 0 0

## nvme:f2fs:DRBM:110:directio
# ncpu secs works works/sec real.sec user.sec nice.sec sys.sec idle.sec iowait.sec irq.sec softirq.sec steal.sec guest.sec user.util nice.util sys.util idle.util iowait.util irq.util softirq.util steal.util guest.util

110 29.999364 1946469.000000 64883.675239 30.0935 3.23 0 68.81 2637.19 857 0 0 0 0 0.0905718 0 1.92949 73.949 24.031 0 0 0 0

## nvme:f2fs:DRBM:109:directio
# ncpu secs works works/sec real.sec user.sec nice.sec sys.sec idle.sec iowait.sec irq.sec softirq.sec steal.sec guest.sec user.util nice.util sys.util idle.util iowait.util irq.util softirq.util steal.util guest.util

109 29.999607 1946510.000000 64884.515801 30.0916 2.82 0 70.69 2665.3 825.84 0 0 0 0 0.0791102 0 1.98308 74.7703 23.1675 0 0 0 0

## nvme:f2fs:DRBM:108:directio
# ncpu secs works works/sec real.sec user.sec nice.sec sys.sec idle.sec iowait.sec irq.sec softirq.sec steal.sec guest.sec user.util nice.util sys.util idle.util iowait.util irq.util softirq.util steal.util guest.util

108 30.000341 1946704.000000 64889.395998 30.0917 3.22 0 72.73 2664.29 825.64 0 0.01 0 0 0.0903 0 2.0396 74.716 23.1538 0 0.000280435 0 0

## nvme:f2fs:DRBM:107:directio
# ncpu secs works works/sec real.sec user.sec nice.sec sys.sec idle.sec iowait.sec irq.sec softirq.sec steal.sec guest.sec user.util nice.util sys.util idle.util iowait.util irq.util softirq.util steal.util guest.util

107 30.000659 1946729.000000 64889.541037 30.0923 3.2 0 71.57 2665.08 825.7 0 0 0 0 0.0897477 0 2.00726 74.7453 23.1577 0 0 0 0

## nvme:f2fs:DRBM:106:directio
# ncpu secs works works/sec real.sec user.sec nice.sec sys.sec idle.sec iowait.sec irq.sec softirq.sec steal.sec guest.sec user.util nice.util sys.util idle.util iowait.util irq.util softirq.util steal.util guest.util

106 29.999490 1946584.000000 64887.236274 30.0908 3.07 0 70.11 2666.76 826.65 0 0 0 0 0.0860766 0 1.96574 74.7706 23.1776 0 0 0 0

## nvme:f2fs:DRBM:105:directio
# ncpu secs works works/sec real.sec user.sec nice.sec sys.sec idle.sec iowait.sec irq.sec softirq.sec steal.sec guest.sec user.util nice.util sys.util idle.util iowait.util irq.util softirq.util steal.util guest.util

105 30.000225 1946703.000000 64889.612978 30.0925 3.22 0 71.01 2695.95 798.35 0 0 0 0 0.0902332 0 1.98989 75.5479 22.372 0 0 0 0

## nvme:f2fs:DRBM:104:directio
# ncpu secs works works/sec real.sec user.sec nice.sec sys.sec idle.sec iowait.sec irq.sec softirq.sec steal.sec guest.sec user.util nice.util sys.util idle.util iowait.util irq.util softirq.util steal.util guest.util

104 30.000802 1946637.000000 64886.164732 30.0946 3.22 0 70.28 2697.52 797.54 0 0.01 0 0 0.0902322 0 1.96942 75.5911 22.349 0 0.000280224 0 0

## nvme:f2fs:DRBM:103:directio
# ncpu secs works works/sec real.sec user.sec nice.sec sys.sec idle.sec iowait.sec irq.sec softirq.sec steal.sec guest.sec user.util nice.util sys.util idle.util iowait.util irq.util softirq.util steal.util guest.util

103 29.999537 1946787.000000 64893.901340 30.0946 3.17 0 67.58 2699.38 800.09 0 0 0 0 0.08879 0 1.89288 75.6082 22.4101 0 0 0 0

## nvme:f2fs:DRBM:102:directio
# ncpu secs works works/sec real.sec user.sec nice.sec sys.sec idle.sec iowait.sec irq.sec softirq.sec steal.sec guest.sec user.util nice.util sys.util idle.util iowait.util irq.util softirq.util steal.util guest.util

102 29.999610 1946653.000000 64889.277403 30.0939 3.06 0 66.42 2730.04 770.11 0 0.02 0 0 0.0857227 0 1.86069 76.4792 21.5738 0 0.000560279 0 0

## nvme:f2fs:DRBM:101:directio
# ncpu secs works works/sec real.sec user.sec nice.sec sys.sec idle.sec iowait.sec irq.sec softirq.sec steal.sec guest.sec user.util nice.util sys.util idle.util iowait.util irq.util softirq.util steal.util guest.util

101 29.999017 1946667.000000 64891.026006 30.0933 2.87 0 67.46 2728.86 769.85 0 0 0 0 0.0804138 0 1.89014 76.4592 21.5702 0 0 0 0

## nvme:f2fs:DRBM:100:directio
# ncpu secs works works/sec real.sec user.sec nice.sec sys.sec idle.sec iowait.sec irq.sec softirq.sec steal.sec guest.sec user.util nice.util sys.util idle.util iowait.util irq.util softirq.util steal.util guest.util

100 30.001376 1946538.000000 64881.623556 30.0936 3.12 0 70.13 2727.38 767.85 0 0 0 0 0.0874322 0 1.96526 76.4297 21.5176 0 0 0 0

## nvme:f2fs:DRBM:99:directio
# ncpu secs works works/sec real.sec user.sec nice.sec sys.sec idle.sec iowait.sec irq.sec softirq.sec steal.sec guest.sec user.util nice.util sys.util idle.util iowait.util irq.util softirq.util steal.util guest.util

99 30.000726 1946542.000000 64883.164144 30.0918 3.03 0 63.44 2733.59 770.79 0 0 0 0 0.0848537 0 1.77661 76.5529 21.5856 0 0 0 0

## nvme:f2fs:DRBM:98:directio
# ncpu secs works works/sec real.sec user.sec nice.sec sys.sec idle.sec iowait.sec irq.sec softirq.sec steal.sec guest.sec user.util nice.util sys.util idle.util iowait.util irq.util softirq.util steal.util guest.util

98 29.999610 1946597.000000 64887.410490 30.0939 3.22 0 68.8 2759.04 740.08 0 0 0 0 0.0901673 0 1.92656 77.2594 20.7239 0 0 0 0

## nvme:f2fs:DRBM:97:directio
# ncpu secs works works/sec real.sec user.sec nice.sec sys.sec idle.sec iowait.sec irq.sec softirq.sec steal.sec guest.sec user.util nice.util sys.util idle.util iowait.util irq.util softirq.util steal.util guest.util

97 29.999958 1946551.000000 64885.123258 30.0934 2.77 0 67.73 2760.09 740.57 0 0 0 0 0.0775658 0 1.89658 77.2883 20.7375 0 0 0 0

## nvme:f2fs:DRBM:96:directio
# ncpu secs works works/sec real.sec user.sec nice.sec sys.sec idle.sec iowait.sec irq.sec softirq.sec steal.sec guest.sec user.util nice.util sys.util idle.util iowait.util irq.util softirq.util steal.util guest.util

96 29.999717 1946642.000000 64888.678130 30.0918 3.1 0 68.75 2760.22 739.74 0 0 0 0 0.0867907 0 1.92479 77.2779 20.7105 0 0 0 0

## nvme:f2fs:DRBM:95:directio
# ncpu secs works works/sec real.sec user.sec nice.sec sys.sec idle.sec iowait.sec irq.sec softirq.sec steal.sec guest.sec user.util nice.util sys.util idle.util iowait.util irq.util softirq.util steal.util guest.util

95 29.999302 1946527.000000 64885.742234 30.0929 3.03 0 64.19 2763.87 741.42 0 0 0 0 0.0848143 0 1.79678 77.3649 20.7535 0 0 0 0

## nvme:f2fs:DRBM:94:directio
# ncpu secs works works/sec real.sec user.sec nice.sec sys.sec idle.sec iowait.sec irq.sec softirq.sec steal.sec guest.sec user.util nice.util sys.util idle.util iowait.util irq.util softirq.util steal.util guest.util

94 29.999295 1946678.000000 64890.790979 30.0937 2.98 0 61.31 2794.93 714.54 0 0 0 0 0.0833856 0 1.71556 78.207 19.9941 0 0 0 0

## nvme:f2fs:DRBM:93:directio
# ncpu secs works works/sec real.sec user.sec nice.sec sys.sec idle.sec iowait.sec irq.sec softirq.sec steal.sec guest.sec user.util nice.util sys.util idle.util iowait.util irq.util softirq.util steal.util guest.util

93 30.000701 1946806.000000 64892.018093 30.0991 3.72 0 65.45 2792.94 712.54 0 0.01 0 0 0.104066 0 1.83094 78.1316 19.9331 0 0.000279747 0 0

## nvme:f2fs:DRBM:92:directio
# ncpu secs works works/sec real.sec user.sec nice.sec sys.sec idle.sec iowait.sec irq.sec softirq.sec steal.sec guest.sec user.util nice.util sys.util idle.util iowait.util irq.util softirq.util steal.util guest.util

92 30.000908 1946752.000000 64889.769078 30.0927 2.93 0 65.39 2793.64 712.33 0 0 0 0 0.0819743 0 1.82945 78.1593 19.9293 0 0 0 0

## nvme:f2fs:DRBM:91:directio
# ncpu secs works works/sec real.sec user.sec nice.sec sys.sec idle.sec iowait.sec irq.sec softirq.sec steal.sec guest.sec user.util nice.util sys.util idle.util iowait.util irq.util softirq.util steal.util guest.util

91 29.999833 1946712.000000 64890.762152 30.0912 2.86 0 58.27 2799.29 716.11 0 0.01 0 0 0.0799656 0 1.62923 78.2681 20.0224 0 0.0002796 0 0

## nvme:f2fs:DRBM:90:directio
# ncpu secs works works/sec real.sec user.sec nice.sec sys.sec idle.sec iowait.sec irq.sec softirq.sec steal.sec guest.sec user.util nice.util sys.util idle.util iowait.util irq.util softirq.util steal.util guest.util

90 29.999650 1946766.000000 64892.956796 30.0927 2.9 0 59.55 2828.25 688.25 0 0 0 0 0.0810294 0 1.6639 79.0246 19.2305 0 0 0 0

## nvme:f2fs:DRBM:89:directio
# ncpu secs works works/sec real.sec user.sec nice.sec sys.sec idle.sec iowait.sec irq.sec softirq.sec steal.sec guest.sec user.util nice.util sys.util idle.util iowait.util irq.util softirq.util steal.util guest.util

89 30.000199 1946752.000000 64891.303009 30.0906 2.9 0 59.97 2828.33 688.62 0 0.01 0 0 0.0810094 0 1.67522 79.0074 19.2361 0 0.000279343 0 0

## nvme:f2fs:DRBM:88:directio
# ncpu secs works works/sec real.sec user.sec nice.sec sys.sec idle.sec iowait.sec irq.sec softirq.sec steal.sec guest.sec user.util nice.util sys.util idle.util iowait.util irq.util softirq.util steal.util guest.util

88 30.000060 1946643.000000 64887.970126 30.0929 3.11 0 59.64 2829.01 686.58 0 0 0 0 0.0869118 0 1.66669 79.0593 19.1871 0 0 0 0

## nvme:f2fs:DRBM:87:directio
# ncpu secs works works/sec real.sec user.sec nice.sec sys.sec idle.sec iowait.sec irq.sec softirq.sec steal.sec guest.sec user.util nice.util sys.util idle.util iowait.util irq.util softirq.util steal.util guest.util

87 30.000737 1946740.000000 64889.738339 30.0919 2.81 0 59.02 2857.9 659.63 0 0 0 0 0.0785057 0 1.6489 79.8439 18.4287 0 0 0 0

## nvme:f2fs:DRBM:86:directio
# ncpu secs works works/sec real.sec user.sec nice.sec sys.sec idle.sec iowait.sec irq.sec softirq.sec steal.sec guest.sec user.util nice.util sys.util idle.util iowait.util irq.util softirq.util steal.util guest.util

86 30.000151 1946417.000000 64880.240153 30.0925 2.92 0 60.12 2858.3 659.17 0 0 0 0 0.0815526 0 1.67909 79.8294 18.4099 0 0 0 0

## nvme:f2fs:DRBM:85:directio
# ncpu secs works works/sec real.sec user.sec nice.sec sys.sec idle.sec iowait.sec irq.sec softirq.sec steal.sec guest.sec user.util nice.util sys.util idle.util iowait.util irq.util softirq.util steal.util guest.util

85 30.000368 1946633.000000 64886.970898 30.0914 2.88 0 56.93 2861.28 659.63 0 0 0 0 0.0804308 0 1.5899 79.908 18.4217 0 0 0 0

## nvme:f2fs:DRBM:84:directio
# ncpu secs works works/sec real.sec user.sec nice.sec sys.sec idle.sec iowait.sec irq.sec softirq.sec steal.sec guest.sec user.util nice.util sys.util idle.util iowait.util irq.util softirq.util steal.util guest.util

84 30.000292 1946439.000000 64880.667928 30.0906 3.19 0 56.52 2862.48 659 0 0 0 0 0.0890765 0 1.57825 79.931 18.4017 0 0 0 0

## nvme:f2fs:DRBM:83:directio
# ncpu secs works works/sec real.sec user.sec nice.sec sys.sec idle.sec iowait.sec irq.sec softirq.sec steal.sec guest.sec user.util nice.util sys.util idle.util iowait.util irq.util softirq.util steal.util guest.util

83 29.999554 1946626.000000 64888.497201 30.0905 2.86 0 58.62 2889.49 629.07 0 0 0 0 0.0798874 0 1.63741 80.7111 17.5716 0 0 0 0

## nvme:f2fs:DRBM:82:directio
# ncpu secs works works/sec real.sec user.sec nice.sec sys.sec idle.sec iowait.sec irq.sec softirq.sec steal.sec guest.sec user.util nice.util sys.util idle.util iowait.util irq.util softirq.util steal.util guest.util

82 30.000897 1946585.000000 64884.226866 30.0932 2.62 0 57.59 2890.97 629.98 0 0.01 0 0 0.0731604 0 1.60813 80.727 17.5915 0 0.000279238 0 0

## nvme:f2fs:DRBM:81:directio
# ncpu secs works works/sec real.sec user.sec nice.sec sys.sec idle.sec iowait.sec irq.sec softirq.sec steal.sec guest.sec user.util nice.util sys.util idle.util iowait.util irq.util softirq.util steal.util guest.util

81 29.999996 1946841.000000 64894.707611 30.0928 2.83 0 54.95 2894.51 629.84 0 0 0 0 0.0790033 0 1.534 80.8042 17.5828 0 0 0 0

## nvme:f2fs:DRBM:80:directio
# ncpu secs works works/sec real.sec user.sec nice.sec sys.sec idle.sec iowait.sec irq.sec softirq.sec steal.sec guest.sec user.util nice.util sys.util idle.util iowait.util irq.util softirq.util steal.util guest.util

80 30.000079 1946685.000000 64889.329341 30.0926 2.79 0 56.74 2893.44 629.36 0 0 0 0 0.0778823 0 1.58389 80.7698 17.5685 0 0 0 0

## nvme:f2fs:DRBM:79:directio
# ncpu secs works works/sec real.sec user.sec nice.sec sys.sec idle.sec iowait.sec irq.sec softirq.sec steal.sec guest.sec user.util nice.util sys.util idle.util iowait.util irq.util softirq.util steal.util guest.util

79 30.000830 1946586.000000 64884.405193 30.0911 2.72 0 55.44 2923.56 600.44 0 0 0 0 0.0759318 0 1.54767 81.6144 16.762 0 0 0 0

## nvme:f2fs:DRBM:78:directio
# ncpu secs works works/sec real.sec user.sec nice.sec sys.sec idle.sec iowait.sec irq.sec softirq.sec steal.sec guest.sec user.util nice.util sys.util idle.util iowait.util irq.util softirq.util steal.util guest.util

78 30.000568 1946794.000000 64891.905268 30.0902 2.71 0 51.7 2927.11 601.68 0 0 0 0 0.0756307 0 1.44284 81.6898 16.7917 0 0 0 0

## nvme:f2fs:DRBM:77:directio
# ncpu secs works works/sec real.sec user.sec nice.sec sys.sec idle.sec iowait.sec irq.sec softirq.sec steal.sec guest.sec user.util nice.util sys.util idle.util iowait.util irq.util softirq.util steal.util guest.util

77 30.000775 1946671.000000 64887.356150 30.0908 2.39 0 51.71 2927.87 601.13 0 0 0 0 0.066702 0 1.44316 81.7133 16.7768 0 0 0 0

## nvme:f2fs:DRBM:76:directio
# ncpu secs works works/sec real.sec user.sec nice.sec sys.sec idle.sec iowait.sec irq.sec softirq.sec steal.sec guest.sec user.util nice.util sys.util idle.util iowait.util irq.util softirq.util steal.util guest.util

76 30.000067 1946690.000000 64889.522401 30.0921 2.64 0 51.52 2929.38 600.93 0 0 0 0 0.0736511 0 1.43731 81.7242 16.7648 0 0 0 0

## nvme:f2fs:DRBM:75:directio
# ncpu secs works works/sec real.sec user.sec nice.sec sys.sec idle.sec iowait.sec irq.sec softirq.sec steal.sec guest.sec user.util nice.util sys.util idle.util iowait.util irq.util softirq.util steal.util guest.util

75 30.000536 1946508.000000 64882.440104 30.0904 2.39 0 46.86 2961.69 575.33 0 0 0 0 0.0666431 0 1.30665 82.5841 16.0426 0 0 0 0

## nvme:f2fs:DRBM:74:directio
# ncpu secs works works/sec real.sec user.sec nice.sec sys.sec idle.sec iowait.sec irq.sec softirq.sec steal.sec guest.sec user.util nice.util sys.util idle.util iowait.util irq.util softirq.util steal.util guest.util

74 29.999829 1946518.000000 64884.304138 30.0906 2.36 0 47.33 2963.09 573.28 0 0 0 0 0.0658104 0 1.31983 82.628 15.9863 0 0 0 0

## nvme:f2fs:DRBM:73:directio
# ncpu secs works works/sec real.sec user.sec nice.sec sys.sec idle.sec iowait.sec irq.sec softirq.sec steal.sec guest.sec user.util nice.util sys.util idle.util iowait.util irq.util softirq.util steal.util guest.util

73 30.001206 1946811.000000 64891.090845 30.0907 2.28 0 45.79 2964.21 573.96 0 0 0 0 0.0635763 0 1.27682 82.6551 16.0045 0 0 0 0

## nvme:f2fs:DRBM:72:directio
# ncpu secs works works/sec real.sec user.sec nice.sec sys.sec idle.sec iowait.sec irq.sec softirq.sec steal.sec guest.sec user.util nice.util sys.util idle.util iowait.util irq.util softirq.util steal.util guest.util

72 30.000021 1946383.000000 64879.387317 30.09 2.38 0 47.48 2993.89 543.65 0 0 0 0 0.0663433 0 1.32352 83.4557 15.1544 0 0 0 0

## nvme:f2fs:DRBM:71:directio
# ncpu secs works works/sec real.sec user.sec nice.sec sys.sec idle.sec iowait.sec irq.sec softirq.sec steal.sec guest.sec user.util nice.util sys.util idle.util iowait.util irq.util softirq.util steal.util guest.util

71 30.000076 1946479.000000 64882.469817 30.0888 2.31 0 41.32 2999.26 545.55 0 0.01 0 0 0.0643732 0 1.15147 83.5809 15.2029 0 0.000278672 0 0

## nvme:f2fs:DRBM:70:directio
# ncpu secs works works/sec real.sec user.sec nice.sec sys.sec idle.sec iowait.sec irq.sec softirq.sec steal.sec guest.sec user.util nice.util sys.util idle.util iowait.util irq.util softirq.util steal.util guest.util

70 30.000984 1946591.000000 64884.239483 30.0928 2.2 0 40.44 3001.42 545.2 0 0 0 0 0.061294 0 1.12669 83.6223 15.1898 0 0 0 0

## nvme:f2fs:DRBM:69:directio
# ncpu secs works works/sec real.sec user.sec nice.sec sys.sec idle.sec iowait.sec irq.sec softirq.sec steal.sec guest.sec user.util nice.util sys.util idle.util iowait.util irq.util softirq.util steal.util guest.util

69 30.000090 1946586.000000 64886.004433 30.0892 2 0 39.1 3002.22 545.2 0 0 0 0 0.0557333 0 1.08959 83.6618 15.1929 0 0 0 0

## nvme:f2fs:DRBM:68:directio
# ncpu secs works works/sec real.sec user.sec nice.sec sys.sec idle.sec iowait.sec irq.sec softirq.sec steal.sec guest.sec user.util nice.util sys.util idle.util iowait.util irq.util softirq.util steal.util guest.util

68 30.000484 1946593.000000 64885.386643 30.0897 2 0 41.05 3030.83 515.35 0 0 0 0 0.0557223 0 1.1437 84.4423 14.3582 0 0 0 0

## nvme:f2fs:DRBM:67:directio
# ncpu secs works works/sec real.sec user.sec nice.sec sys.sec idle.sec iowait.sec irq.sec softirq.sec steal.sec guest.sec user.util nice.util sys.util idle.util iowait.util irq.util softirq.util steal.util guest.util

67 30.001136 1946591.000000 64883.909794 30.0925 2.14 0 38.94 3033.06 515.66 0 0 0 0 0.0596133 0 1.08474 84.4911 14.3646 0 0 0 0

## nvme:f2fs:DRBM:66:directio
# ncpu secs works works/sec real.sec user.sec nice.sec sys.sec idle.sec iowait.sec irq.sec softirq.sec steal.sec guest.sec user.util nice.util sys.util idle.util iowait.util irq.util softirq.util steal.util guest.util

66 30.000312 1946709.000000 64889.625738 30.0909 2 0 40.62 3031.02 515.7 0 0 0 0 0.0557206 0 1.13168 84.4451 14.3675 0 0 0 0

## nvme:f2fs:DRBM:65:directio
# ncpu secs works works/sec real.sec user.sec nice.sec sys.sec idle.sec iowait.sec irq.sec softirq.sec steal.sec guest.sec user.util nice.util sys.util idle.util iowait.util irq.util softirq.util steal.util guest.util

65 30.000009 1946680.000000 64889.313667 30.0889 2.03 0 42.01 3030.75 514.71 0 0 0 0 0.0565538 0 1.17036 84.4338 14.3393 0 0 0 0

## nvme:f2fs:DRBM:64:directio
# ncpu secs works works/sec real.sec user.sec nice.sec sys.sec idle.sec iowait.sec irq.sec softirq.sec steal.sec guest.sec user.util nice.util sys.util idle.util iowait.util irq.util softirq.util steal.util guest.util

64 30.000724 1946981.000000 64897.801311 30.0899 2.07 0 39.85 3061.7 486.05 0 0 0 0 0.0576655 0 1.11013 85.292 13.5402 0 0 0 0

## nvme:f2fs:DRBM:63:directio
# ncpu secs works works/sec real.sec user.sec nice.sec sys.sec idle.sec iowait.sec irq.sec softirq.sec steal.sec guest.sec user.util nice.util sys.util idle.util iowait.util irq.util softirq.util steal.util guest.util

63 29.999993 1946533.000000 64884.448816 30.0895 2.13 0 42.48 3060.17 484.8 0 0 0 0 0.0593384 0 1.18343 85.2515 13.5058 0 0 0 0

## nvme:f2fs:DRBM:62:directio
# ncpu secs works works/sec real.sec user.sec nice.sec sys.sec idle.sec iowait.sec irq.sec softirq.sec steal.sec guest.sec user.util nice.util sys.util idle.util iowait.util irq.util softirq.util steal.util guest.util

62 29.999835 1946657.000000 64888.922718 30.089 1.8 0 38.46 3062.63 486.16 0 0 0 0 0.0501525 0 1.07159 85.3326 13.5456 0 0 0 0

## nvme:f2fs:DRBM:61:directio
# ncpu secs works works/sec real.sec user.sec nice.sec sys.sec idle.sec iowait.sec irq.sec softirq.sec steal.sec guest.sec user.util nice.util sys.util idle.util iowait.util irq.util softirq.util steal.util guest.util

61 30.000394 1946615.000000 64886.315415 30.0932 2.03 0 40.77 3062.38 485.19 0 0.01 0 0 0.05654 0 1.13553 85.294 13.5136 0 0.000278522 0 0

## nvme:f2fs:DRBM:60:directio
# ncpu secs works works/sec real.sec user.sec nice.sec sys.sec idle.sec iowait.sec irq.sec softirq.sec steal.sec guest.sec user.util nice.util sys.util idle.util iowait.util irq.util softirq.util steal.util guest.util

60 30.000146 1946577.000000 64885.583466 30.0898 1.83 0 36.48 3095.52 457.75 0 0 0 0 0.0509525 0 1.01571 86.1883 12.7451 0 0 0 0

## nvme:f2fs:DRBM:59:directio
# ncpu secs works works/sec real.sec user.sec nice.sec sys.sec idle.sec iowait.sec irq.sec softirq.sec steal.sec guest.sec user.util nice.util sys.util idle.util iowait.util irq.util softirq.util steal.util guest.util

59 30.000802 1946526.000000 64882.465879 30.0891 1.86 0 36.38 3095.47 458.05 0 0 0 0 0.0517852 0 1.01287 86.1825 12.7528 0 0 0 0

## nvme:f2fs:DRBM:58:directio
# ncpu secs works works/sec real.sec user.sec nice.sec sys.sec idle.sec iowait.sec irq.sec softirq.sec steal.sec guest.sec user.util nice.util sys.util idle.util iowait.util irq.util softirq.util steal.util guest.util

58 30.000410 1946627.000000 64886.679211 30.0889 1.68 0 39.06 3093.13 457.19 0 0.01 0 0 0.0467827 0 1.0877 86.1339 12.7313 0 0.000278469 0 0

## nvme:f2fs:DRBM:57:directio
# ncpu secs works works/sec real.sec user.sec nice.sec sys.sec idle.sec iowait.sec irq.sec softirq.sec steal.sec guest.sec user.util nice.util sys.util idle.util iowait.util irq.util softirq.util steal.util guest.util

57 30.000411 1946466.000000 64881.312188 30.0903 1.86 0 35.01 3126.15 429.07 0 0 0 0 0.0517804 0 0.974642 87.0287 11.9449 0 0 0 0

## nvme:f2fs:DRBM:56:directio
# ncpu secs works works/sec real.sec user.sec nice.sec sys.sec idle.sec iowait.sec irq.sec softirq.sec steal.sec guest.sec user.util nice.util sys.util idle.util iowait.util irq.util softirq.util steal.util guest.util

56 30.000634 1946541.000000 64883.329031 30.0902 1.85 0 37.12 3125.86 428.05 0 0 0 0 0.0514907 0 1.03315 87.0015 11.9138 0 0 0 0

## nvme:f2fs:DRBM:55:directio
# ncpu secs works works/sec real.sec user.sec nice.sec sys.sec idle.sec iowait.sec irq.sec softirq.sec steal.sec guest.sec user.util nice.util sys.util idle.util iowait.util irq.util softirq.util steal.util guest.util

55 30.000402 1946575.000000 64884.962892 30.0887 1.9 0 34.83 3126.66 428.33 0 0 0 0 0.0528994 0 0.96973 87.0519 11.9255 0 0 0 0

## nvme:f2fs:DRBM:54:directio
# ncpu secs works works/sec real.sec user.sec nice.sec sys.sec idle.sec iowait.sec irq.sec softirq.sec steal.sec guest.sec user.util nice.util sys.util idle.util iowait.util irq.util softirq.util steal.util guest.util

54 30.000615 1946464.000000 64880.803237 30.0894 1.9 0 35.3 3126.38 428.15 0 0 0 0 0.0528993 0 0.982813 87.0438 11.9204 0 0 0 0

## nvme:f2fs:DRBM:53:directio
# ncpu secs works works/sec real.sec user.sec nice.sec sys.sec idle.sec iowait.sec irq.sec softirq.sec steal.sec guest.sec user.util nice.util sys.util idle.util iowait.util irq.util softirq.util steal.util guest.util

53 30.000356 1946480.000000 64881.896653 30.0896 1.85 0 34.85 3157.42 399.02 0 0 0 0 0.051487 0 0.969904 87.8736 11.1051 0 0 0 0

## nvme:f2fs:DRBM:52:directio
# ncpu secs works works/sec real.sec user.sec nice.sec sys.sec idle.sec iowait.sec irq.sec softirq.sec steal.sec guest.sec user.util nice.util sys.util idle.util iowait.util irq.util softirq.util steal.util guest.util

52 30.000875 1946533.000000 64882.540801 30.0902 1.72 0 36.24 3157.47 398.38 0 0 0 0 0.0478601 0 1.0084 87.8586 11.0852 0 0 0 0

## nvme:f2fs:DRBM:51:directio
# ncpu secs works works/sec real.sec user.sec nice.sec sys.sec idle.sec iowait.sec irq.sec softirq.sec steal.sec guest.sec user.util nice.util sys.util idle.util iowait.util irq.util softirq.util steal.util guest.util

51 30.000374 1946547.000000 64884.090815 30.0917 1.65 0 34.76 3157.89 398.31 0 0.01 0 0 0.0459275 0 0.967539 87.8994 11.0869 0 0.000278348 0 0

## nvme:f2fs:DRBM:50:directio
# ncpu secs works works/sec real.sec user.sec nice.sec sys.sec idle.sec iowait.sec irq.sec softirq.sec steal.sec guest.sec user.util nice.util sys.util idle.util iowait.util irq.util softirq.util steal.util guest.util

50 30.000520 1946731.000000 64889.907969 30.0897 1.64 0 37.46 3155.69 397.87 0 0 0 0 0.0456486 0 1.04268 87.8371 11.0745 0 0 0 0

## nvme:f2fs:DRBM:49:directio
# ncpu secs works works/sec real.sec user.sec nice.sec sys.sec idle.sec iowait.sec irq.sec softirq.sec steal.sec guest.sec user.util nice.util sys.util idle.util iowait.util irq.util softirq.util steal.util guest.util

49 30.000249 1946550.000000 64884.462209 30.0911 1.77 0 32.37 3190.18 369.66 0 0 0 0 0.049249 0 0.900673 88.7645 10.2855 0 0 0 0

## nvme:f2fs:DRBM:48:directio
# ncpu secs works works/sec real.sec user.sec nice.sec sys.sec idle.sec iowait.sec irq.sec softirq.sec steal.sec guest.sec user.util nice.util sys.util idle.util iowait.util irq.util softirq.util steal.util guest.util

48 30.000319 1946420.000000 64879.976596 30.0879 1.66 0 33.15 3190.86 369.05 0 0 0 0 0.0461788 0 0.922186 88.7652 10.2664 0 0 0 0

## nvme:f2fs:DRBM:47:directio
# ncpu secs works works/sec real.sec user.sec nice.sec sys.sec idle.sec iowait.sec irq.sec softirq.sec steal.sec guest.sec user.util nice.util sys.util idle.util iowait.util irq.util softirq.util steal.util guest.util

47 30.000406 1946666.000000 64887.988884 30.0923 1.78 0 31.07 3192.62 369.86 0 0 0 0 0.0495087 0 0.864177 88.7991 10.2872 0 0 0 0

## nvme:f2fs:DRBM:46:directio
# ncpu secs works works/sec real.sec user.sec nice.sec sys.sec idle.sec iowait.sec irq.sec softirq.sec steal.sec guest.sec user.util nice.util sys.util idle.util iowait.util irq.util softirq.util steal.util guest.util

46 30.000237 1946401.000000 64879.521819 30.0886 2.26 0 33.97 3190.39 368.56 0 0 0 0 0.0628619 0 0.944876 88.7408 10.2515 0 0 0 0

## nvme:f2fs:DRBM:45:directio
# ncpu secs works works/sec real.sec user.sec nice.sec sys.sec idle.sec iowait.sec irq.sec softirq.sec steal.sec guest.sec user.util nice.util sys.util idle.util iowait.util irq.util softirq.util steal.util guest.util

45 30.000284 1946572.000000 64885.118319 30.0881 1.38 0 30 3222.12 341.22 0 0 0 0 0.0383896 0 0.834557 89.6348 9.49226 0 0 0 0

## nvme:f2fs:DRBM:44:directio
# ncpu secs works works/sec real.sec user.sec nice.sec sys.sec idle.sec iowait.sec irq.sec softirq.sec steal.sec guest.sec user.util nice.util sys.util idle.util iowait.util irq.util softirq.util steal.util guest.util

44 30.000483 1946644.000000 64887.088700 30.0878 1.51 0 24.77 3228.02 342.17 0 0 0 0 0.0419856 0 0.688731 89.7552 9.51405 0 0 0 0

## nvme:f2fs:DRBM:43:directio
# ncpu secs works works/sec real.sec user.sec nice.sec sys.sec idle.sec iowait.sec irq.sec softirq.sec steal.sec guest.sec user.util nice.util sys.util idle.util iowait.util irq.util softirq.util steal.util guest.util

43 30.000925 1946772.000000 64890.399464 30.0895 1.63 0 27.34 3225.31 342.21 0 0 0 0 0.045322 0 0.760186 89.6794 9.51511 0 0 0 0

## nvme:f2fs:DRBM:42:directio
# ncpu secs works works/sec real.sec user.sec nice.sec sys.sec idle.sec iowait.sec irq.sec softirq.sec steal.sec guest.sec user.util nice.util sys.util idle.util iowait.util irq.util softirq.util steal.util guest.util

42 30.000917 1946550.000000 64883.017463 30.089 1.62 0 29.23 3252.43 312.62 0 0 0 0 0.0450513 0 0.81287 90.4483 8.69379 0 0 0 0

## nvme:f2fs:DRBM:41:directio
# ncpu secs works works/sec real.sec user.sec nice.sec sys.sec idle.sec iowait.sec irq.sec softirq.sec steal.sec guest.sec user.util nice.util sys.util idle.util iowait.util irq.util softirq.util steal.util guest.util

41 30.000429 1946643.000000 64887.172483 30.0881 1.43 0 24.42 3258.18 313.05 0 0 0 0 0.0397545 0 0.678884 90.5785 8.70289 0 0 0 0

## nvme:f2fs:DRBM:40:directio
# ncpu secs works works/sec real.sec user.sec nice.sec sys.sec idle.sec iowait.sec irq.sec softirq.sec steal.sec guest.sec user.util nice.util sys.util idle.util iowait.util irq.util softirq.util steal.util guest.util

40 30.000414 1947205.000000 64905.937523 30.0875 1.14 0 18.35 3264.31 314.15 0 0 0 0 0.0316847 0 0.510013 90.7269 8.73136 0 0 0 0

## nvme:f2fs:DRBM:39:directio
# ncpu secs works works/sec real.sec user.sec nice.sec sys.sec idle.sec iowait.sec irq.sec softirq.sec steal.sec guest.sec user.util nice.util sys.util idle.util iowait.util irq.util softirq.util steal.util guest.util

39 30.000154 1946648.000000 64887.933353 30.0876 1.29 0 22.09 3260.56 313.86 0 0 0 0 0.0358552 0 0.613986 90.6265 8.72366 0 0 0 0

## nvme:f2fs:DRBM:38:directio
# ncpu secs works works/sec real.sec user.sec nice.sec sys.sec idle.sec iowait.sec irq.sec softirq.sec steal.sec guest.sec user.util nice.util sys.util idle.util iowait.util irq.util softirq.util steal.util guest.util

38 30.000204 1946717.000000 64890.125300 30.0875 1.26 0 24.98 3286.71 283.94 0 0 0 0 0.0350303 0 0.694489 91.3764 7.89404 0 0 0 0

## nvme:f2fs:DRBM:37:directio
# ncpu secs works works/sec real.sec user.sec nice.sec sys.sec idle.sec iowait.sec irq.sec softirq.sec steal.sec guest.sec user.util nice.util sys.util idle.util iowait.util irq.util softirq.util steal.util guest.util

37 30.000314 1946743.000000 64890.753383 30.0885 1.31 0 21.69 3290.53 284.43 0 0 0 0 0.0364095 0 0.602842 91.4554 7.90531 0 0 0 0

## nvme:f2fs:DRBM:36:directio
# ncpu secs works works/sec real.sec user.sec nice.sec sys.sec idle.sec iowait.sec irq.sec softirq.sec steal.sec guest.sec user.util nice.util sys.util idle.util iowait.util irq.util softirq.util steal.util guest.util

36 30.000452 1946748.000000 64890.623096 30.0874 1.2 0 20.55 3292.88 284.23 0 0 0 0 0.0333439 0 0.571014 91.4979 7.89778 0 0 0 0

## nvme:f2fs:DRBM:35:directio
# ncpu secs works works/sec real.sec user.sec nice.sec sys.sec idle.sec iowait.sec irq.sec softirq.sec steal.sec guest.sec user.util nice.util sys.util idle.util iowait.util irq.util softirq.util steal.util guest.util

35 30.000361 1946626.000000 64886.752777 30.0876 1.23 0 20.25 3292.23 285.07 0 0 0 0 0.0341782 0 0.562691 91.4818 7.9213 0 0 0 0

## nvme:f2fs:DRBM:34:directio
# ncpu secs works works/sec real.sec user.sec nice.sec sys.sec idle.sec iowait.sec irq.sec softirq.sec steal.sec guest.sec user.util nice.util sys.util idle.util iowait.util irq.util softirq.util steal.util guest.util

34 30.000282 1946663.000000 64888.157609 30.0872 1.1 0 20.7 3320.99 255.72 0 0 0 0 0.0305682 0 0.575238 92.2879 7.10627 0 0 0 0

## nvme:f2fs:DRBM:33:directio
# ncpu secs works works/sec real.sec user.sec nice.sec sys.sec idle.sec iowait.sec irq.sec softirq.sec steal.sec guest.sec user.util nice.util sys.util idle.util iowait.util irq.util softirq.util steal.util guest.util

33 30.000125 1946580.000000 64885.730364 30.0868 1.1 0 19.71 3323.37 255.28 0 0.01 0 0 0.0305601 0 0.547581 92.3294 7.09216 0 0.000277819 0 0

## nvme:f2fs:DRBM:32:directio
# ncpu secs works works/sec real.sec user.sec nice.sec sys.sec idle.sec iowait.sec irq.sec softirq.sec steal.sec guest.sec user.util nice.util sys.util idle.util iowait.util irq.util softirq.util steal.util guest.util

32 30.000450 1946553.000000 64884.126603 30.0954 1.35 0 18.57 3325.55 254.43 0 0 0 0 0.037501 0 0.515848 92.379 7.0677 0 0 0 0

## nvme:f2fs:DRBM:31:directio
# ncpu secs works works/sec real.sec user.sec nice.sec sys.sec idle.sec iowait.sec irq.sec softirq.sec steal.sec guest.sec user.util nice.util sys.util idle.util iowait.util irq.util softirq.util steal.util guest.util

31 30.000532 1946579.000000 64884.814996 30.0876 1.06 0 16.74 3326.31 256.76 0 0 0 0 0.0294373 0 0.464888 92.3752 7.1305 0 0 0 0

## nvme:f2fs:DRBM:30:directio
# ncpu secs works works/sec real.sec user.sec nice.sec sys.sec idle.sec iowait.sec irq.sec softirq.sec steal.sec guest.sec user.util nice.util sys.util idle.util iowait.util irq.util softirq.util steal.util guest.util

30 30.000342 1946602.000000 64885.994210 30.087 1 0 15.86 3355.29 228.34 0 0 0 0 0.027774 0 0.440496 93.1898 6.34191 0 0 0 0

## nvme:f2fs:DRBM:29:directio
# ncpu secs works works/sec real.sec user.sec nice.sec sys.sec idle.sec iowait.sec irq.sec softirq.sec steal.sec guest.sec user.util nice.util sys.util idle.util iowait.util irq.util softirq.util steal.util guest.util

29 30.000435 1946567.000000 64884.625094 30.0875 1.03 0 15.52 3356.23 227.86 0 0 0 0 0.028606 0 0.431034 93.212 6.32832 0 0 0 0

## nvme:f2fs:DRBM:28:directio
# ncpu secs works works/sec real.sec user.sec nice.sec sys.sec idle.sec iowait.sec irq.sec softirq.sec steal.sec guest.sec user.util nice.util sys.util idle.util iowait.util irq.util softirq.util steal.util guest.util

28 30.000433 1946637.000000 64886.963774 30.0877 0.95 0 14.62 3356.92 229.27 0 0 0 0 0.026376 0 0.405913 93.2022 6.3655 0 0 0 0

## nvme:f2fs:DRBM:27:directio
# ncpu secs works works/sec real.sec user.sec nice.sec sys.sec idle.sec iowait.sec irq.sec softirq.sec steal.sec guest.sec user.util nice.util sys.util idle.util iowait.util irq.util softirq.util steal.util guest.util

27 30.000454 1946666.000000 64887.884536 30.0867 0.99 0 13.92 3386.25 199.71 0 0 0 0 0.0274934 0 0.386573 94.0398 5.54616 0 0 0 0

## nvme:f2fs:DRBM:26:directio
# ncpu secs works works/sec real.sec user.sec nice.sec sys.sec idle.sec iowait.sec irq.sec softirq.sec steal.sec guest.sec user.util nice.util sys.util idle.util iowait.util irq.util softirq.util steal.util guest.util

26 30.000171 1946509.000000 64883.262916 30.0869 0.82 0 13.91 3386.35 199.42 0 0 0 0 0.0227746 0 0.386335 94.0522 5.53868 0 0 0 0

## nvme:f2fs:DRBM:25:directio
# ncpu secs works works/sec real.sec user.sec nice.sec sys.sec idle.sec iowait.sec irq.sec softirq.sec steal.sec guest.sec user.util nice.util sys.util idle.util iowait.util irq.util softirq.util steal.util guest.util

25 30.000131 1946704.000000 64889.849981 30.0948 1.13 0 13.75 3387.55 198.87 0 0 0 0 0.0313776 0 0.381807 94.0646 5.52217 0 0 0 0

## nvme:f2fs:DRBM:24:directio
# ncpu secs works works/sec real.sec user.sec nice.sec sys.sec idle.sec iowait.sec irq.sec softirq.sec steal.sec guest.sec user.util nice.util sys.util idle.util iowait.util irq.util softirq.util steal.util guest.util

24 30.000230 1947100.000000 64902.835835 30.0871 0.81 0 13.96 3387.38 199.73 0 0 0 0 0.0224883 0 0.387575 94.0448 5.54516 0 0 0 0

## nvme:f2fs:DRBM:23:directio
# ncpu secs works works/sec real.sec user.sec nice.sec sys.sec idle.sec iowait.sec irq.sec softirq.sec steal.sec guest.sec user.util nice.util sys.util idle.util iowait.util irq.util softirq.util steal.util guest.util

23 30.000432 1946825.000000 64893.231170 30.087 0.75 0 13.72 3416.65 170.97 0 0 0 0 0.0208212 0 0.38089 94.8519 4.74641 0 0 0 0

## nvme:f2fs:DRBM:22:directio
# ncpu secs works works/sec real.sec user.sec nice.sec sys.sec idle.sec iowait.sec irq.sec softirq.sec steal.sec guest.sec user.util nice.util sys.util idle.util iowait.util irq.util softirq.util steal.util guest.util

22 30.000460 1946558.000000 64884.271971 30.0873 0.92 0 14.56 3416.85 170.4 0 0 0 0 0.0255362 0 0.404138 94.8406 4.72975 0 0 0 0

## nvme:f2fs:DRBM:21:directio
# ncpu secs works works/sec real.sec user.sec nice.sec sys.sec idle.sec iowait.sec irq.sec softirq.sec steal.sec guest.sec user.util nice.util sys.util idle.util iowait.util irq.util softirq.util steal.util guest.util

21 30.000381 1946599.000000 64885.808872 30.088 0.83 0 14.41 3417.5 169.67 0 0 0 0 0.0230401 0 0.40001 94.867 4.7099 0 0 0 0

## nvme:f2fs:DRBM:20:directio
# ncpu secs works works/sec real.sec user.sec nice.sec sys.sec idle.sec iowait.sec irq.sec softirq.sec steal.sec guest.sec user.util nice.util sys.util idle.util iowait.util irq.util softirq.util steal.util guest.util

20 30.000269 1946723.000000 64890.183845 30.0864 0.93 0 13.34 3417.7 170.57 0 0 0 0 0.0258151 0 0.370294 94.8692 4.73471 0 0 0 0

## nvme:f2fs:DRBM:19:directio
# ncpu secs works works/sec real.sec user.sec nice.sec sys.sec idle.sec iowait.sec irq.sec softirq.sec steal.sec guest.sec user.util nice.util sys.util idle.util iowait.util irq.util softirq.util steal.util guest.util

19 30.000118 1946502.000000 64883.144110 30.0875 0.74 0 13.12 3447.2 141.35 0 0 0 0 0.0205418 0 0.364201 95.6915 3.92376 0 0 0 0

## nvme:f2fs:DRBM:18:directio
# ncpu secs works works/sec real.sec user.sec nice.sec sys.sec idle.sec iowait.sec irq.sec softirq.sec steal.sec guest.sec user.util nice.util sys.util idle.util iowait.util irq.util softirq.util steal.util guest.util

18 30.000187 1946491.000000 64882.629139 30.0869 0.76 0 12.83 3447.41 141.11 0 0 0 0 0.0210987 0 0.35618 95.7053 3.91743 0 0 0 0

## nvme:f2fs:DRBM:17:directio
# ncpu secs works works/sec real.sec user.sec nice.sec sys.sec idle.sec iowait.sec irq.sec softirq.sec steal.sec guest.sec user.util nice.util sys.util idle.util iowait.util irq.util softirq.util steal.util guest.util

17 30.000177 1946522.000000 64883.683980 30.0865 0.72 0 13.05 3447.83 141.04 0 0 0 0 0.0199853 0 0.362234 95.7029 3.91491 0 0 0 0

## nvme:f2fs:DRBM:16:directio
# ncpu secs works works/sec real.sec user.sec nice.sec sys.sec idle.sec iowait.sec irq.sec softirq.sec steal.sec guest.sec user.util nice.util sys.util idle.util iowait.util irq.util softirq.util steal.util guest.util

16 30.000088 1946512.000000 64883.542062 30.0865 0.8 0 12.07 3448.92 140.53 0 0 0 0 0.0222079 0 0.335062 95.7416 3.9011 0 0 0 0

## nvme:f2fs:DRBM:15:directio
# ncpu secs works works/sec real.sec user.sec nice.sec sys.sec idle.sec iowait.sec irq.sec softirq.sec steal.sec guest.sec user.util nice.util sys.util idle.util iowait.util irq.util softirq.util steal.util guest.util

15 30.000145 1946382.000000 64879.085553 30.087 0.82 0 13.14 3478.1 111.72 0 0 0 0 0.0227539 0 0.364617 96.5126 3.10008 0 0 0 0

## nvme:f2fs:DRBM:14:directio
# ncpu secs works works/sec real.sec user.sec nice.sec sys.sec idle.sec iowait.sec irq.sec softirq.sec steal.sec guest.sec user.util nice.util sys.util idle.util iowait.util irq.util softirq.util steal.util guest.util

14 30.000218 1946562.000000 64884.928194 30.0886 0.72 0 12.18 3478.44 111.68 0 0 0 0 0.0199832 0 0.33805 96.5423 3.09962 0 0 0 0

## nvme:f2fs:DRBM:13:directio
# ncpu secs works works/sec real.sec user.sec nice.sec sys.sec idle.sec iowait.sec irq.sec softirq.sec steal.sec guest.sec user.util nice.util sys.util idle.util iowait.util irq.util softirq.util steal.util guest.util

13 30.000183 1946625.000000 64887.105187 30.0867 0.69 0 11.17 3478.98 110.96 0 0 0 0 0.0191571 0 0.310123 96.59 3.08068 0 0 0 0

## nvme:f2fs:DRBM:12:directio
# ncpu secs works works/sec real.sec user.sec nice.sec sys.sec idle.sec iowait.sec irq.sec softirq.sec steal.sec guest.sec user.util nice.util sys.util idle.util iowait.util irq.util softirq.util steal.util guest.util

12 30.000172 1946641.000000 64887.660410 30.0877 0.74 0 11.97 3508.66 81.46 0 0.01 0 0 0.0205394 0 0.332238 97.386 2.26099 0 0.000277559 0 0

## nvme:f2fs:DRBM:11:directio
# ncpu secs works works/sec real.sec user.sec nice.sec sys.sec idle.sec iowait.sec irq.sec softirq.sec steal.sec guest.sec user.util nice.util sys.util idle.util iowait.util irq.util softirq.util steal.util guest.util

11 30.000132 1946823.000000 64893.815057 30.0862 0.76 0 12.55 3508.31 81.37 0 0 0 0 0.0210936 0 0.348322 97.3722 2.2584 0 0 0 0

## nvme:f2fs:DRBM:10:directio
# ncpu secs works works/sec real.sec user.sec nice.sec sys.sec idle.sec iowait.sec irq.sec softirq.sec steal.sec guest.sec user.util nice.util sys.util idle.util iowait.util irq.util softirq.util steal.util guest.util

10 30.000173 1946749.000000 64891.259776 30.0871 0.7 0 11.81 3508.65 81.35 0 0 0 0 0.0194309 0 0.327827 97.3946 2.25815 0 0 0 0

## nvme:f2fs:DRBM:9:directio
# ncpu secs works works/sec real.sec user.sec nice.sec sys.sec idle.sec iowait.sec irq.sec softirq.sec steal.sec guest.sec user.util nice.util sys.util idle.util iowait.util irq.util softirq.util steal.util guest.util

9 30.000148 1946630.000000 64887.346315 30.0869 0.65 0 12.18 3509.39 80.69 0 0 0 0 0.018041 0 0.33806 97.4043 2.23958 0 0 0 0

## nvme:f2fs:DRBM:8:directio
# ncpu secs works works/sec real.sec user.sec nice.sec sys.sec idle.sec iowait.sec irq.sec softirq.sec steal.sec guest.sec user.util nice.util sys.util idle.util iowait.util irq.util softirq.util steal.util guest.util

8 30.000166 1946640.000000 64887.642037 30.0876 0.94 0 12.01 3538.45 51.36 0 0.01 0 0 0.026091 0 0.333355 98.2147 1.42557 0 0.000277564 0 0

## nvme:f2fs:DRBM:7:directio
# ncpu secs works works/sec real.sec user.sec nice.sec sys.sec idle.sec iowait.sec irq.sec softirq.sec steal.sec guest.sec user.util nice.util sys.util idle.util iowait.util irq.util softirq.util steal.util guest.util

7 30.000112 1946788.000000 64892.691376 30.0877 0.73 0 11.24 3538.49 51.49 0 0.01 0 0 0.0202667 0 0.312052 98.2379 1.4295 0 0.000277627 0 0

## nvme:f2fs:DRBM:6:directio
# ncpu secs works works/sec real.sec user.sec nice.sec sys.sec idle.sec iowait.sec irq.sec softirq.sec steal.sec guest.sec user.util nice.util sys.util idle.util iowait.util irq.util softirq.util steal.util guest.util

6 30.000147 1769568.000000 58985.310972 30.0879 0.58 0 10.98 3540.24 51.8 0 0 0 0 0.016095 0 0.304695 98.2418 1.43745 0 0 0 0

## nvme:f2fs:DRBM:5:directio
# ncpu secs works works/sec real.sec user.sec nice.sec sys.sec idle.sec iowait.sec irq.sec softirq.sec steal.sec guest.sec user.util nice.util sys.util idle.util iowait.util irq.util softirq.util steal.util guest.util

5 30.000082 1770446.000000 59014.704966 30.0872 0.6 0 10.87 3541.33 50.75 0 0.01 0 0 0.0166502 0 0.301646 98.2731 1.40833 0 0.000277503 0 0

## nvme:f2fs:DRBM:4:directio
# ncpu secs works works/sec real.sec user.sec nice.sec sys.sec idle.sec iowait.sec irq.sec softirq.sec steal.sec guest.sec user.util nice.util sys.util idle.util iowait.util irq.util softirq.util steal.util guest.util

4 30.000051 1600470.000000 53348.909307 30.0871 0.61 0 10.14 3570.57 22.84 0 0 0 0 0.0169249 0 0.281342 99.068 0.633712 0 0 0 0

## nvme:f2fs:DRBM:3:directio
# ncpu secs works works/sec real.sec user.sec nice.sec sys.sec idle.sec iowait.sec irq.sec softirq.sec steal.sec guest.sec user.util nice.util sys.util idle.util iowait.util irq.util softirq.util steal.util guest.util

3 30.000062 1321517.000000 44050.476118 30.0873 0.43 0 8.23 3572.98 23.68 0 0 0 0 0.0119268 0 0.228274 99.103 0.656807 0 0 0 0

## nvme:f2fs:DRBM:2:directio
# ncpu secs works works/sec real.sec user.sec nice.sec sys.sec idle.sec iowait.sec irq.sec softirq.sec steal.sec guest.sec user.util nice.util sys.util idle.util iowait.util irq.util softirq.util steal.util guest.util

2 30.000066 804175.000000 26805.773914 30.0858 0.32 0 4.68 3576.79 25.49 0 0 0 0 0.00887095 0 0.129738 99.1548 0.706627 0 0 0 0

## nvme:f2fs:DRBM:1:directio
# ncpu secs works works/sec real.sec user.sec nice.sec sys.sec idle.sec iowait.sec irq.sec softirq.sec steal.sec guest.sec user.util nice.util sys.util idle.util iowait.util irq.util softirq.util steal.util guest.util

1 30.000056 521225.000000 17374.134235 30.0867 0.18 0 3.06 3580.11 25.22 0 0 0 0 0.00498813 0 0.0847981 99.2113 0.698892 0 0 0 0

### NUM_TEST_CONF  = 120
