### SYSTEM         = Linux lass 4.14.11debug+ #1 SMP Tue Jan 14 02:29:01 PST 2020 x86_64 x86_64 x86_64 GNU/Linux
### DISK_SIZE      = 32G
### DURATION       = 30s
### DIRECTIO       = bufferedio,directio
### MEDIA_TYPES    = ssd,hdd,nvme,mem
### FS_TYPES       = ext4,ext4_no_jnl,xfs,btrfs,f2fs
### BENCH_TYPES    = DWAL,DWOL,DWOM,DWSL,DWSM,MWRL,MWRM,MWCL,MWCM,MWUM,MWUL,DWTL,DWSM10,DWSM100,DWSM1000,DWSM10000,DWSL10,DWSL100,DWSL1000,DWSL10000,filebench_varmail,filebench_oltp,filebench_fileserver,dbench_client,MRPL,MRPM,MRPH,MRDM,MRDL,DRBH,DRBM,DRBL,DWRM
### NCORES         = 1,2,3,4,5,6,7,8,9,10,11,12,13,14,15,16,17,18,19,20,21,22,23,24,25,26,27,28,29,30,31,32,33,34,35,36,37,38,39,40,41,42,43,44,45,46,47,48,49,50,51,52,53,54,55,56,57,58,59,60,61,62,63,64,65,66,67,68,69,70,71,72,73,74,75,76,77,78,79,80,81,82,83,84,85,86,87,88,89,90,91,92,93,94,95,96,97,98,99,100,101,102,103,104,105,106,107,108,109,110,111,112,113,114,115,116,117,118,119,120
### CORE_SEQ       = 0,1,2,3,4,5,6,7,8,9,10,11,12,13,14,15,16,17,18,19,20,21,22,23,24,25,26,27,28,29,30,31,32,33,34,35,36,37,38,39,40,41,42,43,44,45,46,47,48,49,50,51,52,53,54,55,56,57,58,59,60,61,62,63,64,65,66,67,68,69,70,71,72,73,74,75,76,77,78,79,80,81,82,83,84,85,86,87,88,89,90,91,92,93,94,95,96,97,98,99,100,101,102,103,104,105,106,107,108,109,110,111,112,113,114,115,116,117,118,119


### MODEL_NAME     = Intel(R) Xeon(R) CPU E7-8870 v2 @ 2.30GHz
### PHYSICAL_CHIPS = 8
### CORE_PER_CHIP  = 15
### SMT_LEVEL      = 1


## nvme:f2fs:DRBL:120:directio
# ncpu secs works works/sec real.sec user.sec nice.sec sys.sec idle.sec iowait.sec irq.sec softirq.sec steal.sec guest.sec user.util nice.util sys.util idle.util iowait.util irq.util softirq.util steal.util guest.util

120 30.001354 1947477.000000 64912.971343 30.0942 3.47 0 63.99 2578.55 915.77 0 0 0 0 0.0974232 0 1.79657 72.395 25.711 0 0 0 0

## nvme:f2fs:DRBL:119:directio
# ncpu secs works works/sec real.sec user.sec nice.sec sys.sec idle.sec iowait.sec irq.sec softirq.sec steal.sec guest.sec user.util nice.util sys.util idle.util iowait.util irq.util softirq.util steal.util guest.util

119 30.000888 1947542.000000 64916.144385 30.0927 3.63 0 64.54 2579.04 915.52 0 0.01 0 0 0.101888 0 1.81153 72.3892 25.6971 0 0.000280683 0 0

## nvme:f2fs:DRBL:118:directio
# ncpu secs works works/sec real.sec user.sec nice.sec sys.sec idle.sec iowait.sec irq.sec softirq.sec steal.sec guest.sec user.util nice.util sys.util idle.util iowait.util irq.util softirq.util steal.util guest.util

118 29.999844 1947644.000000 64921.803820 30.0933 3.32 0 66.35 2579.22 915.98 0 0 0 0 0.093131 0 1.86122 72.351 25.6946 0 0 0 0

## nvme:f2fs:DRBL:117:directio
# ncpu secs works works/sec real.sec user.sec nice.sec sys.sec idle.sec iowait.sec irq.sec softirq.sec steal.sec guest.sec user.util nice.util sys.util idle.util iowait.util irq.util softirq.util steal.util guest.util

117 29.999814 1947335.000000 64911.568120 30.0925 3.3 0 64.88 2609.3 886.59 0 0 0 0 0.0925908 0 1.82039 73.2112 24.8758 0 0 0 0

## nvme:f2fs:DRBL:116:directio
# ncpu secs works works/sec real.sec user.sec nice.sec sys.sec idle.sec iowait.sec irq.sec softirq.sec steal.sec guest.sec user.util nice.util sys.util idle.util iowait.util irq.util softirq.util steal.util guest.util

116 29.999460 1947700.000000 64924.501321 30.0941 3.43 0 63.42 2609.99 887.05 0 0 0 0 0.0962432 0 1.77952 73.2343 24.8899 0 0 0 0

## nvme:f2fs:DRBL:115:directio
# ncpu secs works works/sec real.sec user.sec nice.sec sys.sec idle.sec iowait.sec irq.sec softirq.sec steal.sec guest.sec user.util nice.util sys.util idle.util iowait.util irq.util softirq.util steal.util guest.util

115 30.002060 1947819.000000 64922.842586 30.0936 3.4 0 64.31 2610.51 886.75 0 0.01 0 0 0.0953722 0 1.80394 73.2265 24.8739 0 0.000280506 0 0

## nvme:f2fs:DRBL:114:directio
# ncpu secs works works/sec real.sec user.sec nice.sec sys.sec idle.sec iowait.sec irq.sec softirq.sec steal.sec guest.sec user.util nice.util sys.util idle.util iowait.util irq.util softirq.util steal.util guest.util

114 30.000152 1947700.000000 64923.004257 30.1022 4.3 0 62.01 2612.1 887.9 0 0 0 0 0.120573 0 1.73877 73.2438 24.8969 0 0 0 0

## nvme:f2fs:DRBL:113:directio
# ncpu secs works works/sec real.sec user.sec nice.sec sys.sec idle.sec iowait.sec irq.sec softirq.sec steal.sec guest.sec user.util nice.util sys.util idle.util iowait.util irq.util softirq.util steal.util guest.util

113 30.000095 1947602.000000 64919.861796 30.0924 3.39 0 63.72 2639.96 858.23 0 0.01 0 0 0.0950829 0 1.78722 74.0457 24.0717 0 0.000280481 0 0

## nvme:f2fs:DRBL:112:directio
# ncpu secs works works/sec real.sec user.sec nice.sec sys.sec idle.sec iowait.sec irq.sec softirq.sec steal.sec guest.sec user.util nice.util sys.util idle.util iowait.util irq.util softirq.util steal.util guest.util

112 30.000122 1947716.000000 64923.602064 30.1112 5.12 0 64.26 2641.29 857.31 0 0.01 0 0 0.143498 0 1.80101 74.0274 24.0278 0 0.00028027 0 0

## nvme:f2fs:DRBL:111:directio
# ncpu secs works works/sec real.sec user.sec nice.sec sys.sec idle.sec iowait.sec irq.sec softirq.sec steal.sec guest.sec user.util nice.util sys.util idle.util iowait.util irq.util softirq.util steal.util guest.util

111 30.000930 1947798.000000 64924.587221 30.0926 3.32 0 62.36 2641.83 858.06 0 0 0 0 0.0931127 0 1.74895 74.0928 24.0652 0 0 0 0

## nvme:f2fs:DRBL:110:directio
# ncpu secs works works/sec real.sec user.sec nice.sec sys.sec idle.sec iowait.sec irq.sec softirq.sec steal.sec guest.sec user.util nice.util sys.util idle.util iowait.util irq.util softirq.util steal.util guest.util

110 29.999814 1947619.000000 64921.035372 30.0998 3.79 0 62.92 2642.17 857.48 0 0.01 0 0 0.106271 0 1.76426 74.0857 24.0435 0 0.000280397 0 0

## nvme:f2fs:DRBL:109:directio
# ncpu secs works works/sec real.sec user.sec nice.sec sys.sec idle.sec iowait.sec irq.sec softirq.sec steal.sec guest.sec user.util nice.util sys.util idle.util iowait.util irq.util softirq.util steal.util guest.util

109 30.000355 1947706.000000 64922.764684 30.0912 3.25 0 62.83 2671.58 827.9 0 0 0 0 0.0911498 0 1.76214 74.9274 23.2194 0 0 0 0

## nvme:f2fs:DRBL:108:directio
# ncpu secs works works/sec real.sec user.sec nice.sec sys.sec idle.sec iowait.sec irq.sec softirq.sec steal.sec guest.sec user.util nice.util sys.util idle.util iowait.util irq.util softirq.util steal.util guest.util

108 30.001111 1947642.000000 64918.995292 30.093 3.36 0 63.17 2671.68 828.35 0 0.01 0 0 0.0942082 0 1.77117 74.9089 23.2254 0 0.000280381 0 0

## nvme:f2fs:DRBL:107:directio
# ncpu secs works works/sec real.sec user.sec nice.sec sys.sec idle.sec iowait.sec irq.sec softirq.sec steal.sec guest.sec user.util nice.util sys.util idle.util iowait.util irq.util softirq.util steal.util guest.util

107 30.000505 1924844.000000 64160.385874 30.0933 3.21 0 61.79 2674.26 829.37 0 0 0 0 0.0899505 0 1.73148 74.938 23.2406 0 0 0 0

## nvme:f2fs:DRBL:106:directio
# ncpu secs works works/sec real.sec user.sec nice.sec sys.sec idle.sec iowait.sec irq.sec softirq.sec steal.sec guest.sec user.util nice.util sys.util idle.util iowait.util irq.util softirq.util steal.util guest.util

106 30.000242 1947551.000000 64917.842608 30.0934 3.05 0 63.19 2673.12 829.13 0 0 0 0 0.0854703 0 1.77078 74.909 23.2348 0 0 0 0

## nvme:f2fs:DRBL:105:directio
# ncpu secs works works/sec real.sec user.sec nice.sec sys.sec idle.sec iowait.sec irq.sec softirq.sec steal.sec guest.sec user.util nice.util sys.util idle.util iowait.util irq.util softirq.util steal.util guest.util

105 30.000076 1947565.000000 64918.667822 30.0935 3.29 0 61.6 2704.29 801.56 0 0 0 0 0.0921378 0 1.72513 75.7347 22.448 0 0 0 0

## nvme:f2fs:DRBL:104:directio
# ncpu secs works works/sec real.sec user.sec nice.sec sys.sec idle.sec iowait.sec irq.sec softirq.sec steal.sec guest.sec user.util nice.util sys.util idle.util iowait.util irq.util softirq.util steal.util guest.util

104 30.001056 1947672.000000 64920.114271 30.0947 3.23 0 61.87 2703.9 800.79 0 0 0 0 0.0904815 0 1.73316 75.744 22.4324 0 0 0 0

## nvme:f2fs:DRBL:103:directio
# ncpu secs works works/sec real.sec user.sec nice.sec sys.sec idle.sec iowait.sec irq.sec softirq.sec steal.sec guest.sec user.util nice.util sys.util idle.util iowait.util irq.util softirq.util steal.util guest.util

103 29.999278 1947553.000000 64919.996477 30.0938 3.2 0 62.29 2704.41 800.01 0 0 0 0 0.0896381 0 1.74486 75.7557 22.4098 0 0 0 0

## nvme:f2fs:DRBL:102:directio
# ncpu secs works works/sec real.sec user.sec nice.sec sys.sec idle.sec iowait.sec irq.sec softirq.sec steal.sec guest.sec user.util nice.util sys.util idle.util iowait.util irq.util softirq.util steal.util guest.util

102 30.001285 1947392.000000 64910.285919 30.0918 3.3 0 60.91 2734.21 771.28 0 0 0 0 0.0924447 0 1.70631 76.595 21.6063 0 0 0 0

## nvme:f2fs:DRBL:101:directio
# ncpu secs works works/sec real.sec user.sec nice.sec sys.sec idle.sec iowait.sec irq.sec softirq.sec steal.sec guest.sec user.util nice.util sys.util idle.util iowait.util irq.util softirq.util steal.util guest.util

101 30.000310 1947379.000000 64911.963540 30.0925 3.3 0 61.68 2733.91 771.32 0 0.01 0 0 0.0924313 0 1.72762 76.5754 21.6043 0 0.000280095 0 0

## nvme:f2fs:DRBL:100:directio
# ncpu secs works works/sec real.sec user.sec nice.sec sys.sec idle.sec iowait.sec irq.sec softirq.sec steal.sec guest.sec user.util nice.util sys.util idle.util iowait.util irq.util softirq.util steal.util guest.util

100 30.000572 1947535.000000 64916.595980 30.0926 3.07 0 61.91 2734.55 771.27 0 0 0 0 0.0859751 0 1.73379 76.5809 21.5994 0 0 0 0

## nvme:f2fs:DRBL:99:directio
# ncpu secs works works/sec real.sec user.sec nice.sec sys.sec idle.sec iowait.sec irq.sec softirq.sec steal.sec guest.sec user.util nice.util sys.util idle.util iowait.util irq.util softirq.util steal.util guest.util

99 30.000983 1947550.000000 64916.206792 30.0926 3.11 0 60.79 2735.59 772.49 0 0 0 0 0.0870666 0 1.70186 76.5847 21.6264 0 0 0 0

## nvme:f2fs:DRBL:98:directio
# ncpu secs works works/sec real.sec user.sec nice.sec sys.sec idle.sec iowait.sec irq.sec softirq.sec steal.sec guest.sec user.util nice.util sys.util idle.util iowait.util irq.util softirq.util steal.util guest.util

98 30.000827 1947560.000000 64916.878096 30.0946 3.21 0 59.76 2766.36 742.7 0 0 0 0 0.0898649 0 1.673 77.445 20.7921 0 0 0 0

## nvme:f2fs:DRBL:97:directio
# ncpu secs works works/sec real.sec user.sec nice.sec sys.sec idle.sec iowait.sec irq.sec softirq.sec steal.sec guest.sec user.util nice.util sys.util idle.util iowait.util irq.util softirq.util steal.util guest.util

97 30.000541 1947823.000000 64926.262273 30.0956 2.99 0 60.76 2766.45 742.74 0 0 0 0 0.0836846 0 1.70056 77.4278 20.7879 0 0 0 0

## nvme:f2fs:DRBL:96:directio
# ncpu secs works works/sec real.sec user.sec nice.sec sys.sec idle.sec iowait.sec irq.sec softirq.sec steal.sec guest.sec user.util nice.util sys.util idle.util iowait.util irq.util softirq.util steal.util guest.util

96 30.001310 1947504.000000 64913.965581 30.0925 3.29 0 58.56 2767.16 742.68 0 0 0 0 0.0921133 0 1.63956 77.4748 20.7935 0 0 0 0

## nvme:f2fs:DRBL:95:directio
# ncpu secs works works/sec real.sec user.sec nice.sec sys.sec idle.sec iowait.sec irq.sec softirq.sec steal.sec guest.sec user.util nice.util sys.util idle.util iowait.util irq.util softirq.util steal.util guest.util

95 30.000343 1947567.000000 64918.158498 30.0914 3.07 0 58.45 2768.17 743.41 0 0 0 0 0.0859198 0 1.63583 77.4725 20.8057 0 0 0 0

## nvme:f2fs:DRBL:94:directio
# ncpu secs works works/sec real.sec user.sec nice.sec sys.sec idle.sec iowait.sec irq.sec softirq.sec steal.sec guest.sec user.util nice.util sys.util idle.util iowait.util irq.util softirq.util steal.util guest.util

94 30.000840 1947626.000000 64919.048197 30.0922 3 0 58.13 2797.7 714.33 0 0.01 0 0 0.0839591 0 1.62685 78.2974 19.9915 0 0.000279864 0 0

## nvme:f2fs:DRBL:93:directio
# ncpu secs works works/sec real.sec user.sec nice.sec sys.sec idle.sec iowait.sec irq.sec softirq.sec steal.sec guest.sec user.util nice.util sys.util idle.util iowait.util irq.util softirq.util steal.util guest.util

93 30.000891 1947590.000000 64917.738098 30.096 4.52 0 56.61 2800.34 715.63 0 0 0 0 0.126359 0 1.58257 78.2852 20.0059 0 0 0 0

## nvme:f2fs:DRBL:92:directio
# ncpu secs works works/sec real.sec user.sec nice.sec sys.sec idle.sec iowait.sec irq.sec softirq.sec steal.sec guest.sec user.util nice.util sys.util idle.util iowait.util irq.util softirq.util steal.util guest.util

92 30.000953 1947038.000000 64899.205835 30.0924 2.99 0 56.14 2800.39 714.91 0 0 0 0 0.0836497 0 1.5706 78.3451 20.0007 0 0 0 0

## nvme:f2fs:DRBL:91:directio
# ncpu secs works works/sec real.sec user.sec nice.sec sys.sec idle.sec iowait.sec irq.sec softirq.sec steal.sec guest.sec user.util nice.util sys.util idle.util iowait.util irq.util softirq.util steal.util guest.util

91 30.000986 1947557.000000 64916.433793 30.0933 2.67 0 53.77 2803.07 717.73 0 0 0 0 0.0746385 0 1.50311 78.3585 20.0638 0 0 0 0

## nvme:f2fs:DRBL:90:directio
# ncpu secs works works/sec real.sec user.sec nice.sec sys.sec idle.sec iowait.sec irq.sec softirq.sec steal.sec guest.sec user.util nice.util sys.util idle.util iowait.util irq.util softirq.util steal.util guest.util

90 30.001313 1947598.000000 64917.092008 30.093 2.93 0 49.96 2836.24 691.37 0 0 0 0 0.0818321 0 1.39534 79.2135 19.3093 0 0 0 0

## nvme:f2fs:DRBL:89:directio
# ncpu secs works works/sec real.sec user.sec nice.sec sys.sec idle.sec iowait.sec irq.sec softirq.sec steal.sec guest.sec user.util nice.util sys.util idle.util iowait.util irq.util softirq.util steal.util guest.util

89 30.001542 1947149.000000 64901.630528 30.0931 2.93 0 49.61 2837.54 690.94 0 0 0 0 0.0818203 0 1.38536 79.2383 19.2945 0 0 0 0

## nvme:f2fs:DRBL:88:directio
# ncpu secs works works/sec real.sec user.sec nice.sec sys.sec idle.sec iowait.sec irq.sec softirq.sec steal.sec guest.sec user.util nice.util sys.util idle.util iowait.util irq.util softirq.util steal.util guest.util

88 30.000860 1947520.000000 64915.472202 30.0943 2.87 0 47.61 2838.87 692.07 0 0 0 0 0.0801358 0 1.32936 79.2666 19.3239 0 0 0 0

## nvme:f2fs:DRBL:87:directio
# ncpu secs works works/sec real.sec user.sec nice.sec sys.sec idle.sec iowait.sec irq.sec softirq.sec steal.sec guest.sec user.util nice.util sys.util idle.util iowait.util irq.util softirq.util steal.util guest.util

87 30.000575 1947249.000000 64907.056421 30.0917 2.74 0 47.62 2868.7 662.08 0 0.01 0 0 0.0765117 0 1.32974 80.1056 18.4879 0 0.00027924 0 0

## nvme:f2fs:DRBL:86:directio
# ncpu secs works works/sec real.sec user.sec nice.sec sys.sec idle.sec iowait.sec irq.sec softirq.sec steal.sec guest.sec user.util nice.util sys.util idle.util iowait.util irq.util softirq.util steal.util guest.util

86 30.001089 1947670.000000 64919.976185 30.0923 2.83 0 48.07 2869.52 661.41 0 0 0 0 0.0790099 0 1.34205 80.1132 18.4657 0 0 0 0

## nvme:f2fs:DRBL:85:directio
# ncpu secs works works/sec real.sec user.sec nice.sec sys.sec idle.sec iowait.sec irq.sec softirq.sec steal.sec guest.sec user.util nice.util sys.util idle.util iowait.util irq.util softirq.util steal.util guest.util

85 29.999727 1947315.000000 64911.091124 30.0912 2.46 0 46.04 2870.57 661.55 0 0.01 0 0 0.068703 0 1.28581 80.1694 18.4758 0 0.00027928 0 0

## nvme:f2fs:DRBL:84:directio
# ncpu secs works works/sec real.sec user.sec nice.sec sys.sec idle.sec iowait.sec irq.sec softirq.sec steal.sec guest.sec user.util nice.util sys.util idle.util iowait.util irq.util softirq.util steal.util guest.util

84 30.001303 1947100.000000 64900.514874 30.0939 2.68 0 48.43 2870.16 661.24 0 0 0 0 0.0748079 0 1.35185 80.1159 18.4575 0 0 0 0

## nvme:f2fs:DRBL:83:directio
# ncpu secs works works/sec real.sec user.sec nice.sec sys.sec idle.sec iowait.sec irq.sec softirq.sec steal.sec guest.sec user.util nice.util sys.util idle.util iowait.util irq.util softirq.util steal.util guest.util

83 30.000327 1947589.000000 64918.924752 30.0897 2.7 0 47.4 2899.41 632.37 0 0 0 0 0.0753794 0 1.32333 80.9466 17.6547 0 0 0 0

## nvme:f2fs:DRBL:82:directio
# ncpu secs works works/sec real.sec user.sec nice.sec sys.sec idle.sec iowait.sec irq.sec softirq.sec steal.sec guest.sec user.util nice.util sys.util idle.util iowait.util irq.util softirq.util steal.util guest.util

82 30.001459 1598798.000000 53290.674205 30.0914 2.78 0 44.1 2902.41 635.59 0 0 0 0 0.0775479 0 1.23017 80.9625 17.7297 0 0 0 0

## nvme:f2fs:DRBL:81:directio
# ncpu secs works works/sec real.sec user.sec nice.sec sys.sec idle.sec iowait.sec irq.sec softirq.sec steal.sec guest.sec user.util nice.util sys.util idle.util iowait.util irq.util softirq.util steal.util guest.util

81 30.000264 1947481.000000 64915.462852 30.0902 2.64 0 49.46 2897.94 631.91 0 0 0 0 0.0737029 0 1.38081 80.904 17.6415 0 0 0 0

## nvme:f2fs:DRBL:80:directio
# ncpu secs works works/sec real.sec user.sec nice.sec sys.sec idle.sec iowait.sec irq.sec softirq.sec steal.sec guest.sec user.util nice.util sys.util idle.util iowait.util irq.util softirq.util steal.util guest.util

80 30.000986 1947471.000000 64913.566399 30.0912 2.82 0 50.09 2897.71 631.15 0 0 0 0 0.078732 0 1.39847 80.9016 17.6212 0 0 0 0

## nvme:f2fs:DRBL:79:directio
# ncpu secs works works/sec real.sec user.sec nice.sec sys.sec idle.sec iowait.sec irq.sec softirq.sec steal.sec guest.sec user.util nice.util sys.util idle.util iowait.util irq.util softirq.util steal.util guest.util

79 30.000478 1947313.000000 64909.399850 30.0906 2.62 0 51.26 2927.29 601.75 0 0 0 0 0.0731247 0 1.43068 81.7012 16.795 0 0 0 0

## nvme:f2fs:DRBL:78:directio
# ncpu secs works works/sec real.sec user.sec nice.sec sys.sec idle.sec iowait.sec irq.sec softirq.sec steal.sec guest.sec user.util nice.util sys.util idle.util iowait.util irq.util softirq.util steal.util guest.util

78 30.001274 1947483.000000 64913.342348 30.0917 2.77 0 50.02 2928.3 601.69 0 0 0 0 0.0773143 0 1.39612 81.7326 16.7939 0 0 0 0

## nvme:f2fs:DRBL:77:directio
# ncpu secs works works/sec real.sec user.sec nice.sec sys.sec idle.sec iowait.sec irq.sec softirq.sec steal.sec guest.sec user.util nice.util sys.util idle.util iowait.util irq.util softirq.util steal.util guest.util

77 30.001024 1947541.000000 64915.817905 30.0905 2.8 0 47.27 2931.14 602.61 0 0 0 0 0.0781289 0 1.31898 81.7881 16.8147 0 0 0 0

## nvme:f2fs:DRBL:76:directio
# ncpu secs works works/sec real.sec user.sec nice.sec sys.sec idle.sec iowait.sec irq.sec softirq.sec steal.sec guest.sec user.util nice.util sys.util idle.util iowait.util irq.util softirq.util steal.util guest.util

76 30.000708 1453569.000000 48451.155915 30.0902 2.48 0 37.56 2940.67 609.25 0 0 0 0 0.0690815 0 1.04625 81.9137 16.9709 0 0 0 0

## nvme:f2fs:DRBL:75:directio
# ncpu secs works works/sec real.sec user.sec nice.sec sys.sec idle.sec iowait.sec irq.sec softirq.sec steal.sec guest.sec user.util nice.util sys.util idle.util iowait.util irq.util softirq.util steal.util guest.util

75 30.001097 1947613.000000 64918.059035 30.0897 2.46 0 41.22 2967.57 575.85 0 0 0 0 0.0685791 0 1.14912 82.7289 16.0534 0 0 0 0

## nvme:f2fs:DRBL:74:directio
# ncpu secs works works/sec real.sec user.sec nice.sec sys.sec idle.sec iowait.sec irq.sec softirq.sec steal.sec guest.sec user.util nice.util sys.util idle.util iowait.util irq.util softirq.util steal.util guest.util

74 30.000249 1947358.000000 64911.394656 30.0887 2.5 0 39.13 2968.91 576.36 0 0 0 0 0.0696981 0 1.09091 82.7709 16.0685 0 0 0 0

## nvme:f2fs:DRBL:73:directio
# ncpu secs works works/sec real.sec user.sec nice.sec sys.sec idle.sec iowait.sec irq.sec softirq.sec steal.sec guest.sec user.util nice.util sys.util idle.util iowait.util irq.util softirq.util steal.util guest.util

73 30.000563 1947566.000000 64917.648557 30.0896 2.38 0 41.9 2968.07 575.38 0 0 0 0 0.0663372 0 1.16787 82.7284 16.0374 0 0 0 0

## nvme:f2fs:DRBL:72:directio
# ncpu secs works works/sec real.sec user.sec nice.sec sys.sec idle.sec iowait.sec irq.sec softirq.sec steal.sec guest.sec user.util nice.util sys.util idle.util iowait.util irq.util softirq.util steal.util guest.util

72 30.001148 1947389.000000 64910.481767 30.0901 3.53 0 41.97 2998.46 545.23 0 0.01 0 0 0.0983506 0 1.16934 83.5412 15.1909 0 0.000278614 0 0

## nvme:f2fs:DRBL:71:directio
# ncpu secs works works/sec real.sec user.sec nice.sec sys.sec idle.sec iowait.sec irq.sec softirq.sec steal.sec guest.sec user.util nice.util sys.util idle.util iowait.util irq.util softirq.util steal.util guest.util

71 30.000863 1947472.000000 64913.865429 30.0903 2.28 0 39.5 3000.73 546.13 0 0 0 0 0.0635338 0 1.1007 83.6175 15.2183 0 0 0 0

## nvme:f2fs:DRBL:70:directio
# ncpu secs works works/sec real.sec user.sec nice.sec sys.sec idle.sec iowait.sec irq.sec softirq.sec steal.sec guest.sec user.util nice.util sys.util idle.util iowait.util irq.util softirq.util steal.util guest.util

70 30.000409 1947326.000000 64909.982593 30.0922 2.2 0 37.74 3002.99 546.37 0 0 0 0 0.0612933 0 1.05146 83.6651 15.2222 0 0 0 0

## nvme:f2fs:DRBL:69:directio
# ncpu secs works works/sec real.sec user.sec nice.sec sys.sec idle.sec iowait.sec irq.sec softirq.sec steal.sec guest.sec user.util nice.util sys.util idle.util iowait.util irq.util softirq.util steal.util guest.util

69 30.000403 1947392.000000 64912.195589 30.0893 2.12 0 34.96 3005.11 546.57 0 0 0 0 0.0590733 0 0.974153 83.7367 15.2301 0 0 0 0

## nvme:f2fs:DRBL:68:directio
# ncpu secs works works/sec real.sec user.sec nice.sec sys.sec idle.sec iowait.sec irq.sec softirq.sec steal.sec guest.sec user.util nice.util sys.util idle.util iowait.util irq.util softirq.util steal.util guest.util

68 30.001293 1354448.000000 45146.321236 30.0911 2.18 0 31.74 3035.4 523.13 0 0 0 0 0.0606828 0 0.88352 84.4939 14.5619 0 0 0 0

## nvme:f2fs:DRBL:67:directio
# ncpu secs works works/sec real.sec user.sec nice.sec sys.sec idle.sec iowait.sec irq.sec softirq.sec steal.sec guest.sec user.util nice.util sys.util idle.util iowait.util irq.util softirq.util steal.util guest.util

67 30.001532 1947466.000000 64912.217579 30.0905 2.24 0 36.32 3033.53 516.25 0 0 0 0 0.0624244 0 1.01217 84.5385 14.3869 0 0 0 0

## nvme:f2fs:DRBL:66:directio
# ncpu secs works works/sec real.sec user.sec nice.sec sys.sec idle.sec iowait.sec irq.sec softirq.sec steal.sec guest.sec user.util nice.util sys.util idle.util iowait.util irq.util softirq.util steal.util guest.util

66 30.000509 1947414.000000 64912.697697 30.0912 2.2 0 37.03 3033.82 516.48 0 0 0 0 0.0612894 0 1.03161 84.5186 14.3885 0 0 0 0

## nvme:f2fs:DRBL:65:directio
# ncpu secs works works/sec real.sec user.sec nice.sec sys.sec idle.sec iowait.sec irq.sec softirq.sec steal.sec guest.sec user.util nice.util sys.util idle.util iowait.util irq.util softirq.util steal.util guest.util

65 30.000447 1946959.000000 64897.666358 30.0891 2.2 0 35.82 3034.94 515.97 0 0 0 0 0.0612996 0 0.998069 84.5639 14.3767 0 0 0 0

## nvme:f2fs:DRBL:64:directio
# ncpu secs works works/sec real.sec user.sec nice.sec sys.sec idle.sec iowait.sec irq.sec softirq.sec steal.sec guest.sec user.util nice.util sys.util idle.util iowait.util irq.util softirq.util steal.util guest.util

64 30.000326 1947450.000000 64914.295376 30.089 2.49 0 35.46 3064.6 487.19 0 0 0 0 0.0693644 0 0.987815 85.3711 13.5717 0 0 0 0

## nvme:f2fs:DRBL:63:directio
# ncpu secs works works/sec real.sec user.sec nice.sec sys.sec idle.sec iowait.sec irq.sec softirq.sec steal.sec guest.sec user.util nice.util sys.util idle.util iowait.util irq.util softirq.util steal.util guest.util

63 30.000501 1947542.000000 64916.983480 30.0895 2.1 0 35.1 3065.03 487.21 0 0 0 0 0.0585049 0 0.977868 85.3902 13.5734 0 0 0 0

## nvme:f2fs:DRBL:62:directio
# ncpu secs works works/sec real.sec user.sec nice.sec sys.sec idle.sec iowait.sec irq.sec softirq.sec steal.sec guest.sec user.util nice.util sys.util idle.util iowait.util irq.util softirq.util steal.util guest.util

62 30.000355 1947373.000000 64911.666084 30.0901 2.24 0 35.36 3065.78 486.43 0 0.01 0 0 0.0623987 0 0.985008 85.4021 13.5503 0 0.000278565 0 0

## nvme:f2fs:DRBL:61:directio
# ncpu secs works works/sec real.sec user.sec nice.sec sys.sec idle.sec iowait.sec irq.sec softirq.sec steal.sec guest.sec user.util nice.util sys.util idle.util iowait.util irq.util softirq.util steal.util guest.util

61 30.000362 1947379.000000 64911.850738 30.0887 2.11 0 34.97 3066.64 486.7 0 0 0 0 0.0587675 0 0.973981 85.4117 13.5555 0 0 0 0

## nvme:f2fs:DRBL:60:directio
# ncpu secs works works/sec real.sec user.sec nice.sec sys.sec idle.sec iowait.sec irq.sec softirq.sec steal.sec guest.sec user.util nice.util sys.util idle.util iowait.util irq.util softirq.util steal.util guest.util

60 30.000856 1947395.000000 64911.313845 30.0897 2.04 0 34.92 3095.77 458.35 0 0 0 0 0.0568074 0 0.972409 86.2072 12.7636 0 0 0 0

## nvme:f2fs:DRBL:59:directio
# ncpu secs works works/sec real.sec user.sec nice.sec sys.sec idle.sec iowait.sec irq.sec softirq.sec steal.sec guest.sec user.util nice.util sys.util idle.util iowait.util irq.util softirq.util steal.util guest.util

59 30.000397 1947198.000000 64905.741264 30.0891 1.96 0 34.25 3096.7 458.65 0 0 0 0 0.0545724 0 0.953625 86.2216 12.7702 0 0 0 0

## nvme:f2fs:DRBL:58:directio
# ncpu secs works works/sec real.sec user.sec nice.sec sys.sec idle.sec iowait.sec irq.sec softirq.sec steal.sec guest.sec user.util nice.util sys.util idle.util iowait.util irq.util softirq.util steal.util guest.util

58 30.001738 1947324.000000 64907.040055 30.0902 1.9 0 33.56 3097.38 458.83 0 0 0 0 0.0529002 0 0.934384 86.2379 12.7748 0 0 0 0

## nvme:f2fs:DRBL:57:directio
# ncpu secs works works/sec real.sec user.sec nice.sec sys.sec idle.sec iowait.sec irq.sec softirq.sec steal.sec guest.sec user.util nice.util sys.util idle.util iowait.util irq.util softirq.util steal.util guest.util

57 30.000662 1947337.000000 64909.800193 30.0893 2 0 33.6 3127.01 429.67 0 0 0 0 0.0556749 0 0.935339 87.0481 11.9609 0 0 0 0

## nvme:f2fs:DRBL:56:directio
# ncpu secs works works/sec real.sec user.sec nice.sec sys.sec idle.sec iowait.sec irq.sec softirq.sec steal.sec guest.sec user.util nice.util sys.util idle.util iowait.util irq.util softirq.util steal.util guest.util

56 30.000381 1947298.000000 64909.109954 30.0886 1.97 0 33.96 3126.97 429.06 0 0 0 0 0.0548447 0 0.945445 87.0547 11.945 0 0 0 0

## nvme:f2fs:DRBL:55:directio
# ncpu secs works works/sec real.sec user.sec nice.sec sys.sec idle.sec iowait.sec irq.sec softirq.sec steal.sec guest.sec user.util nice.util sys.util idle.util iowait.util irq.util softirq.util steal.util guest.util

55 30.000583 1947209.000000 64905.706316 30.0906 1.95 0 32.05 3130.11 428.93 0 0 0 0 0.0542716 0 0.892002 87.1159 11.9378 0 0 0 0

## nvme:f2fs:DRBL:54:directio
# ncpu secs works works/sec real.sec user.sec nice.sec sys.sec idle.sec iowait.sec irq.sec softirq.sec steal.sec guest.sec user.util nice.util sys.util idle.util iowait.util irq.util softirq.util steal.util guest.util

54 30.000956 1947413.000000 64911.697666 30.0915 1.79 0 31.56 3131.21 429.26 0 0 0 0 0.0498077 0 0.878174 87.1276 11.9444 0 0 0 0

## nvme:f2fs:DRBL:53:directio
# ncpu secs works works/sec real.sec user.sec nice.sec sys.sec idle.sec iowait.sec irq.sec softirq.sec steal.sec guest.sec user.util nice.util sys.util idle.util iowait.util irq.util softirq.util steal.util guest.util

53 30.000636 1947532.000000 64916.356290 30.0907 1.68 0 31.06 3160.15 400.25 0 0 0 0 0.0467558 0 0.864425 87.9495 11.1393 0 0 0 0

## nvme:f2fs:DRBL:52:directio
# ncpu secs works works/sec real.sec user.sec nice.sec sys.sec idle.sec iowait.sec irq.sec softirq.sec steal.sec guest.sec user.util nice.util sys.util idle.util iowait.util irq.util softirq.util steal.util guest.util

52 30.000652 1947449.000000 64913.554838 30.0892 1.88 0 32.31 3158.71 400.1 0 0 0 0 0.052324 0 0.899249 87.9129 11.1355 0 0 0 0

## nvme:f2fs:DRBL:51:directio
# ncpu secs works works/sec real.sec user.sec nice.sec sys.sec idle.sec iowait.sec irq.sec softirq.sec steal.sec guest.sec user.util nice.util sys.util idle.util iowait.util irq.util softirq.util steal.util guest.util

51 30.000639 1947348.000000 64910.216861 30.0894 1.92 0 34.8 3157.29 399.2 0 0 0 0 0.0534341 0 0.968493 87.8682 11.1098 0 0 0 0

## nvme:f2fs:DRBL:50:directio
# ncpu secs works works/sec real.sec user.sec nice.sec sys.sec idle.sec iowait.sec irq.sec softirq.sec steal.sec guest.sec user.util nice.util sys.util idle.util iowait.util irq.util softirq.util steal.util guest.util

50 30.001450 1345283.000000 44840.598713 30.0892 1.73 0 28.44 3161.26 404.67 0 0 0 0 0.0481077 0 0.790857 87.908 11.253 0 0 0 0

## nvme:f2fs:DRBL:49:directio
# ncpu secs works works/sec real.sec user.sec nice.sec sys.sec idle.sec iowait.sec irq.sec softirq.sec steal.sec guest.sec user.util nice.util sys.util idle.util iowait.util irq.util softirq.util steal.util guest.util

49 30.000883 1947139.000000 64902.723074 30.0892 1.6 0 28.36 3192.75 371.15 0 0 0 0 0.0445204 0 0.789124 88.839 10.3273 0 0 0 0

## nvme:f2fs:DRBL:48:directio
# ncpu secs works works/sec real.sec user.sec nice.sec sys.sec idle.sec iowait.sec irq.sec softirq.sec steal.sec guest.sec user.util nice.util sys.util idle.util iowait.util irq.util softirq.util steal.util guest.util

48 30.000673 1947369.000000 64910.844600 30.0886 1.61 0 28.53 3194.25 370.97 0 0 0 0 0.0447799 0 0.793523 88.8437 10.318 0 0 0 0

## nvme:f2fs:DRBL:47:directio
# ncpu secs works works/sec real.sec user.sec nice.sec sys.sec idle.sec iowait.sec irq.sec softirq.sec steal.sec guest.sec user.util nice.util sys.util idle.util iowait.util irq.util softirq.util steal.util guest.util

47 30.000919 1947561.000000 64916.710464 30.0891 1.76 0 29.12 3193.53 369.84 0 0 0 0 0.0489671 0 0.810183 88.8511 10.2898 0 0 0 0

## nvme:f2fs:DRBL:46:directio
# ncpu secs works works/sec real.sec user.sec nice.sec sys.sec idle.sec iowait.sec irq.sec softirq.sec steal.sec guest.sec user.util nice.util sys.util idle.util iowait.util irq.util softirq.util steal.util guest.util

46 30.000457 1947480.000000 64915.010611 30.0887 1.83 0 30.39 3191.42 369.99 0 0 0 0 0.0509234 0 0.845663 88.8077 10.2957 0 0 0 0

## nvme:f2fs:DRBL:45:directio
# ncpu secs works works/sec real.sec user.sec nice.sec sys.sec idle.sec iowait.sec irq.sec softirq.sec steal.sec guest.sec user.util nice.util sys.util idle.util iowait.util irq.util softirq.util steal.util guest.util

45 30.000809 1947507.000000 64915.149647 30.088 1.8 0 30.07 3221 341.56 0 0 0 0 0.0500775 0 0.836572 89.6109 9.50248 0 0 0 0

## nvme:f2fs:DRBL:44:directio
# ncpu secs works works/sec real.sec user.sec nice.sec sys.sec idle.sec iowait.sec irq.sec softirq.sec steal.sec guest.sec user.util nice.util sys.util idle.util iowait.util irq.util softirq.util steal.util guest.util

44 30.000775 1947046.000000 64899.857688 30.0884 1.84 0 30.32 3220.96 342.09 0 0 0 0 0.0511792 0 0.843344 89.5903 9.51516 0 0 0 0

## nvme:f2fs:DRBL:43:directio
# ncpu secs works works/sec real.sec user.sec nice.sec sys.sec idle.sec iowait.sec irq.sec softirq.sec steal.sec guest.sec user.util nice.util sys.util idle.util iowait.util irq.util softirq.util steal.util guest.util

43 30.000342 1947116.000000 64903.125916 30.088 1.77 0 28.16 3223.26 342.04 0 0 0 0 0.0492319 0 0.78326 89.6538 9.51372 0 0 0 0

## nvme:f2fs:DRBL:42:directio
# ncpu secs works works/sec real.sec user.sec nice.sec sys.sec idle.sec iowait.sec irq.sec softirq.sec steal.sec guest.sec user.util nice.util sys.util idle.util iowait.util irq.util softirq.util steal.util guest.util

42 30.000712 1947341.000000 64909.825367 30.0884 1.41 0 27.55 3253.78 313.45 0 0 0 0 0.0392082 0 0.766089 90.4785 8.71617 0 0 0 0

## nvme:f2fs:DRBL:41:directio
# ncpu secs works works/sec real.sec user.sec nice.sec sys.sec idle.sec iowait.sec irq.sec softirq.sec steal.sec guest.sec user.util nice.util sys.util idle.util iowait.util irq.util softirq.util steal.util guest.util

41 30.000309 1947150.000000 64904.330483 30.0889 1.53 0 25.81 3256.59 313.27 0 0 0 0 0.0425331 0 0.717503 90.5312 8.70872 0 0 0 0

## nvme:f2fs:DRBL:40:directio
# ncpu secs works works/sec real.sec user.sec nice.sec sys.sec idle.sec iowait.sec irq.sec softirq.sec steal.sec guest.sec user.util nice.util sys.util idle.util iowait.util irq.util softirq.util steal.util guest.util

40 30.000663 1947200.000000 64905.232045 30.0877 1.37 0 23.92 3257.83 313.59 0 0 0 0 0.0380904 0 0.665052 90.5781 8.7188 0 0 0 0

## nvme:f2fs:DRBL:39:directio
# ncpu secs works works/sec real.sec user.sec nice.sec sys.sec idle.sec iowait.sec irq.sec softirq.sec steal.sec guest.sec user.util nice.util sys.util idle.util iowait.util irq.util softirq.util steal.util guest.util

39 30.000509 1947351.000000 64910.599072 30.0879 1.41 0 22.07 3259.53 314.35 0 0 0 0 0.0391954 0 0.613505 90.6089 8.73835 0 0 0 0

## nvme:f2fs:DRBL:38:directio
# ncpu secs works works/sec real.sec user.sec nice.sec sys.sec idle.sec iowait.sec irq.sec softirq.sec steal.sec guest.sec user.util nice.util sys.util idle.util iowait.util irq.util softirq.util steal.util guest.util

38 30.000316 1947168.000000 64904.917018 30.0869 1.28 0 21.98 3289.53 284.86 0 0 0 0 0.0355788 0 0.610954 91.4355 7.91795 0 0 0 0

## nvme:f2fs:DRBL:37:directio
# ncpu secs works works/sec real.sec user.sec nice.sec sys.sec idle.sec iowait.sec irq.sec softirq.sec steal.sec guest.sec user.util nice.util sys.util idle.util iowait.util irq.util softirq.util steal.util guest.util

37 30.000331 1947298.000000 64909.217344 30.0881 1.18 0 21 3291.13 284.77 0 0.01 0 0 0.0327952 0 0.583643 91.4688 7.91448 0 0.000277925 0 0

## nvme:f2fs:DRBL:36:directio
# ncpu secs works works/sec real.sec user.sec nice.sec sys.sec idle.sec iowait.sec irq.sec softirq.sec steal.sec guest.sec user.util nice.util sys.util idle.util iowait.util irq.util softirq.util steal.util guest.util

36 30.000233 1947487.000000 64915.728433 30.0874 1.37 0 19.52 3292.06 284.94 0 0 0 0 0.0380779 0 0.54254 91.4997 7.91964 0 0 0 0

## nvme:f2fs:DRBL:35:directio
# ncpu secs works works/sec real.sec user.sec nice.sec sys.sec idle.sec iowait.sec irq.sec softirq.sec steal.sec guest.sec user.util nice.util sys.util idle.util iowait.util irq.util softirq.util steal.util guest.util

35 30.000556 1947229.000000 64906.429535 30.0885 1.02 0 19.45 3292.62 285.51 0 0 0 0 0.0283444 0 0.540488 91.4972 7.93392 0 0 0 0

## nvme:f2fs:DRBL:34:directio
# ncpu secs works works/sec real.sec user.sec nice.sec sys.sec idle.sec iowait.sec irq.sec softirq.sec steal.sec guest.sec user.util nice.util sys.util idle.util iowait.util irq.util softirq.util steal.util guest.util

34 30.000481 1947527.000000 64916.525393 30.0876 1.25 0 19.91 3321.62 255.86 0 0 0 0 0.0347353 0 0.553265 92.3021 7.10991 0 0 0 0

## nvme:f2fs:DRBL:33:directio
# ncpu secs works works/sec real.sec user.sec nice.sec sys.sec idle.sec iowait.sec irq.sec softirq.sec steal.sec guest.sec user.util nice.util sys.util idle.util iowait.util irq.util softirq.util steal.util guest.util

33 30.000359 1947213.000000 64906.323288 30.0881 1.26 0 18.84 3323.23 255.64 0 0.01 0 0 0.0350099 0 0.523482 92.3381 7.10312 0 0.000277857 0 0

## nvme:f2fs:DRBL:32:directio
# ncpu secs works works/sec real.sec user.sec nice.sec sys.sec idle.sec iowait.sec irq.sec softirq.sec steal.sec guest.sec user.util nice.util sys.util idle.util iowait.util irq.util softirq.util steal.util guest.util

32 30.000731 1947256.000000 64906.952781 30.0969 1.43 0 17.15 3326.05 255.36 0 0 0 0 0.0397223 0 0.47639 92.3905 7.09335 0 0 0 0

## nvme:f2fs:DRBL:31:directio
# ncpu secs works works/sec real.sec user.sec nice.sec sys.sec idle.sec iowait.sec irq.sec softirq.sec steal.sec guest.sec user.util nice.util sys.util idle.util iowait.util irq.util softirq.util steal.util guest.util

31 30.000290 1946914.000000 64896.504954 30.0872 0.97 0 14.23 3327.39 258.69 0 0 0 0 0.0269349 0 0.395137 92.3946 7.18328 0 0 0 0

## nvme:f2fs:DRBL:30:directio
# ncpu secs works works/sec real.sec user.sec nice.sec sys.sec idle.sec iowait.sec irq.sec softirq.sec steal.sec guest.sec user.util nice.util sys.util idle.util iowait.util irq.util softirq.util steal.util guest.util

30 30.000312 1947384.000000 64912.124265 30.0946 1.19 0 14.77 3356.99 228.75 0 0 0 0 0.03304 0 0.410084 93.2057 6.35117 0 0 0 0

## nvme:f2fs:DRBL:29:directio
# ncpu secs works works/sec real.sec user.sec nice.sec sys.sec idle.sec iowait.sec irq.sec softirq.sec steal.sec guest.sec user.util nice.util sys.util idle.util iowait.util irq.util softirq.util steal.util guest.util

29 30.000549 1947092.000000 64901.878440 30.088 0.93 0 15.01 3356.82 228.32 0 0.01 0 0 0.0258255 0 0.416818 93.2168 6.3403 0 0.000277694 0 0

## nvme:f2fs:DRBL:28:directio
# ncpu secs works works/sec real.sec user.sec nice.sec sys.sec idle.sec iowait.sec irq.sec softirq.sec steal.sec guest.sec user.util nice.util sys.util idle.util iowait.util irq.util softirq.util steal.util guest.util

28 30.000279 1947209.000000 64906.362033 30.0869 0.99 0 13.28 3357.49 230.03 0 0.01 0 0 0.0274863 0 0.368705 93.217 6.38653 0 0.000277639 0 0

## nvme:f2fs:DRBL:27:directio
# ncpu secs works works/sec real.sec user.sec nice.sec sys.sec idle.sec iowait.sec irq.sec softirq.sec steal.sec guest.sec user.util nice.util sys.util idle.util iowait.util irq.util softirq.util steal.util guest.util

27 30.000206 1947209.000000 64906.521296 30.0872 0.98 0 13.03 3387.09 200.59 0 0 0 0 0.0272094 0 0.361775 94.0417 5.56933 0 0 0 0

## nvme:f2fs:DRBL:26:directio
# ncpu secs works works/sec real.sec user.sec nice.sec sys.sec idle.sec iowait.sec irq.sec softirq.sec steal.sec guest.sec user.util nice.util sys.util idle.util iowait.util irq.util softirq.util steal.util guest.util

26 30.000168 1947479.000000 64915.603972 30.0884 0.87 0 12.94 3387.77 200.46 0 0 0 0 0.024153 0 0.359241 94.0514 5.56518 0 0 0 0

## nvme:f2fs:DRBL:25:directio
# ncpu secs works works/sec real.sec user.sec nice.sec sys.sec idle.sec iowait.sec irq.sec softirq.sec steal.sec guest.sec user.util nice.util sys.util idle.util iowait.util irq.util softirq.util steal.util guest.util

25 30.000193 1947190.000000 64905.915599 30.0867 0.89 0 13.33 3387.67 199.44 0 0 0 0 0.0247131 0 0.370141 94.0672 5.53795 0 0 0 0

## nvme:f2fs:DRBL:24:directio
# ncpu secs works works/sec real.sec user.sec nice.sec sys.sec idle.sec iowait.sec irq.sec softirq.sec steal.sec guest.sec user.util nice.util sys.util idle.util iowait.util irq.util softirq.util steal.util guest.util

24 30.000173 1947164.000000 64905.093192 30.0868 0.89 0 12.26 3387.85 200.82 0 0 0 0 0.0247097 0 0.340383 94.0594 5.57551 0 0 0 0

## nvme:f2fs:DRBL:23:directio
# ncpu secs works works/sec real.sec user.sec nice.sec sys.sec idle.sec iowait.sec irq.sec softirq.sec steal.sec guest.sec user.util nice.util sys.util idle.util iowait.util irq.util softirq.util steal.util guest.util

23 30.000250 1947256.000000 64907.992433 30.0867 0.86 0 12.36 3417.51 171.27 0 0 0 0 0.0238756 0 0.343143 94.8781 4.75486 0 0 0 0

## nvme:f2fs:DRBL:22:directio
# ncpu secs works works/sec real.sec user.sec nice.sec sys.sec idle.sec iowait.sec irq.sec softirq.sec steal.sec guest.sec user.util nice.util sys.util idle.util iowait.util irq.util softirq.util steal.util guest.util

22 30.000218 1947198.000000 64906.128349 30.0869 0.79 0 12.5 3417.62 171.06 0 0 0 0 0.0219324 0 0.347032 94.882 4.74907 0 0 0 0

## nvme:f2fs:DRBL:21:directio
# ncpu secs works works/sec real.sec user.sec nice.sec sys.sec idle.sec iowait.sec irq.sec softirq.sec steal.sec guest.sec user.util nice.util sys.util idle.util iowait.util irq.util softirq.util steal.util guest.util

21 30.000389 1947373.000000 64911.592471 30.0871 0.84 0 12.79 3417.81 170.75 0 0 0 0 0.0233191 0 0.355062 94.8814 4.74017 0 0 0 0

## nvme:f2fs:DRBL:20:directio
# ncpu secs works works/sec real.sec user.sec nice.sec sys.sec idle.sec iowait.sec irq.sec softirq.sec steal.sec guest.sec user.util nice.util sys.util idle.util iowait.util irq.util softirq.util steal.util guest.util

20 30.000173 1947367.000000 64911.858359 30.0872 0.82 0 12.19 3418.22 170.81 0 0 0 0 0.0227649 0 0.338419 94.8968 4.74204 0 0 0 0

## nvme:f2fs:DRBL:19:directio
# ncpu secs works works/sec real.sec user.sec nice.sec sys.sec idle.sec iowait.sec irq.sec softirq.sec steal.sec guest.sec user.util nice.util sys.util idle.util iowait.util irq.util softirq.util steal.util guest.util

19 30.000128 1947267.000000 64908.623740 30.0868 0.83 0 12.49 3447.54 141.49 0 0 0 0 0.0230405 0 0.346718 95.7025 3.92771 0 0 0 0

## nvme:f2fs:DRBL:18:directio
# ncpu secs works works/sec real.sec user.sec nice.sec sys.sec idle.sec iowait.sec irq.sec softirq.sec steal.sec guest.sec user.util nice.util sys.util idle.util iowait.util irq.util softirq.util steal.util guest.util

18 30.000121 1947123.000000 64903.838942 30.0862 0.69 0 12.45 3448.05 141.09 0 0 0 0 0.0191545 0 0.345614 95.7185 3.91669 0 0 0 0

## nvme:f2fs:DRBL:17:directio
# ncpu secs works works/sec real.sec user.sec nice.sec sys.sec idle.sec iowait.sec irq.sec softirq.sec steal.sec guest.sec user.util nice.util sys.util idle.util iowait.util irq.util softirq.util steal.util guest.util

17 30.000244 1947155.000000 64904.639794 30.0866 0.79 0 12.22 3448.35 140.92 0 0.01 0 0 0.0219305 0 0.339229 95.7266 3.91196 0 0.000277601 0 0

## nvme:f2fs:DRBL:16:directio
# ncpu secs works works/sec real.sec user.sec nice.sec sys.sec idle.sec iowait.sec irq.sec softirq.sec steal.sec guest.sec user.util nice.util sys.util idle.util iowait.util irq.util softirq.util steal.util guest.util

16 30.000420 1947239.000000 64907.057562 30.0878 0.75 0 11.97 3449.49 140.48 0 0 0 0 0.0208178 0 0.332252 95.7476 3.89931 0 0 0 0

## nvme:f2fs:DRBL:15:directio
# ncpu secs works works/sec real.sec user.sec nice.sec sys.sec idle.sec iowait.sec irq.sec softirq.sec steal.sec guest.sec user.util nice.util sys.util idle.util iowait.util irq.util softirq.util steal.util guest.util

15 30.000245 1947171.000000 64905.168931 30.0859 0.75 0 12.19 3478.02 111.79 0 0 0 0 0.0208174 0 0.338353 96.5379 3.10291 0 0 0 0

## nvme:f2fs:DRBL:14:directio
# ncpu secs works works/sec real.sec user.sec nice.sec sys.sec idle.sec iowait.sec irq.sec softirq.sec steal.sec guest.sec user.util nice.util sys.util idle.util iowait.util irq.util softirq.util steal.util guest.util

14 30.000115 1947033.000000 64900.851059 30.0863 0.76 0 11.97 3478.39 111.59 0 0 0 0 0.0210952 0 0.33225 96.5493 3.09739 0 0 0 0

## nvme:f2fs:DRBL:13:directio
# ncpu secs works works/sec real.sec user.sec nice.sec sys.sec idle.sec iowait.sec irq.sec softirq.sec steal.sec guest.sec user.util nice.util sys.util idle.util iowait.util irq.util softirq.util steal.util guest.util

13 30.000163 1947032.000000 64900.713374 30.0881 0.75 0 11.76 3479.41 111 0 0 0 0 0.0208164 0 0.326402 96.5719 3.08083 0 0 0 0

## nvme:f2fs:DRBL:12:directio
# ncpu secs works works/sec real.sec user.sec nice.sec sys.sec idle.sec iowait.sec irq.sec softirq.sec steal.sec guest.sec user.util nice.util sys.util idle.util iowait.util irq.util softirq.util steal.util guest.util

12 30.000275 1946884.000000 64895.538097 30.0867 0.58 0 11.95 3508.56 81.53 0 0.01 0 0 0.0160993 0 0.331702 97.3889 2.26307 0 0.000277575 0 0

## nvme:f2fs:DRBL:11:directio
# ncpu secs works works/sec real.sec user.sec nice.sec sys.sec idle.sec iowait.sec irq.sec softirq.sec steal.sec guest.sec user.util nice.util sys.util idle.util iowait.util irq.util softirq.util steal.util guest.util

11 30.000127 1947200.000000 64906.392093 30.0864 0.75 0 12.01 3508.79 81.17 0 0.01 0 0 0.0208175 0 0.333358 97.3925 2.25301 0 0.000277567 0 0

## nvme:f2fs:DRBL:10:directio
# ncpu secs works works/sec real.sec user.sec nice.sec sys.sec idle.sec iowait.sec irq.sec softirq.sec steal.sec guest.sec user.util nice.util sys.util idle.util iowait.util irq.util softirq.util steal.util guest.util

10 30.000218 1947149.000000 64904.493946 30.086 0.72 0 12.06 3509.07 81.11 0 0.01 0 0 0.0199835 0 0.334724 97.3938 2.2512 0 0.000277549 0 0

## nvme:f2fs:DRBL:9:directio
# ncpu secs works works/sec real.sec user.sec nice.sec sys.sec idle.sec iowait.sec irq.sec softirq.sec steal.sec guest.sec user.util nice.util sys.util idle.util iowait.util irq.util softirq.util steal.util guest.util

9 30.000182 1947363.000000 64911.707164 30.0862 0.65 0 11.88 3509.82 80.42 0 0 0 0 0.0180417 0 0.329746 97.42 2.23217 0 0 0 0

## nvme:f2fs:DRBL:8:directio
# ncpu secs works works/sec real.sec user.sec nice.sec sys.sec idle.sec iowait.sec irq.sec softirq.sec steal.sec guest.sec user.util nice.util sys.util idle.util iowait.util irq.util softirq.util steal.util guest.util

8 30.000087 1947345.000000 64911.310675 30.0865 0.64 0 11.93 3538.69 51.45 0 0 0 0 0.0177644 0 0.33114 98.223 1.42809 0 0 0 0

## nvme:f2fs:DRBL:7:directio
# ncpu secs works works/sec real.sec user.sec nice.sec sys.sec idle.sec iowait.sec irq.sec softirq.sec steal.sec guest.sec user.util nice.util sys.util idle.util iowait.util irq.util softirq.util steal.util guest.util

7 30.000054 1947020.000000 64900.549228 30.0945 0.71 0 11.92 3540.39 50.82 0 0 0 0 0.0197012 0 0.330758 98.2394 1.41016 0 0 0 0

## nvme:f2fs:DRBL:6:directio
# ncpu secs works works/sec real.sec user.sec nice.sec sys.sec idle.sec iowait.sec irq.sec softirq.sec steal.sec guest.sec user.util nice.util sys.util idle.util iowait.util irq.util softirq.util steal.util guest.util

6 30.000124 1946949.000000 64898.032836 30.0865 0.7 0 11.54 3539.89 50.5 0 0 0 0 0.0194302 0 0.320322 98.2585 1.40175 0 0 0 0

## nvme:f2fs:DRBL:5:directio
# ncpu secs works works/sec real.sec user.sec nice.sec sys.sec idle.sec iowait.sec irq.sec softirq.sec steal.sec guest.sec user.util nice.util sys.util idle.util iowait.util irq.util softirq.util steal.util guest.util

5 30.000068 1771359.000000 59045.165377 30.0856 0.62 0 10.52 3541.85 50.39 0 0 0 0 0.0172061 0 0.291948 98.2924 1.39841 0 0 0 0

## nvme:f2fs:DRBL:4:directio
# ncpu secs works works/sec real.sec user.sec nice.sec sys.sec idle.sec iowait.sec irq.sec softirq.sec steal.sec guest.sec user.util nice.util sys.util idle.util iowait.util irq.util softirq.util steal.util guest.util

4 30.000042 1485423.000000 49514.030680 30.0859 0.47 0 10.11 3570.78 23.54 0 0 0 0 0.0130378 0 0.280452 99.0535 0.653 0 0 0 0

## nvme:f2fs:DRBL:3:directio
# ncpu secs works works/sec real.sec user.sec nice.sec sys.sec idle.sec iowait.sec irq.sec softirq.sec steal.sec guest.sec user.util nice.util sys.util idle.util iowait.util irq.util softirq.util steal.util guest.util

3 30.000111 974544.000000 32484.679807 30.0952 0.38 0 5.51 3576.2 25.2 0 0 0 0 0.0105342 0 0.152746 99.1381 0.698585 0 0 0 0

## nvme:f2fs:DRBL:2:directio
# ncpu secs works works/sec real.sec user.sec nice.sec sys.sec idle.sec iowait.sec irq.sec softirq.sec steal.sec guest.sec user.util nice.util sys.util idle.util iowait.util irq.util softirq.util steal.util guest.util

2 30.000086 805889.000000 26862.889660 30.0865 0.31 0 4.45 3576.94 25.47 0 0 0 0 0.00859399 0 0.123365 99.1619 0.706094 0 0 0 0

## nvme:f2fs:DRBL:1:directio
# ncpu secs works works/sec real.sec user.sec nice.sec sys.sec idle.sec iowait.sec irq.sec softirq.sec steal.sec guest.sec user.util nice.util sys.util idle.util iowait.util irq.util softirq.util steal.util guest.util

1 30.000063 521135.000000 17371.130187 30.086 0.21 0 3.19 3580.05 25.26 0 0 0 0 0.00581925 0 0.0883972 99.2058 0.699973 0 0 0 0

### NUM_TEST_CONF  = 120
