### SYSTEM         = Linux lass 4.14.11realbaseline+ #2 SMP Wed Jan 15 02:52:58 PST 2020 x86_64 x86_64 x86_64 GNU/Linux
### DISK_SIZE      = 32G
### DURATION       = 30s
### DIRECTIO       = bufferedio,directio
### MEDIA_TYPES    = ssd,hdd,nvme,mem
### FS_TYPES       = ext4,ext4_no_jnl,xfs,btrfs,f2fs
### BENCH_TYPES    = DWAL,DWOL,DWOM,DWSL,DWSM,MWRL,MWRM,MWCL,MWCM,MWUM,MWUL,DWTL,DWSM10,DWSM100,DWSM1000,DWSM10000,DWSL10,DWSL100,DWSL1000,DWSL10000,filebench_varmail,filebench_oltp,filebench_fileserver,dbench_client,MRPL,MRPM,MRPH,MRDM,MRDL,DRBH,DRBM,DRBL,DWRM
### NCORES         = 1,2,3,4,5,6,7,8,9,10,11,12,13,14,15,16,17,18,19,20,21,22,23,24,25,26,27,28,29,30,31,32,33,34,35,36,37,38,39,40,41,42,43,44,45,46,47,48,49,50,51,52,53,54,55,56,57,58,59,60,61,62,63,64,65,66,67,68,69,70,71,72,73,74,75,76,77,78,79,80,81,82,83,84,85,86,87,88,89,90,91,92,93,94,95,96,97,98,99,100,101,102,103,104,105,106,107,108,109,110,111,112,113,114,115,116,117,118,119,120
### CORE_SEQ       = 0,1,2,3,4,5,6,7,8,9,10,11,12,13,14,15,16,17,18,19,20,21,22,23,24,25,26,27,28,29,30,31,32,33,34,35,36,37,38,39,40,41,42,43,44,45,46,47,48,49,50,51,52,53,54,55,56,57,58,59,60,61,62,63,64,65,66,67,68,69,70,71,72,73,74,75,76,77,78,79,80,81,82,83,84,85,86,87,88,89,90,91,92,93,94,95,96,97,98,99,100,101,102,103,104,105,106,107,108,109,110,111,112,113,114,115,116,117,118,119


### MODEL_NAME     = Intel(R) Xeon(R) CPU E7-8870 v2 @ 2.30GHz
### PHYSICAL_CHIPS = 8
### CORE_PER_CHIP  = 15
### SMT_LEVEL      = 1


## nvme:f2fs:DRBM:120:directio
# ncpu secs works works/sec real.sec user.sec nice.sec sys.sec idle.sec iowait.sec irq.sec softirq.sec steal.sec guest.sec user.util nice.util sys.util idle.util iowait.util irq.util softirq.util steal.util guest.util

120 29.998786 5117130.000000 170577.903714 30.0938 4.32 0 3251.94 256.06 81.63 0 0 0 0 0.120202 0 90.4837 7.12475 2.27132 0 0 0 0

## nvme:f2fs:DRBM:119:directio
# ncpu secs works works/sec real.sec user.sec nice.sec sys.sec idle.sec iowait.sec irq.sec softirq.sec steal.sec guest.sec user.util nice.util sys.util idle.util iowait.util irq.util softirq.util steal.util guest.util

119 29.999790 5118718.000000 170625.129812 30.0919 2.79 0 3226.62 278.48 82.68 0 0.01 0 0 0.0777033 0 89.8635 7.75585 2.30269 0 0.000278507 0 0

## nvme:f2fs:DRBM:118:directio
# ncpu secs works works/sec real.sec user.sec nice.sec sys.sec idle.sec iowait.sec irq.sec softirq.sec steal.sec guest.sec user.util nice.util sys.util idle.util iowait.util irq.util softirq.util steal.util guest.util

118 29.999315 5389508.000000 179654.368978 30.0915 2.82 0 3162.28 329.88 89.97 0 0 0 0 0.0786622 0 88.2099 9.2018 2.50966 0 0 0 0

## nvme:f2fs:DRBM:117:directio
# ncpu secs works works/sec real.sec user.sec nice.sec sys.sec idle.sec iowait.sec irq.sec softirq.sec steal.sec guest.sec user.util nice.util sys.util idle.util iowait.util irq.util softirq.util steal.util guest.util

117 29.999306 4905661.000000 163525.813761 30.0911 2.75 0 3169.09 340.11 79.49 0 0.01 0 0 0.0765707 0 88.2398 9.46999 2.21331 0 0.000278439 0 0

## nvme:f2fs:DRBM:116:directio
# ncpu secs works works/sec real.sec user.sec nice.sec sys.sec idle.sec iowait.sec irq.sec softirq.sec steal.sec guest.sec user.util nice.util sys.util idle.util iowait.util irq.util softirq.util steal.util guest.util

116 29.998946 5369564.000000 178991.755707 30.0896 2.76 0 3095.33 399.07 88.45 0 0 0 0 0.0769744 0 86.3265 11.1298 2.4668 0 0 0 0

## nvme:f2fs:DRBM:115:directio
# ncpu secs works works/sec real.sec user.sec nice.sec sys.sec idle.sec iowait.sec irq.sec softirq.sec steal.sec guest.sec user.util nice.util sys.util idle.util iowait.util irq.util softirq.util steal.util guest.util

115 29.999457 4914684.000000 163825.767241 30.0901 2.64 0 3108.16 396.38 82.09 0 0 0 0 0.0735526 0 86.5959 11.0435 2.28709 0 0 0 0

## nvme:f2fs:DRBM:114:directio
# ncpu secs works works/sec real.sec user.sec nice.sec sys.sec idle.sec iowait.sec irq.sec softirq.sec steal.sec guest.sec user.util nice.util sys.util idle.util iowait.util irq.util softirq.util steal.util guest.util

114 29.999998 4894812.000000 163160.410591 30.0938 3.51 0 3077.83 427.75 81.54 0 0.01 0 0 0.0977542 0 85.7181 11.9129 2.2709 0 0.000278502 0 0

## nvme:f2fs:DRBM:113:directio
# ncpu secs works works/sec real.sec user.sec nice.sec sys.sec idle.sec iowait.sec irq.sec softirq.sec steal.sec guest.sec user.util nice.util sys.util idle.util iowait.util irq.util softirq.util steal.util guest.util

113 29.998943 4901015.000000 163372.923803 30.0908 2.75 0 3047.99 455.81 80.52 0 0 0 0 0.0766642 0 84.9716 12.707 2.24473 0 0 0 0

## nvme:f2fs:DRBM:112:directio
# ncpu secs works works/sec real.sec user.sec nice.sec sys.sec idle.sec iowait.sec irq.sec softirq.sec steal.sec guest.sec user.util nice.util sys.util idle.util iowait.util irq.util softirq.util steal.util guest.util

112 29.998799 5131219.000000 171047.482309 30.0904 2.23 0 3005.05 496.68 84.18 0 0 0 0 0.0621492 0 83.7495 13.8423 2.34606 0 0 0 0

## nvme:f2fs:DRBM:111:directio
# ncpu secs works works/sec real.sec user.sec nice.sec sys.sec idle.sec iowait.sec irq.sec softirq.sec steal.sec guest.sec user.util nice.util sys.util idle.util iowait.util irq.util softirq.util steal.util guest.util

111 29.999423 5141490.000000 171386.295352 30.0932 2.85 0 2975.31 524.81 85.19 0 0.01 0 0 0.0794277 0 82.92 14.6261 2.37419 0 0.000278694 0 0

## nvme:f2fs:DRBM:110:directio
# ncpu secs works works/sec real.sec user.sec nice.sec sys.sec idle.sec iowait.sec irq.sec softirq.sec steal.sec guest.sec user.util nice.util sys.util idle.util iowait.util irq.util softirq.util steal.util guest.util

110 29.999288 5103594.000000 170123.836832 30.0904 2.25 0 2940.82 558.98 87.8 0 0 0 0 0.0626767 0 81.9204 15.5711 2.44578 0 0 0 0

## nvme:f2fs:DRBM:109:directio
# ncpu secs works works/sec real.sec user.sec nice.sec sys.sec idle.sec iowait.sec irq.sec softirq.sec steal.sec guest.sec user.util nice.util sys.util idle.util iowait.util irq.util softirq.util steal.util guest.util

109 29.999865 4886253.000000 162875.833688 30.0901 2.71 0 2922.47 582.68 80.92 0 0.01 0 0 0.0755129 0 81.4333 16.2361 2.2548 0 0.000278645 0 0

## nvme:f2fs:DRBM:108:directio
# ncpu secs works works/sec real.sec user.sec nice.sec sys.sec idle.sec iowait.sec irq.sec softirq.sec steal.sec guest.sec user.util nice.util sys.util idle.util iowait.util irq.util softirq.util steal.util guest.util

108 29.999582 5130448.000000 171017.313588 30.0908 2.75 0 2873.28 623.46 87.61 0 0.01 0 0 0.0766634 0 80.1001 17.3806 2.44236 0 0.000278776 0 0

## nvme:f2fs:DRBM:107:directio
# ncpu secs works works/sec real.sec user.sec nice.sec sys.sec idle.sec iowait.sec irq.sec softirq.sec steal.sec guest.sec user.util nice.util sys.util idle.util iowait.util irq.util softirq.util steal.util guest.util

107 29.999117 4936253.000000 164546.611155 30.0911 2.22 0 2861.27 642.05 84.48 0 0 0 0 0.0618381 0 79.7007 17.8843 2.35319 0 0 0 0

## nvme:f2fs:DRBM:106:directio
# ncpu secs works works/sec real.sec user.sec nice.sec sys.sec idle.sec iowait.sec irq.sec softirq.sec steal.sec guest.sec user.util nice.util sys.util idle.util iowait.util irq.util softirq.util steal.util guest.util

106 29.999159 4959002.000000 165304.699669 30.0893 2.31 0 2822.35 677.28 86.25 0 0 0 0 0.0643779 0 78.6566 18.8753 2.40372 0 0 0 0

## nvme:f2fs:DRBM:105:directio
# ncpu secs works works/sec real.sec user.sec nice.sec sys.sec idle.sec iowait.sec irq.sec softirq.sec steal.sec guest.sec user.util nice.util sys.util idle.util iowait.util irq.util softirq.util steal.util guest.util

105 29.999509 5238421.000000 174616.889290 30.0913 2.61 0 2774.55 721.5 89.74 0 0.01 0 0 0.0727342 0 77.3198 20.1064 2.50083 0 0.000278675 0 0

## nvme:f2fs:DRBM:104:directio
# ncpu secs works works/sec real.sec user.sec nice.sec sys.sec idle.sec iowait.sec irq.sec softirq.sec steal.sec guest.sec user.util nice.util sys.util idle.util iowait.util irq.util softirq.util steal.util guest.util

104 30.000144 4868823.000000 162293.320472 30.0905 4.39 0 2763.99 738.91 82.84 0 0.01 0 0 0.122279 0 76.9884 20.5816 2.30743 0 0.000278541 0 0

## nvme:f2fs:DRBM:103:directio
# ncpu secs works works/sec real.sec user.sec nice.sec sys.sec idle.sec iowait.sec irq.sec softirq.sec steal.sec guest.sec user.util nice.util sys.util idle.util iowait.util irq.util softirq.util steal.util guest.util

103 29.999608 5059184.000000 168641.667577 30.0894 2.64 0 2729.45 768.18 87.33 0 0 0 0 0.0735868 0 76.0801 21.4121 2.43422 0 0 0 0

## nvme:f2fs:DRBM:102:directio
# ncpu secs works works/sec real.sec user.sec nice.sec sys.sec idle.sec iowait.sec irq.sec softirq.sec steal.sec guest.sec user.util nice.util sys.util idle.util iowait.util irq.util softirq.util steal.util guest.util

102 29.999493 5128251.000000 170944.588852 30.0903 2.7 0 2686.7 808.92 89.84 0 0 0 0 0.0752475 0 74.8768 22.5441 2.50379 0 0 0 0

## nvme:f2fs:DRBM:101:directio
# ncpu secs works works/sec real.sec user.sec nice.sec sys.sec idle.sec iowait.sec irq.sec softirq.sec steal.sec guest.sec user.util nice.util sys.util idle.util iowait.util irq.util softirq.util steal.util guest.util

101 29.999750 4827103.000000 160904.772135 30.0903 2.58 0 2680.1 823.76 83.5 0 0.01 0 0 0.0718673 0 74.6556 22.9463 2.32594 0 0.000278555 0 0

## nvme:f2fs:DRBM:100:directio
# ncpu secs works works/sec real.sec user.sec nice.sec sys.sec idle.sec iowait.sec irq.sec softirq.sec steal.sec guest.sec user.util nice.util sys.util idle.util iowait.util irq.util softirq.util steal.util guest.util

100 29.999186 4844746.000000 161495.915148 30.0907 2.67 0 2645.32 855.34 85.23 0 0 0 0 0.0744031 0 73.7154 23.8352 2.37505 0 0 0 0

## nvme:f2fs:DRBM:99:directio
# ncpu secs works works/sec real.sec user.sec nice.sec sys.sec idle.sec iowait.sec irq.sec softirq.sec steal.sec guest.sec user.util nice.util sys.util idle.util iowait.util irq.util softirq.util steal.util guest.util

99 30.000275 5171232.000000 172372.821019 30.091 2.28 0 2581.92 905.5 95.57 0 0.01 0 0 0.0635934 0 72.0145 25.256 2.66562 0 0.000278918 0 0

## nvme:f2fs:DRBM:98:directio
# ncpu secs works works/sec real.sec user.sec nice.sec sys.sec idle.sec iowait.sec irq.sec softirq.sec steal.sec guest.sec user.util nice.util sys.util idle.util iowait.util irq.util softirq.util steal.util guest.util

98 29.999361 5057105.000000 168573.759811 30.0902 2.46 0 2570.36 927.08 88.12 0 0.02 0 0 0.0685611 0 71.6369 25.8381 2.45594 0 0.000557407 0 0

## nvme:f2fs:DRBM:97:directio
# ncpu secs works works/sec real.sec user.sec nice.sec sys.sec idle.sec iowait.sec irq.sec softirq.sec steal.sec guest.sec user.util nice.util sys.util idle.util iowait.util irq.util softirq.util steal.util guest.util

97 29.999393 4930161.000000 164342.024792 30.0907 2.2 0 2538.82 957.75 87.81 0 0.02 0 0 0.0613394 0 70.7863 26.7036 2.44828 0 0.000557631 0 0

## nvme:f2fs:DRBM:96:directio
# ncpu secs works works/sec real.sec user.sec nice.sec sys.sec idle.sec iowait.sec irq.sec softirq.sec steal.sec guest.sec user.util nice.util sys.util idle.util iowait.util irq.util softirq.util steal.util guest.util

96 29.999321 5280655.000000 176025.815856 30.0898 2.64 0 2475.04 1007.3 99.06 0 0.01 0 0 0.0736597 0 69.0571 28.1051 2.76391 0 0.000279014 0 0

## nvme:f2fs:DRBM:95:directio
# ncpu secs works works/sec real.sec user.sec nice.sec sys.sec idle.sec iowait.sec irq.sec softirq.sec steal.sec guest.sec user.util nice.util sys.util idle.util iowait.util irq.util softirq.util steal.util guest.util

95 29.999379 4981515.000000 166053.937666 30.0904 2.25 0 2472.83 1019.69 91.81 0 0.01 0 0 0.0627337 0 68.9465 28.4306 2.55981 0 0.000278816 0 0

## nvme:f2fs:DRBM:94:directio
# ncpu secs works works/sec real.sec user.sec nice.sec sys.sec idle.sec iowait.sec irq.sec softirq.sec steal.sec guest.sec user.util nice.util sys.util idle.util iowait.util irq.util softirq.util steal.util guest.util

94 30.000139 4951077.000000 165035.136274 30.0899 2.06 0 2454.18 1045.67 87.49 0 0 0 0 0.0573912 0 68.373 29.1322 2.43745 0 0 0 0

## nvme:f2fs:DRBM:93:directio
# ncpu secs works works/sec real.sec user.sec nice.sec sys.sec idle.sec iowait.sec irq.sec softirq.sec steal.sec guest.sec user.util nice.util sys.util idle.util iowait.util irq.util softirq.util steal.util guest.util

93 29.999981 5179629.000000 172654.411761 30.0921 2.56 0 2396.05 1092.31 96.12 0 0.01 0 0 0.0713678 0 66.7972 30.4515 2.67964 0 0.000278781 0 0

## nvme:f2fs:DRBM:92:directio
# ncpu secs works works/sec real.sec user.sec nice.sec sys.sec idle.sec iowait.sec irq.sec softirq.sec steal.sec guest.sec user.util nice.util sys.util idle.util iowait.util irq.util softirq.util steal.util guest.util

92 29.999860 4943499.000000 164784.071321 30.0895 2.35 0 2392.52 1104.81 88.83 0 0 0 0 0.0654868 0 66.6717 30.7874 2.4754 0 0 0 0

## nvme:f2fs:DRBM:91:directio
# ncpu secs works works/sec real.sec user.sec nice.sec sys.sec idle.sec iowait.sec irq.sec softirq.sec steal.sec guest.sec user.util nice.util sys.util idle.util iowait.util irq.util softirq.util steal.util guest.util

91 29.999398 5214803.000000 173830.257280 30.0963 3.17 0 2334.81 1151.76 97.14 0 0 0 0 0.0883776 0 65.0931 32.1104 2.7082 0 0 0 0

## nvme:f2fs:DRBM:90:directio
# ncpu secs works works/sec real.sec user.sec nice.sec sys.sec idle.sec iowait.sec irq.sec softirq.sec steal.sec guest.sec user.util nice.util sys.util idle.util iowait.util irq.util softirq.util steal.util guest.util

90 29.999631 5252897.000000 175098.718695 30.0906 2.64 0 2310.24 1183.18 92.71 0 0.01 0 0 0.0735626 0 64.374 32.9689 2.58333 0 0.000278646 0 0

## nvme:f2fs:DRBM:89:directio
# ncpu secs works works/sec real.sec user.sec nice.sec sys.sec idle.sec iowait.sec irq.sec softirq.sec steal.sec guest.sec user.util nice.util sys.util idle.util iowait.util irq.util softirq.util steal.util guest.util

89 29.999523 5262971.000000 175435.153457 30.09 2.51 0 2282.56 1207.98 95.21 0 0 0 0 0.0699503 0 63.6119 33.6648 2.65338 0 0 0 0

## nvme:f2fs:DRBM:88:directio
# ncpu secs works works/sec real.sec user.sec nice.sec sys.sec idle.sec iowait.sec irq.sec softirq.sec steal.sec guest.sec user.util nice.util sys.util idle.util iowait.util irq.util softirq.util steal.util guest.util

88 29.999593 4983621.000000 166122.954301 30.0904 2.44 0 2276.61 1221.17 89.98 0 0 0 0 0.0679628 0 63.4118 34.014 2.50627 0 0 0 0

## nvme:f2fs:DRBM:87:directio
# ncpu secs works works/sec real.sec user.sec nice.sec sys.sec idle.sec iowait.sec irq.sec softirq.sec steal.sec guest.sec user.util nice.util sys.util idle.util iowait.util irq.util softirq.util steal.util guest.util

87 29.999782 5019064.000000 167303.348558 30.0915 2.42 0 2235.96 1260.49 86.33 0 0.01 0 0 0.0674995 0 62.3662 35.1581 2.40795 0 0.000278924 0 0

## nvme:f2fs:DRBM:86:directio
# ncpu secs works works/sec real.sec user.sec nice.sec sys.sec idle.sec iowait.sec irq.sec softirq.sec steal.sec guest.sec user.util nice.util sys.util idle.util iowait.util irq.util softirq.util steal.util guest.util

86 29.999341 4965406.000000 165517.166692 30.0918 2.47 0 2220.13 1281.66 87.14 0 0.01 0 0 0.0687752 0 61.8178 35.6868 2.42635 0 0.000278442 0 0

## nvme:f2fs:DRBM:85:directio
# ncpu secs works works/sec real.sec user.sec nice.sec sys.sec idle.sec iowait.sec irq.sec softirq.sec steal.sec guest.sec user.util nice.util sys.util idle.util iowait.util irq.util softirq.util steal.util guest.util

85 29.999629 5455378.000000 181848.180050 30.0924 2.55 0 2138.79 1344.18 99.72 0 0 0 0 0.0711249 0 59.6554 37.4921 2.7814 0 0 0 0

## nvme:f2fs:DRBM:84:directio
# ncpu secs works works/sec real.sec user.sec nice.sec sys.sec idle.sec iowait.sec irq.sec softirq.sec steal.sec guest.sec user.util nice.util sys.util idle.util iowait.util irq.util softirq.util steal.util guest.util

84 29.999711 4980290.000000 166011.267424 30.0921 2.09 0 2160.76 1340.06 88.5 0 0 0 0 0.0581944 0 60.1647 37.3129 2.46421 0 0 0 0

## nvme:f2fs:DRBM:83:directio
# ncpu secs works works/sec real.sec user.sec nice.sec sys.sec idle.sec iowait.sec irq.sec softirq.sec steal.sec guest.sec user.util nice.util sys.util idle.util iowait.util irq.util softirq.util steal.util guest.util

83 30.000097 5467603.000000 182252.844488 30.0915 2.49 0 2085.08 1403.68 95.43 0 0.01 0 0 0.0694233 0 58.1338 39.1358 2.66067 0 0.000278809 0 0

## nvme:f2fs:DRBM:82:directio
# ncpu secs works works/sec real.sec user.sec nice.sec sys.sec idle.sec iowait.sec irq.sec softirq.sec steal.sec guest.sec user.util nice.util sys.util idle.util iowait.util irq.util softirq.util steal.util guest.util

82 29.999796 5293306.000000 176444.732942 30.091 3.75 0 2076.51 1418.89 92.15 0 0.01 0 0 0.104419 0 57.8204 39.509 2.56592 0 0.00027845 0 0

## nvme:f2fs:DRBM:81:directio
# ncpu secs works works/sec real.sec user.sec nice.sec sys.sec idle.sec iowait.sec irq.sec softirq.sec steal.sec guest.sec user.util nice.util sys.util idle.util iowait.util irq.util softirq.util steal.util guest.util

81 29.999608 5313645.000000 177123.815584 30.0907 2.4 0 2047.08 1444.33 94.44 0 0 0 0 0.066885 0 57.0495 40.2517 2.63192 0 0 0 0

## nvme:f2fs:DRBM:80:directio
# ncpu secs works works/sec real.sec user.sec nice.sec sys.sec idle.sec iowait.sec irq.sec softirq.sec steal.sec guest.sec user.util nice.util sys.util idle.util iowait.util irq.util softirq.util steal.util guest.util

80 29.999696 5217628.000000 173922.695315 30.09 2.43 0 2029.49 1464.67 92.37 0 0.01 0 0 0.0677074 0 56.548 40.8103 2.57372 0 0.000278631 0 0

## nvme:f2fs:DRBM:79:directio
# ncpu secs works works/sec real.sec user.sec nice.sec sys.sec idle.sec iowait.sec irq.sec softirq.sec steal.sec guest.sec user.util nice.util sys.util idle.util iowait.util irq.util softirq.util steal.util guest.util

79 29.999558 5220696.000000 174025.761483 30.0902 2.24 0 1998.84 1500.29 88.56 0 0.01 0 0 0.0623966 0 55.6789 41.7915 2.46689 0 0.000278556 0 0

## nvme:f2fs:DRBM:78:directio
# ncpu secs works works/sec real.sec user.sec nice.sec sys.sec idle.sec iowait.sec irq.sec softirq.sec steal.sec guest.sec user.util nice.util sys.util idle.util iowait.util irq.util softirq.util steal.util guest.util

78 30.000144 5107853.000000 170260.947231 30.0906 2.11 0 1974.8 1524.31 88.84 0 0 0 0 0.0587734 0 55.0074 42.4592 2.47461 0 0 0 0

## nvme:f2fs:DRBM:77:directio
# ncpu secs works works/sec real.sec user.sec nice.sec sys.sec idle.sec iowait.sec irq.sec softirq.sec steal.sec guest.sec user.util nice.util sys.util idle.util iowait.util irq.util softirq.util steal.util guest.util

77 29.999854 5099892.000000 169997.229601 30.0914 2.2 0 1942.39 1555.17 89.97 0 0.01 0 0 0.0612858 0 54.1095 43.3226 2.50631 0 0.000278572 0 0

## nvme:f2fs:DRBM:76:directio
# ncpu secs works works/sec real.sec user.sec nice.sec sys.sec idle.sec iowait.sec irq.sec softirq.sec steal.sec guest.sec user.util nice.util sys.util idle.util iowait.util irq.util softirq.util steal.util guest.util

76 29.999474 5346273.000000 178212.227546 30.0913 2.47 0 1894.15 1594.85 96.55 0 0 0 0 0.0688402 0 52.791 44.4493 2.6909 0 0 0 0

## nvme:f2fs:DRBM:75:directio
# ncpu secs works works/sec real.sec user.sec nice.sec sys.sec idle.sec iowait.sec irq.sec softirq.sec steal.sec guest.sec user.util nice.util sys.util idle.util iowait.util irq.util softirq.util steal.util guest.util

75 29.999641 5374581.000000 179154.842851 30.0909 2.45 0 1866.97 1629.44 91.43 0 0 0 0 0.0682396 0 52.0005 45.3846 2.54659 0 0 0 0

## nvme:f2fs:DRBM:74:directio
# ncpu secs works works/sec real.sec user.sec nice.sec sys.sec idle.sec iowait.sec irq.sec softirq.sec steal.sec guest.sec user.util nice.util sys.util idle.util iowait.util irq.util softirq.util steal.util guest.util

74 29.999928 5154263.000000 171809.180402 30.0899 2.35 0 1849.08 1646.93 90.46 0 0 0 0 0.0654811 0 51.5233 45.8906 2.52061 0 0 0 0

## nvme:f2fs:DRBM:73:directio
# ncpu secs works works/sec real.sec user.sec nice.sec sys.sec idle.sec iowait.sec irq.sec softirq.sec steal.sec guest.sec user.util nice.util sys.util idle.util iowait.util irq.util softirq.util steal.util guest.util

73 29.999967 5401467.000000 180049.096163 30.0901 2.15 0 1804.96 1685.18 95.87 0 0 0 0 0.0599193 0 50.3032 46.965 2.67184 0 0 0 0

## nvme:f2fs:DRBM:72:directio
# ncpu secs works works/sec real.sec user.sec nice.sec sys.sec idle.sec iowait.sec irq.sec softirq.sec steal.sec guest.sec user.util nice.util sys.util idle.util iowait.util irq.util softirq.util steal.util guest.util

72 30.000082 5159679.000000 171988.828066 30.0897 2.39 0 1793.26 1706.49 87.35 0 0 0 0 0.0665833 0 49.9586 47.5413 2.43349 0 0 0 0

## nvme:f2fs:DRBM:71:directio
# ncpu secs works works/sec real.sec user.sec nice.sec sys.sec idle.sec iowait.sec irq.sec softirq.sec steal.sec guest.sec user.util nice.util sys.util idle.util iowait.util irq.util softirq.util steal.util guest.util

71 29.999402 5092578.000000 169755.984042 30.0907 3.38 0 1765.77 1736.7 86.77 0 0 0 0 0.0940818 0 49.1499 48.3408 2.41523 0 0 0 0

## nvme:f2fs:DRBM:70:directio
# ncpu secs works works/sec real.sec user.sec nice.sec sys.sec idle.sec iowait.sec irq.sec softirq.sec steal.sec guest.sec user.util nice.util sys.util idle.util iowait.util irq.util softirq.util steal.util guest.util

70 29.999774 5149022.000000 171635.357855 30.0891 2.31 0 1731.26 1765.93 90.3 0 0.01 0 0 0.0643488 0 48.2271 49.1929 2.51545 0 0.000278566 0 0

## nvme:f2fs:DRBM:69:directio
# ncpu secs works works/sec real.sec user.sec nice.sec sys.sec idle.sec iowait.sec irq.sec softirq.sec steal.sec guest.sec user.util nice.util sys.util idle.util iowait.util irq.util softirq.util steal.util guest.util

69 29.999619 5110991.000000 170368.529277 30.0894 2.3 0 1703.47 1793.37 90.67 0 0.01 0 0 0.0640701 0 47.4528 49.9571 2.52575 0 0.000278565 0 0

## nvme:f2fs:DRBM:68:directio
# ncpu secs works works/sec real.sec user.sec nice.sec sys.sec idle.sec iowait.sec irq.sec softirq.sec steal.sec guest.sec user.util nice.util sys.util idle.util iowait.util irq.util softirq.util steal.util guest.util

68 30.000121 5056929.000000 168563.620788 30.0891 1.93 0 1676.29 1825.74 84.99 0 0 0 0 0.0537762 0 46.707 50.8711 2.3681 0 0 0 0

## nvme:f2fs:DRBM:67:directio
# ncpu secs works works/sec real.sec user.sec nice.sec sys.sec idle.sec iowait.sec irq.sec softirq.sec steal.sec guest.sec user.util nice.util sys.util idle.util iowait.util irq.util softirq.util steal.util guest.util

67 30.000049 5163110.000000 172103.384366 30.0902 2.29 0 1641.94 1857.55 88.91 0 0 0 0 0.063776 0 45.7277 51.7324 2.47613 0 0 0 0

## nvme:f2fs:DRBM:66:directio
# ncpu secs works works/sec real.sec user.sec nice.sec sys.sec idle.sec iowait.sec irq.sec softirq.sec steal.sec guest.sec user.util nice.util sys.util idle.util iowait.util irq.util softirq.util steal.util guest.util

66 29.999846 5152273.000000 171743.314429 30.0891 2.26 0 1609.6 1886.41 90.16 0 0 0 0 0.0629802 0 44.8553 52.5692 2.51252 0 0 0 0

## nvme:f2fs:DRBM:65:directio
# ncpu secs works works/sec real.sec user.sec nice.sec sys.sec idle.sec iowait.sec irq.sec softirq.sec steal.sec guest.sec user.util nice.util sys.util idle.util iowait.util irq.util softirq.util steal.util guest.util

65 29.999757 5167969.000000 172267.026223 30.0891 2.38 0 1581.79 1913.29 92.37 0 0 0 0 0.0662984 0 44.0631 53.2975 2.5731 0 0 0 0

## nvme:f2fs:DRBM:64:directio
# ncpu secs works works/sec real.sec user.sec nice.sec sys.sec idle.sec iowait.sec irq.sec softirq.sec steal.sec guest.sec user.util nice.util sys.util idle.util iowait.util irq.util softirq.util steal.util guest.util

64 29.999901 5554371.000000 185146.310019 30.0893 2.3 0 1523.23 1968.46 94.54 0 0 0 0 0.0640931 0 42.4472 54.8542 2.6345 0 0 0 0

## nvme:f2fs:DRBM:63:directio
# ncpu secs works works/sec real.sec user.sec nice.sec sys.sec idle.sec iowait.sec irq.sec softirq.sec steal.sec guest.sec user.util nice.util sys.util idle.util iowait.util irq.util softirq.util steal.util guest.util

63 29.999874 5227631.000000 174255.099091 30.0892 2.24 0 1512.72 1982.47 91.53 0 0.01 0 0 0.0624135 0 42.1491 55.2379 2.55031 0 0.000278631 0 0

## nvme:f2fs:DRBM:62:directio
# ncpu secs works works/sec real.sec user.sec nice.sec sys.sec idle.sec iowait.sec irq.sec softirq.sec steal.sec guest.sec user.util nice.util sys.util idle.util iowait.util irq.util softirq.util steal.util guest.util

62 29.999972 5423699.000000 180790.133460 30.0886 2.3 0 1473.92 2018.6 94.99 0 0 0 0 0.0640702 0 41.0584 56.2314 2.6461 0 0 0 0

## nvme:f2fs:DRBM:61:directio
# ncpu secs works works/sec real.sec user.sec nice.sec sys.sec idle.sec iowait.sec irq.sec softirq.sec steal.sec guest.sec user.util nice.util sys.util idle.util iowait.util irq.util softirq.util steal.util guest.util

61 30.000148 5470773.000000 182358.200864 30.09 2.32 0 1435.03 2052.94 98.87 0 0.01 0 0 0.0646389 0 39.9822 57.1982 2.75468 0 0.000278616 0 0

## nvme:f2fs:DRBM:60:directio
# ncpu secs works works/sec real.sec user.sec nice.sec sys.sec idle.sec iowait.sec irq.sec softirq.sec steal.sec guest.sec user.util nice.util sys.util idle.util iowait.util irq.util softirq.util steal.util guest.util

60 29.999604 5221685.000000 174058.462014 30.0885 1.99 0 1422.57 2075.72 89.43 0 0 0 0 0.0554362 0 39.6291 57.8242 2.49129 0 0 0 0

## nvme:f2fs:DRBM:59:directio
# ncpu secs works works/sec real.sec user.sec nice.sec sys.sec idle.sec iowait.sec irq.sec softirq.sec steal.sec guest.sec user.util nice.util sys.util idle.util iowait.util irq.util softirq.util steal.util guest.util

59 30.000218 5320747.000000 177356.946043 30.0885 2.17 0 1384.42 2109.92 94.63 0 0.01 0 0 0.0604263 0 38.5509 58.7533 2.63509 0 0.000278462 0 0

## nvme:f2fs:DRBM:58:directio
# ncpu secs works works/sec real.sec user.sec nice.sec sys.sec idle.sec iowait.sec irq.sec softirq.sec steal.sec guest.sec user.util nice.util sys.util idle.util iowait.util irq.util softirq.util steal.util guest.util

58 29.999755 5447987.000000 181601.052038 30.089 2.24 0 1347.79 2142.26 97.31 0 0 0 0 0.0624025 0 37.5471 59.6796 2.71089 0 0 0 0

## nvme:f2fs:DRBM:57:directio
# ncpu secs works works/sec real.sec user.sec nice.sec sys.sec idle.sec iowait.sec irq.sec softirq.sec steal.sec guest.sec user.util nice.util sys.util idle.util iowait.util irq.util softirq.util steal.util guest.util

57 29.999861 5385300.000000 179510.833833 30.089 2.22 0 1321.13 2174.43 91.5 0 0 0 0 0.0618508 0 36.8077 60.5812 2.54926 0 0 0 0

## nvme:f2fs:DRBM:56:directio
# ncpu secs works works/sec real.sec user.sec nice.sec sys.sec idle.sec iowait.sec irq.sec softirq.sec steal.sec guest.sec user.util nice.util sys.util idle.util iowait.util irq.util softirq.util steal.util guest.util

56 29.999999 5556725.000000 185224.174605 30.0886 2.22 0 1242.76 2238.18 105.54 0 0.01 0 0 0.0618607 0 34.6297 62.3673 2.94089 0 0.000278652 0 0

## nvme:f2fs:DRBM:55:directio
# ncpu secs works works/sec real.sec user.sec nice.sec sys.sec idle.sec iowait.sec irq.sec softirq.sec steal.sec guest.sec user.util nice.util sys.util idle.util iowait.util irq.util softirq.util steal.util guest.util

55 30.000000 5491836.000000 183061.197892 30.0886 1.95 0 1242.9 2244.46 99.51 0 0.01 0 0 0.0543353 0 34.6325 62.5402 2.77277 0 0.000278642 0 0

## nvme:f2fs:DRBM:54:directio
# ncpu secs works works/sec real.sec user.sec nice.sec sys.sec idle.sec iowait.sec irq.sec softirq.sec steal.sec guest.sec user.util nice.util sys.util idle.util iowait.util irq.util softirq.util steal.util guest.util

54 29.999928 5749896.000000 191663.659520 30.0875 1.99 0 1183.79 2290.85 108.38 0 0 0 0 0.0555089 0 33.0205 63.9008 3.02314 0 0 0 0

## nvme:f2fs:DRBM:53:directio
# ncpu secs works works/sec real.sec user.sec nice.sec sys.sec idle.sec iowait.sec irq.sec softirq.sec steal.sec guest.sec user.util nice.util sys.util idle.util iowait.util irq.util softirq.util steal.util guest.util

53 29.999965 5258682.000000 175289.606820 30.0884 2.19 0 1197 2298.19 93.1 0 0.01 0 0 0.0609945 0 33.3381 64.0077 2.59296 0 0.000278514 0 0

## nvme:f2fs:DRBM:52:directio
# ncpu secs works works/sec real.sec user.sec nice.sec sys.sec idle.sec iowait.sec irq.sec softirq.sec steal.sec guest.sec user.util nice.util sys.util idle.util iowait.util irq.util softirq.util steal.util guest.util

52 29.999949 5674847.000000 189161.888121 30.0883 2.23 0 1125.67 2353.52 104.82 0 0 0 0 0.0621821 0 31.3886 65.6264 2.92284 0 0 0 0

## nvme:f2fs:DRBM:51:directio
# ncpu secs works works/sec real.sec user.sec nice.sec sys.sec idle.sec iowait.sec irq.sec softirq.sec steal.sec guest.sec user.util nice.util sys.util idle.util iowait.util irq.util softirq.util steal.util guest.util

51 30.000113 5210196.000000 173672.543563 30.089 2.08 0 1097.89 2380.52 107.86 0 0 0 0 0.0579654 0 30.596 66.3402 3.00584 0 0 0 0

## nvme:f2fs:DRBM:50:directio
# ncpu secs works works/sec real.sec user.sec nice.sec sys.sec idle.sec iowait.sec irq.sec softirq.sec steal.sec guest.sec user.util nice.util sys.util idle.util iowait.util irq.util softirq.util steal.util guest.util

50 29.999937 5416612.000000 180554.111293 30.0874 2.06 0 962.45 2482.96 137.05 0 0.02 0 0 0.057469 0 26.85 69.2686 3.82336 0 0.000557952 0 0

## nvme:f2fs:DRBM:49:directio
# ncpu secs works works/sec real.sec user.sec nice.sec sys.sec idle.sec iowait.sec irq.sec softirq.sec steal.sec guest.sec user.util nice.util sys.util idle.util iowait.util irq.util softirq.util steal.util guest.util

49 29.999781 5318751.000000 177292.995927 30.0881 2.11 0 987.51 2480.63 115.92 0 0 0 0 0.0588371 0 27.5366 69.1721 3.23242 0 0 0 0

## nvme:f2fs:DRBM:48:directio
# ncpu secs works works/sec real.sec user.sec nice.sec sys.sec idle.sec iowait.sec irq.sec softirq.sec steal.sec guest.sec user.util nice.util sys.util idle.util iowait.util irq.util softirq.util steal.util guest.util

48 30.000095 5555958.000000 185198.013925 30.088 2.09 0 931.17 2528.49 125.06 0 0.01 0 0 0.0582689 0 25.9609 70.4939 3.48665 0 0.000278798 0 0

## nvme:f2fs:DRBM:47:directio
# ncpu secs works works/sec real.sec user.sec nice.sec sys.sec idle.sec iowait.sec irq.sec softirq.sec steal.sec guest.sec user.util nice.util sys.util idle.util iowait.util irq.util softirq.util steal.util guest.util

47 30.000083 5650298.000000 188342.743181 30.0879 2.15 0 827.41 2607.88 146.8 0 0 0 0 0.0599848 0 23.0847 72.7596 4.09571 0 0 0 0

## nvme:f2fs:DRBM:46:directio
# ncpu secs works works/sec real.sec user.sec nice.sec sys.sec idle.sec iowait.sec irq.sec softirq.sec steal.sec guest.sec user.util nice.util sys.util idle.util iowait.util irq.util softirq.util steal.util guest.util

46 29.999890 5579763.000000 185992.781165 30.0871 2.19 0 832.24 2609.35 141.03 0 0.01 0 0 0.0610909 0 23.2157 72.7889 3.93409 0 0.000278954 0 0

## nvme:f2fs:DRBM:45:directio
# ncpu secs works works/sec real.sec user.sec nice.sec sys.sec idle.sec iowait.sec irq.sec softirq.sec steal.sec guest.sec user.util nice.util sys.util idle.util iowait.util irq.util softirq.util steal.util guest.util

45 30.000100 5428887.000000 180962.294514 30.088 1.96 0 776.06 2667.87 138.7 0 0.01 0 0 0.0546783 0 21.6498 74.4259 3.86933 0 0.000278971 0 0

## nvme:f2fs:DRBM:44:directio
# ncpu secs works works/sec real.sec user.sec nice.sec sys.sec idle.sec iowait.sec irq.sec softirq.sec steal.sec guest.sec user.util nice.util sys.util idle.util iowait.util irq.util softirq.util steal.util guest.util

44 30.000010 5580444.000000 186014.738700 30.0887 2.09 0 773.87 2670.63 134.82 0 0.01 0 0 0.0583567 0 21.6079 74.569 3.76443 0 0.000279219 0 0

## nvme:f2fs:DRBM:43:directio
# ncpu secs works works/sec real.sec user.sec nice.sec sys.sec idle.sec iowait.sec irq.sec softirq.sec steal.sec guest.sec user.util nice.util sys.util idle.util iowait.util irq.util softirq.util steal.util guest.util

43 30.000116 5358643.000000 178620.744743 30.0877 2.15 0 769.07 2681.87 131.62 0 0 0 0 0.059977 0 21.4542 74.8141 3.67171 0 0 0 0

## nvme:f2fs:DRBM:42:directio
# ncpu secs works works/sec real.sec user.sec nice.sec sys.sec idle.sec iowait.sec irq.sec softirq.sec steal.sec guest.sec user.util nice.util sys.util idle.util iowait.util irq.util softirq.util steal.util guest.util

42 30.000018 5429559.000000 180985.192845 30.0878 1.97 0 695.31 2750.76 134.91 0 0 0 0 0.0549826 0 19.4061 76.7736 3.76533 0 0 0 0

## nvme:f2fs:DRBM:41:directio
# ncpu secs works works/sec real.sec user.sec nice.sec sys.sec idle.sec iowait.sec irq.sec softirq.sec steal.sec guest.sec user.util nice.util sys.util idle.util iowait.util irq.util softirq.util steal.util guest.util

41 30.000004 5727336.000000 190911.176408 30.0868 1.96 0 592.46 2831.03 154.72 0 0 0 0 0.054746 0 16.5484 79.0753 4.32158 0 0 0 0

## nvme:f2fs:DRBM:40:directio
# ncpu secs works works/sec real.sec user.sec nice.sec sys.sec idle.sec iowait.sec irq.sec softirq.sec steal.sec guest.sec user.util nice.util sys.util idle.util iowait.util irq.util softirq.util steal.util guest.util

40 30.000075 5471335.000000 182377.376022 30.0871 1.81 0 589.39 2838.03 151.41 0 0 0 0 0.0505496 0 16.4605 79.2604 4.22857 0 0 0 0

## nvme:f2fs:DRBM:39:directio
# ncpu secs works works/sec real.sec user.sec nice.sec sys.sec idle.sec iowait.sec irq.sec softirq.sec steal.sec guest.sec user.util nice.util sys.util idle.util iowait.util irq.util softirq.util steal.util guest.util

39 30.000035 5723152.000000 190771.511093 30.0875 2.11 0 528.35 2889.04 164.12 0 0.01 0 0 0.0588788 0 14.7434 80.6177 4.57971 0 0.000279047 0 0

## nvme:f2fs:DRBM:38:directio
# ncpu secs works works/sec real.sec user.sec nice.sec sys.sec idle.sec iowait.sec irq.sec softirq.sec steal.sec guest.sec user.util nice.util sys.util idle.util iowait.util irq.util softirq.util steal.util guest.util

38 30.000072 5652649.000000 188421.182445 30.0877 1.93 0 493.72 2932 154.46 0 0.01 0 0 0.0538787 0 13.7829 81.851 4.31197 0 0.000279164 0 0

## nvme:f2fs:DRBM:37:directio
# ncpu secs works works/sec real.sec user.sec nice.sec sys.sec idle.sec iowait.sec irq.sec softirq.sec steal.sec guest.sec user.util nice.util sys.util idle.util iowait.util irq.util softirq.util steal.util guest.util

37 29.999949 5439158.000000 181305.574886 30.0883 1.92 0 482.37 2945.52 153.26 0 0.01 0 0 0.0535852 0 13.4624 82.2064 4.27733 0 0.000279089 0 0

## nvme:f2fs:DRBM:36:directio
# ncpu secs works works/sec real.sec user.sec nice.sec sys.sec idle.sec iowait.sec irq.sec softirq.sec steal.sec guest.sec user.util nice.util sys.util idle.util iowait.util irq.util softirq.util steal.util guest.util

36 29.999964 5499882.000000 183329.622712 30.0873 1.95 0 439.98 2980.43 160.91 0 0.01 0 0 0.0544194 0 12.2787 83.176 4.49058 0 0.000279074 0 0

## nvme:f2fs:DRBM:35:directio
# ncpu secs works works/sec real.sec user.sec nice.sec sys.sec idle.sec iowait.sec irq.sec softirq.sec steal.sec guest.sec user.util nice.util sys.util idle.util iowait.util irq.util softirq.util steal.util guest.util

35 30.000079 5718361.000000 190611.530663 30.0873 2.1 0 382.56 3026.9 170.92 0 0.02 0 0 0.0586183 0 10.6786 84.4913 4.77097 0 0.000558269 0 0

## nvme:f2fs:DRBM:34:directio
# ncpu secs works works/sec real.sec user.sec nice.sec sys.sec idle.sec iowait.sec irq.sec softirq.sec steal.sec guest.sec user.util nice.util sys.util idle.util iowait.util irq.util softirq.util steal.util guest.util

34 30.000117 5840749.000000 194690.872321 30.087 1.99 0 361.83 3063.72 156.41 0 0.01 0 0 0.0555252 0 10.0958 85.4842 4.36417 0 0.000279021 0 0

## nvme:f2fs:DRBM:33:directio
# ncpu secs works works/sec real.sec user.sec nice.sec sys.sec idle.sec iowait.sec irq.sec softirq.sec steal.sec guest.sec user.util nice.util sys.util idle.util iowait.util irq.util softirq.util steal.util guest.util

33 30.000029 5765585.000000 192185.981081 30.0864 2 0 344.42 3079.18 158.32 0 0.01 0 0 0.0558047 0 9.61012 85.9163 4.4175 0 0.000279023 0 0

## nvme:f2fs:DRBM:32:directio
# ncpu secs works works/sec real.sec user.sec nice.sec sys.sec idle.sec iowait.sec irq.sec softirq.sec steal.sec guest.sec user.util nice.util sys.util idle.util iowait.util irq.util softirq.util steal.util guest.util

32 29.999976 6255434.000000 208514.633261 30.0864 1.75 0 169.73 3199.98 197.4 0 0 0 0 0.0490353 0 4.75586 89.6639 5.53118 0 0 0 0

## nvme:f2fs:DRBM:31:directio
# ncpu secs works works/sec real.sec user.sec nice.sec sys.sec idle.sec iowait.sec irq.sec softirq.sec steal.sec guest.sec user.util nice.util sys.util idle.util iowait.util irq.util softirq.util steal.util guest.util

31 29.999971 6027480.000000 200916.192923 30.0866 2.02 0 173.4 3200.93 194.75 0 0.01 0 0 0.056565 0 4.85563 89.634 5.45349 0 0.000280025 0 0

## nvme:f2fs:DRBM:30:directio
# ncpu secs works works/sec real.sec user.sec nice.sec sys.sec idle.sec iowait.sec irq.sec softirq.sec steal.sec guest.sec user.util nice.util sys.util idle.util iowait.util irq.util softirq.util steal.util guest.util

30 29.999986 5927968.000000 197599.022692 30.0863 1.96 0 155.17 3240.36 176.86 0 0.02 0 0 0.0548348 0 4.34118 90.6554 4.948 0 0.000559539 0 0

## nvme:f2fs:DRBM:29:directio
# ncpu secs works works/sec real.sec user.sec nice.sec sys.sec idle.sec iowait.sec irq.sec softirq.sec steal.sec guest.sec user.util nice.util sys.util idle.util iowait.util irq.util softirq.util steal.util guest.util

29 30.000008 6012851.000000 200428.312989 30.0863 2.02 0 117.19 3272.36 187.75 0 0.02 0 0 0.056435 0 3.27407 91.4236 5.24538 0 0.000558762 0 0

## nvme:f2fs:DRBM:28:directio
# ncpu secs works works/sec real.sec user.sec nice.sec sys.sec idle.sec iowait.sec irq.sec softirq.sec steal.sec guest.sec user.util nice.util sys.util idle.util iowait.util irq.util softirq.util steal.util guest.util

28 29.999985 5913594.000000 197119.899733 30.0866 2.05 0 115.16 3275.87 186.4 0 0.03 0 0 0.0572704 0 3.2172 91.5173 5.20742 0 0.000838104 0 0

## nvme:f2fs:DRBM:27:directio
# ncpu secs works works/sec real.sec user.sec nice.sec sys.sec idle.sec iowait.sec irq.sec softirq.sec steal.sec guest.sec user.util nice.util sys.util idle.util iowait.util irq.util softirq.util steal.util guest.util

27 30.000058 5840863.000000 194695.058125 30.0867 2.08 0 101.98 3315.03 164.41 0 0.02 0 0 0.0580435 0 2.84581 92.5076 4.58795 0 0.00055811 0 0

## nvme:f2fs:DRBM:26:directio
# ncpu secs works works/sec real.sec user.sec nice.sec sys.sec idle.sec iowait.sec irq.sec softirq.sec steal.sec guest.sec user.util nice.util sys.util idle.util iowait.util irq.util softirq.util steal.util guest.util

26 30.000026 5768523.000000 192283.934093 30.0866 1.81 0 96.99 3320 164.98 0 0.02 0 0 0.0505051 0 2.70635 92.6391 4.60349 0 0.000558067 0 0

## nvme:f2fs:DRBM:25:directio
# ncpu secs works works/sec real.sec user.sec nice.sec sys.sec idle.sec iowait.sec irq.sec softirq.sec steal.sec guest.sec user.util nice.util sys.util idle.util iowait.util irq.util softirq.util steal.util guest.util

25 29.999991 5634129.000000 187804.355089 30.0867 1.91 0 92.93 3323.98 166.37 0 0 0 0 0.0532747 0 2.59205 92.7142 4.64048 0 0 0 0

## nvme:f2fs:DRBM:24:directio
# ncpu secs works works/sec real.sec user.sec nice.sec sys.sec idle.sec iowait.sec irq.sec softirq.sec steal.sec guest.sec user.util nice.util sys.util idle.util iowait.util irq.util softirq.util steal.util guest.util

24 30.000002 5471432.000000 182381.053241 30.087 1.96 0 91.09 3326.81 165.51 0 0.01 0 0 0.0546665 0 2.5406 92.7882 4.61625 0 0.00027891 0 0

## nvme:f2fs:DRBM:23:directio
# ncpu secs works works/sec real.sec user.sec nice.sec sys.sec idle.sec iowait.sec irq.sec softirq.sec steal.sec guest.sec user.util nice.util sys.util idle.util iowait.util irq.util softirq.util steal.util guest.util

23 30.000013 5316500.000000 177216.592184 30.0938 1.94 0 89.48 3357.45 139.9 0 0.02 0 0 0.0540572 0 2.49332 93.5538 3.89825 0 0.000557291 0 0

## nvme:f2fs:DRBM:22:directio
# ncpu secs works works/sec real.sec user.sec nice.sec sys.sec idle.sec iowait.sec irq.sec softirq.sec steal.sec guest.sec user.util nice.util sys.util idle.util iowait.util irq.util softirq.util steal.util guest.util

22 30.000027 5181362.000000 172711.908609 30.0862 1.82 0 85.17 3360.25 140.59 0 0.03 0 0 0.0507266 0 2.37384 93.6561 3.91849 0 0.000836153 0 0

## nvme:f2fs:DRBM:21:directio
# ncpu secs works works/sec real.sec user.sec nice.sec sys.sec idle.sec iowait.sec irq.sec softirq.sec steal.sec guest.sec user.util nice.util sys.util idle.util iowait.util irq.util softirq.util steal.util guest.util

21 30.000036 5069092.000000 168969.528424 30.0884 1.8 0 74.85 3368.85 143.26 0 0.01 0 0 0.0501565 0 2.08567 93.872 3.9919 0 0.000278647 0 0

## nvme:f2fs:DRBM:20:directio
# ncpu secs works works/sec real.sec user.sec nice.sec sys.sec idle.sec iowait.sec irq.sec softirq.sec steal.sec guest.sec user.util nice.util sys.util idle.util iowait.util irq.util softirq.util steal.util guest.util

20 30.000116 4887111.000000 162903.072552 30.0862 1.69 0 74.02 3370.02 141.8 0 0.01 0 0 0.0471075 0 2.06325 93.9368 3.95257 0 0.000278743 0 0

## nvme:f2fs:DRBM:19:directio
# ncpu secs works works/sec real.sec user.sec nice.sec sys.sec idle.sec iowait.sec irq.sec softirq.sec steal.sec guest.sec user.util nice.util sys.util idle.util iowait.util irq.util softirq.util steal.util guest.util

19 30.000063 4837870.000000 161261.993834 30.087 1.54 0 67.38 3405.09 117.94 0 0 0 0 0.0428736 0 1.87586 94.7978 3.28345 0 0 0 0

## nvme:f2fs:DRBM:18:directio
# ncpu secs works works/sec real.sec user.sec nice.sec sys.sec idle.sec iowait.sec irq.sec softirq.sec steal.sec guest.sec user.util nice.util sys.util idle.util iowait.util irq.util softirq.util steal.util guest.util

18 30.000049 4737543.000000 157917.840605 30.0863 1.53 0 63.88 3407.56 118.59 0 0 0 0 0.0425999 0 1.77861 94.8769 3.30191 0 0 0 0

## nvme:f2fs:DRBM:17:directio
# ncpu secs works works/sec real.sec user.sec nice.sec sys.sec idle.sec iowait.sec irq.sec softirq.sec steal.sec guest.sec user.util nice.util sys.util idle.util iowait.util irq.util softirq.util steal.util guest.util

17 30.000023 4626281.000000 154209.246625 30.0864 1.59 0 59.6 3410.17 119.18 0 0.02 0 0 0.0442828 0 1.65991 94.976 3.31926 0 0.000557016 0 0

## nvme:f2fs:DRBM:16:directio
# ncpu secs works works/sec real.sec user.sec nice.sec sys.sec idle.sec iowait.sec irq.sec softirq.sec steal.sec guest.sec user.util nice.util sys.util idle.util iowait.util irq.util softirq.util steal.util guest.util

16 30.000074 4609268.000000 153641.888644 30.0862 1.6 0 54.36 3416.66 119.68 0 0.01 0 0 0.0445396 0 1.51323 95.1104 3.33156 0 0.000278372 0 0

## nvme:f2fs:DRBM:15:directio
# ncpu secs works works/sec real.sec user.sec nice.sec sys.sec idle.sec iowait.sec irq.sec softirq.sec steal.sec guest.sec user.util nice.util sys.util idle.util iowait.util irq.util softirq.util steal.util guest.util

15 30.000008 4744696.000000 158156.489401 30.0863 1.57 0 40.45 3454.07 95.51 0 0.01 0 0 0.043713 0 1.12624 96.1705 2.65925 0 0.000278427 0 0

## nvme:f2fs:DRBM:14:directio
# ncpu secs works works/sec real.sec user.sec nice.sec sys.sec idle.sec iowait.sec irq.sec softirq.sec steal.sec guest.sec user.util nice.util sys.util idle.util iowait.util irq.util softirq.util steal.util guest.util

14 30.000017 4689038.000000 156301.177724 30.0856 1.45 0 35.6 3458.41 96.8 0 0 0 0 0.0403646 0 0.99102 96.2739 2.69468 0 0 0 0

## nvme:f2fs:DRBM:13:directio
# ncpu secs works works/sec real.sec user.sec nice.sec sys.sec idle.sec iowait.sec irq.sec softirq.sec steal.sec guest.sec user.util nice.util sys.util idle.util iowait.util irq.util softirq.util steal.util guest.util

13 30.000092 4508013.000000 150266.639953 30.0857 1.48 0 33.1 3460.57 97.52 0 0.01 0 0 0.0411949 0 0.921318 96.3228 2.71441 0 0.000278344 0 0

## nvme:f2fs:DRBM:12:directio
# ncpu secs works works/sec real.sec user.sec nice.sec sys.sec idle.sec iowait.sec irq.sec softirq.sec steal.sec guest.sec user.util nice.util sys.util idle.util iowait.util irq.util softirq.util steal.util guest.util

12 30.000035 4364875.000000 145495.664801 30.0863 1.26 0 31.32 3491.07 69.71 0 0.01 0 0 0.0350646 0 0.871605 97.1531 1.93996 0 0.00027829 0 0

## nvme:f2fs:DRBM:11:directio
# ncpu secs works works/sec real.sec user.sec nice.sec sys.sec idle.sec iowait.sec irq.sec softirq.sec steal.sec guest.sec user.util nice.util sys.util idle.util iowait.util irq.util softirq.util steal.util guest.util

11 30.000056 3898380.000000 129945.755466 30.0869 1.12 0 29.26 3493.33 70.36 0 0 0 0 0.0311624 0 0.814119 97.197 1.95767 0 0 0 0

## nvme:f2fs:DRBM:10:directio
# ncpu secs works works/sec real.sec user.sec nice.sec sys.sec idle.sec iowait.sec irq.sec softirq.sec steal.sec guest.sec user.util nice.util sys.util idle.util iowait.util irq.util softirq.util steal.util guest.util

10 30.000091 3512461.000000 117081.677795 30.0856 1.05 0 27.89 3497.26 71.27 0 0 0 0 0.0291872 0 0.775267 97.2144 1.98111 0 0 0 0

## nvme:f2fs:DRBM:9:directio
# ncpu secs works works/sec real.sec user.sec nice.sec sys.sec idle.sec iowait.sec irq.sec softirq.sec steal.sec guest.sec user.util nice.util sys.util idle.util iowait.util irq.util softirq.util steal.util guest.util

9 30.000063 3143165.000000 104771.947422 30.0862 0.99 0 23.08 3502.14 72.27 0 0 0 0 0.0275116 0 0.641382 97.3228 2.00835 0 0 0 0

## nvme:f2fs:DRBM:8:directio
# ncpu secs works works/sec real.sec user.sec nice.sec sys.sec idle.sec iowait.sec irq.sec softirq.sec steal.sec guest.sec user.util nice.util sys.util idle.util iowait.util irq.util softirq.util steal.util guest.util

8 30.000007 2770564.000000 92352.112169 30.0858 0.83 0 18.29 3532.01 47.65 0 0.02 0 0 0.0230632 0 0.508225 98.1441 1.32405 0 0.000555741 0 0

## nvme:f2fs:DRBM:7:directio
# ncpu secs works works/sec real.sec user.sec nice.sec sys.sec idle.sec iowait.sec irq.sec softirq.sec steal.sec guest.sec user.util nice.util sys.util idle.util iowait.util irq.util softirq.util steal.util guest.util

7 30.000109 2401607.000000 80053.274663 30.0857 0.83 0 17.34 3534.98 48.16 0 0 0 0 0.0230472 0 0.481491 98.1582 1.33729 0 0 0 0

## nvme:f2fs:DRBM:6:directio
# ncpu secs works works/sec real.sec user.sec nice.sec sys.sec idle.sec iowait.sec irq.sec softirq.sec steal.sec guest.sec user.util nice.util sys.util idle.util iowait.util irq.util softirq.util steal.util guest.util

6 30.000084 2105216.000000 70173.669011 30.0856 0.75 0 15.83 3537.57 48.62 0 0.01 0 0 0.0208173 0 0.439383 98.19 1.34951 0 0.000277563 0 0

## nvme:f2fs:DRBM:5:directio
# ncpu secs works works/sec real.sec user.sec nice.sec sys.sec idle.sec iowait.sec irq.sec softirq.sec steal.sec guest.sec user.util nice.util sys.util idle.util iowait.util irq.util softirq.util steal.util guest.util

5 30.000061 1739774.000000 57992.347976 30.0864 0.62 0 12.81 3540.91 49.61 0 0 0 0 0.0172033 0 0.355443 98.2508 1.37655 0 0 0 0

## nvme:f2fs:DRBM:4:directio
# ncpu secs works works/sec real.sec user.sec nice.sec sys.sec idle.sec iowait.sec irq.sec softirq.sec steal.sec guest.sec user.util nice.util sys.util idle.util iowait.util irq.util softirq.util steal.util guest.util

4 30.000131 1379822.000000 45993.865444 30.0855 0.49 0 11.07 3570.99 23.81 0 0.01 0 0 0.0135871 0 0.306957 99.019 0.660221 0 0.000277287 0 0

## nvme:f2fs:DRBM:3:directio
# ncpu secs works works/sec real.sec user.sec nice.sec sys.sec idle.sec iowait.sec irq.sec softirq.sec steal.sec guest.sec user.util nice.util sys.util idle.util iowait.util irq.util softirq.util steal.util guest.util

3 30.000056 1176332.000000 39210.993037 30.0863 0.44 0 8.48 3573.38 23.97 0 0 0 0 0.012201 0 0.235146 99.088 0.664676 0 0 0 0

## nvme:f2fs:DRBM:2:directio
# ncpu secs works works/sec real.sec user.sec nice.sec sys.sec idle.sec iowait.sec irq.sec softirq.sec steal.sec guest.sec user.util nice.util sys.util idle.util iowait.util irq.util softirq.util steal.util guest.util

2 30.000070 660812.000000 22027.015270 30.0863 0.36 0 5.32 3577.3 25.76 0 0.01 0 0 0.00997575 0 0.147419 99.1285 0.713821 0 0.000277104 0 0

## nvme:f2fs:DRBM:1:directio
# ncpu secs works works/sec real.sec user.sec nice.sec sys.sec idle.sec iowait.sec irq.sec softirq.sec steal.sec guest.sec user.util nice.util sys.util idle.util iowait.util irq.util softirq.util steal.util guest.util

1 30.000079 515635.000000 17187.788072 30.0854 0.23 0 2.74 3579.99 25.17 0 0 0 0 0.00637449 0 0.0759396 99.2201 0.697591 0 0 0 0

### NUM_TEST_CONF  = 120
